The system is: Linux - 5.19.0-43-generic - x86_64
Compiling the C compiler identification source file "CMakeCCompilerId.c" succeeded.
Compiler: /usr/bin/cc 
Build flags: 
Id flags:  

The output was:
0


Compilation of the C compiler identification source "CMakeCCompilerId.c" produced "a.out"

The C compiler identification is GNU, found in "/home/jalil/Desktop/Never_list_MAIN/CoreParseLib/lib/json-c-build/CMakeFiles/3.22.1/CompilerIdC/a.out"

Detecting C compiler ABI info compiled with the following output:
Change Dir: /home/jalil/Desktop/Never_list_MAIN/CoreParseLib/lib/json-c-build/CMakeFiles/CMakeTmp

Run Build Command(s):/usr/bin/gmake -f Makefile cmTC_e2180/fast && /usr/bin/gmake  -f CMakeFiles/cmTC_e2180.dir/build.make CMakeFiles/cmTC_e2180.dir/build
gmake[1]: Entering directory '/home/jalil/Desktop/Never_list_MAIN/CoreParseLib/lib/json-c-build/CMakeFiles/CMakeTmp'
Building C object CMakeFiles/cmTC_e2180.dir/CMakeCCompilerABI.c.o
/usr/bin/cc   -v -o CMakeFiles/cmTC_e2180.dir/CMakeCCompilerABI.c.o -c /usr/share/cmake-3.22/Modules/CMakeCCompilerABI.c
Using built-in specs.
COLLECT_GCC=/usr/bin/cc
OFFLOAD_TARGET_NAMES=nvptx-none:amdgcn-amdhsa
OFFLOAD_TARGET_DEFAULT=1
Target: x86_64-linux-gnu
Configured with: ../src/configure -v --with-pkgversion='Ubuntu 11.3.0-1ubuntu1~22.04.1' --with-bugurl=file:///usr/share/doc/gcc-11/README.Bugs --enable-languages=c,ada,c++,go,brig,d,fortran,objc,obj-c++,m2 --prefix=/usr --with-gcc-major-version-only --program-suffix=-11 --program-prefix=x86_64-linux-gnu- --enable-shared --enable-linker-build-id --libexecdir=/usr/lib --without-included-gettext --enable-threads=posix --libdir=/usr/lib --enable-nls --enable-bootstrap --enable-clocale=gnu --enable-libstdcxx-debug --enable-libstdcxx-time=yes --with-default-libstdcxx-abi=new --enable-gnu-unique-object --disable-vtable-verify --enable-plugin --enable-default-pie --with-system-zlib --enable-libphobos-checking=release --with-target-system-zlib=auto --enable-objc-gc=auto --enable-multiarch --disable-werror --enable-cet --with-arch-32=i686 --with-abi=m64 --with-multilib-list=m32,m64,mx32 --enable-multilib --with-tune=generic --enable-offload-targets=nvptx-none=/build/gcc-11-aYxV0E/gcc-11-11.3.0/debian/tmp-nvptx/usr,amdgcn-amdhsa=/build/gcc-11-aYxV0E/gcc-11-11.3.0/debian/tmp-gcn/usr --without-cuda-driver --enable-checking=release --build=x86_64-linux-gnu --host=x86_64-linux-gnu --target=x86_64-linux-gnu --with-build-config=bootstrap-lto-lean --enable-link-serialization=2
Thread model: posix
Supported LTO compression algorithms: zlib zstd
gcc version 11.3.0 (Ubuntu 11.3.0-1ubuntu1~22.04.1) 
COLLECT_GCC_OPTIONS='-v' '-o' 'CMakeFiles/cmTC_e2180.dir/CMakeCCompilerABI.c.o' '-c' '-mtune=generic' '-march=x86-64' '-dumpdir' 'CMakeFiles/cmTC_e2180.dir/'
 /usr/lib/gcc/x86_64-linux-gnu/11/cc1 -quiet -v -imultiarch x86_64-linux-gnu /usr/share/cmake-3.22/Modules/CMakeCCompilerABI.c -quiet -dumpdir CMakeFiles/cmTC_e2180.dir/ -dumpbase CMakeCCompilerABI.c.c -dumpbase-ext .c -mtune=generic -march=x86-64 -version -fasynchronous-unwind-tables -fstack-protector-strong -Wformat -Wformat-security -fstack-clash-protection -fcf-protection -o /tmp/ccmyhNHD.s
GNU C17 (Ubuntu 11.3.0-1ubuntu1~22.04.1) version 11.3.0 (x86_64-linux-gnu)
	compiled by GNU C version 11.3.0, GMP version 6.2.1, MPFR version 4.1.0, MPC version 1.2.1, isl version isl-0.24-GMP

GGC heuristics: --param ggc-min-expand=100 --param ggc-min-heapsize=131072
ignoring nonexistent directory "/usr/local/include/x86_64-linux-gnu"
ignoring nonexistent directory "/usr/lib/gcc/x86_64-linux-gnu/11/include-fixed"
ignoring nonexistent directory "/usr/lib/gcc/x86_64-linux-gnu/11/../../../../x86_64-linux-gnu/include"
#include "..." search starts here:
#include <...> search starts here:
 /usr/lib/gcc/x86_64-linux-gnu/11/include
 /usr/local/include
 /usr/include/x86_64-linux-gnu
 /usr/include
End of search list.
GNU C17 (Ubuntu 11.3.0-1ubuntu1~22.04.1) version 11.3.0 (x86_64-linux-gnu)
	compiled by GNU C version 11.3.0, GMP version 6.2.1, MPFR version 4.1.0, MPC version 1.2.1, isl version isl-0.24-GMP

GGC heuristics: --param ggc-min-expand=100 --param ggc-min-heapsize=131072
Compiler executable checksum: e13e2dc98bfa673227c4000e476a9388
COLLECT_GCC_OPTIONS='-v' '-o' 'CMakeFiles/cmTC_e2180.dir/CMakeCCompilerABI.c.o' '-c' '-mtune=generic' '-march=x86-64' '-dumpdir' 'CMakeFiles/cmTC_e2180.dir/'
 as -v --64 -o CMakeFiles/cmTC_e2180.dir/CMakeCCompilerABI.c.o /tmp/ccmyhNHD.s
GNU assembler version 2.38 (x86_64-linux-gnu) using BFD version (GNU Binutils for Ubuntu) 2.38
COMPILER_PATH=/usr/lib/gcc/x86_64-linux-gnu/11/:/usr/lib/gcc/x86_64-linux-gnu/11/:/usr/lib/gcc/x86_64-linux-gnu/:/usr/lib/gcc/x86_64-linux-gnu/11/:/usr/lib/gcc/x86_64-linux-gnu/
LIBRARY_PATH=/usr/lib/gcc/x86_64-linux-gnu/11/:/usr/lib/gcc/x86_64-linux-gnu/11/../../../x86_64-linux-gnu/:/usr/lib/gcc/x86_64-linux-gnu/11/../../../../lib/:/lib/x86_64-linux-gnu/:/lib/../lib/:/usr/lib/x86_64-linux-gnu/:/usr/lib/../lib/:/usr/lib/gcc/x86_64-linux-gnu/11/../../../:/lib/:/usr/lib/
COLLECT_GCC_OPTIONS='-v' '-o' 'CMakeFiles/cmTC_e2180.dir/CMakeCCompilerABI.c.o' '-c' '-mtune=generic' '-march=x86-64' '-dumpdir' 'CMakeFiles/cmTC_e2180.dir/CMakeCCompilerABI.c.'
Linking C executable cmTC_e2180
/usr/bin/cmake -E cmake_link_script CMakeFiles/cmTC_e2180.dir/link.txt --verbose=1
/usr/bin/cc  -v CMakeFiles/cmTC_e2180.dir/CMakeCCompilerABI.c.o -o cmTC_e2180 
Using built-in specs.
COLLECT_GCC=/usr/bin/cc
COLLECT_LTO_WRAPPER=/usr/lib/gcc/x86_64-linux-gnu/11/lto-wrapper
OFFLOAD_TARGET_NAMES=nvptx-none:amdgcn-amdhsa
OFFLOAD_TARGET_DEFAULT=1
Target: x86_64-linux-gnu
Configured with: ../src/configure -v --with-pkgversion='Ubuntu 11.3.0-1ubuntu1~22.04.1' --with-bugurl=file:///usr/share/doc/gcc-11/README.Bugs --enable-languages=c,ada,c++,go,brig,d,fortran,objc,obj-c++,m2 --prefix=/usr --with-gcc-major-version-only --program-suffix=-11 --program-prefix=x86_64-linux-gnu- --enable-shared --enable-linker-build-id --libexecdir=/usr/lib --without-included-gettext --enable-threads=posix --libdir=/usr/lib --enable-nls --enable-bootstrap --enable-clocale=gnu --enable-libstdcxx-debug --enable-libstdcxx-time=yes --with-default-libstdcxx-abi=new --enable-gnu-unique-object --disable-vtable-verify --enable-plugin --enable-default-pie --with-system-zlib --enable-libphobos-checking=release --with-target-system-zlib=auto --enable-objc-gc=auto --enable-multiarch --disable-werror --enable-cet --with-arch-32=i686 --with-abi=m64 --with-multilib-list=m32,m64,mx32 --enable-multilib --with-tune=generic --enable-offload-targets=nvptx-none=/build/gcc-11-aYxV0E/gcc-11-11.3.0/debian/tmp-nvptx/usr,amdgcn-amdhsa=/build/gcc-11-aYxV0E/gcc-11-11.3.0/debian/tmp-gcn/usr --without-cuda-driver --enable-checking=release --build=x86_64-linux-gnu --host=x86_64-linux-gnu --target=x86_64-linux-gnu --with-build-config=bootstrap-lto-lean --enable-link-serialization=2
Thread model: posix
Supported LTO compression algorithms: zlib zstd
gcc version 11.3.0 (Ubuntu 11.3.0-1ubuntu1~22.04.1) 
COMPILER_PATH=/usr/lib/gcc/x86_64-linux-gnu/11/:/usr/lib/gcc/x86_64-linux-gnu/11/:/usr/lib/gcc/x86_64-linux-gnu/:/usr/lib/gcc/x86_64-linux-gnu/11/:/usr/lib/gcc/x86_64-linux-gnu/
LIBRARY_PATH=/usr/lib/gcc/x86_64-linux-gnu/11/:/usr/lib/gcc/x86_64-linux-gnu/11/../../../x86_64-linux-gnu/:/usr/lib/gcc/x86_64-linux-gnu/11/../../../../lib/:/lib/x86_64-linux-gnu/:/lib/../lib/:/usr/lib/x86_64-linux-gnu/:/usr/lib/../lib/:/usr/lib/gcc/x86_64-linux-gnu/11/../../../:/lib/:/usr/lib/
COLLECT_GCC_OPTIONS='-v' '-o' 'cmTC_e2180' '-mtune=generic' '-march=x86-64' '-dumpdir' 'cmTC_e2180.'
 /usr/lib/gcc/x86_64-linux-gnu/11/collect2 -plugin /usr/lib/gcc/x86_64-linux-gnu/11/liblto_plugin.so -plugin-opt=/usr/lib/gcc/x86_64-linux-gnu/11/lto-wrapper -plugin-opt=-fresolution=/tmp/ccHcHga0.res -plugin-opt=-pass-through=-lgcc -plugin-opt=-pass-through=-lgcc_s -plugin-opt=-pass-through=-lc -plugin-opt=-pass-through=-lgcc -plugin-opt=-pass-through=-lgcc_s --build-id --eh-frame-hdr -m elf_x86_64 --hash-style=gnu --as-needed -dynamic-linker /lib64/ld-linux-x86-64.so.2 -pie -z now -z relro -o cmTC_e2180 /usr/lib/gcc/x86_64-linux-gnu/11/../../../x86_64-linux-gnu/Scrt1.o /usr/lib/gcc/x86_64-linux-gnu/11/../../../x86_64-linux-gnu/crti.o /usr/lib/gcc/x86_64-linux-gnu/11/crtbeginS.o -L/usr/lib/gcc/x86_64-linux-gnu/11 -L/usr/lib/gcc/x86_64-linux-gnu/11/../../../x86_64-linux-gnu -L/usr/lib/gcc/x86_64-linux-gnu/11/../../../../lib -L/lib/x86_64-linux-gnu -L/lib/../lib -L/usr/lib/x86_64-linux-gnu -L/usr/lib/../lib -L/usr/lib/gcc/x86_64-linux-gnu/11/../../.. CMakeFiles/cmTC_e2180.dir/CMakeCCompilerABI.c.o -lgcc --push-state --as-needed -lgcc_s --pop-state -lc -lgcc --push-state --as-needed -lgcc_s --pop-state /usr/lib/gcc/x86_64-linux-gnu/11/crtendS.o /usr/lib/gcc/x86_64-linux-gnu/11/../../../x86_64-linux-gnu/crtn.o
COLLECT_GCC_OPTIONS='-v' '-o' 'cmTC_e2180' '-mtune=generic' '-march=x86-64' '-dumpdir' 'cmTC_e2180.'
gmake[1]: Leaving directory '/home/jalil/Desktop/Never_list_MAIN/CoreParseLib/lib/json-c-build/CMakeFiles/CMakeTmp'



Parsed C implicit include dir info from above output: rv=done
  found start of include info
  found start of implicit include info
    add: [/usr/lib/gcc/x86_64-linux-gnu/11/include]
    add: [/usr/local/include]
    add: [/usr/include/x86_64-linux-gnu]
    add: [/usr/include]
  end of search list found
  collapse include dir [/usr/lib/gcc/x86_64-linux-gnu/11/include] ==> [/usr/lib/gcc/x86_64-linux-gnu/11/include]
  collapse include dir [/usr/local/include] ==> [/usr/local/include]
  collapse include dir [/usr/include/x86_64-linux-gnu] ==> [/usr/include/x86_64-linux-gnu]
  collapse include dir [/usr/include] ==> [/usr/include]
  implicit include dirs: [/usr/lib/gcc/x86_64-linux-gnu/11/include;/usr/local/include;/usr/include/x86_64-linux-gnu;/usr/include]


Parsed C implicit link information from above output:
  link line regex: [^( *|.*[/\])(ld|CMAKE_LINK_STARTFILE-NOTFOUND|([^/\]+-)?ld|collect2)[^/\]*( |$)]
  ignore line: [Change Dir: /home/jalil/Desktop/Never_list_MAIN/CoreParseLib/lib/json-c-build/CMakeFiles/CMakeTmp]
  ignore line: []
  ignore line: [Run Build Command(s):/usr/bin/gmake -f Makefile cmTC_e2180/fast && /usr/bin/gmake  -f CMakeFiles/cmTC_e2180.dir/build.make CMakeFiles/cmTC_e2180.dir/build]
  ignore line: [gmake[1]: Entering directory '/home/jalil/Desktop/Never_list_MAIN/CoreParseLib/lib/json-c-build/CMakeFiles/CMakeTmp']
  ignore line: [Building C object CMakeFiles/cmTC_e2180.dir/CMakeCCompilerABI.c.o]
  ignore line: [/usr/bin/cc   -v -o CMakeFiles/cmTC_e2180.dir/CMakeCCompilerABI.c.o -c /usr/share/cmake-3.22/Modules/CMakeCCompilerABI.c]
  ignore line: [Using built-in specs.]
  ignore line: [COLLECT_GCC=/usr/bin/cc]
  ignore line: [OFFLOAD_TARGET_NAMES=nvptx-none:amdgcn-amdhsa]
  ignore line: [OFFLOAD_TARGET_DEFAULT=1]
  ignore line: [Target: x86_64-linux-gnu]
  ignore line: [Configured with: ../src/configure -v --with-pkgversion='Ubuntu 11.3.0-1ubuntu1~22.04.1' --with-bugurl=file:///usr/share/doc/gcc-11/README.Bugs --enable-languages=c ada c++ go brig d fortran objc obj-c++ m2 --prefix=/usr --with-gcc-major-version-only --program-suffix=-11 --program-prefix=x86_64-linux-gnu- --enable-shared --enable-linker-build-id --libexecdir=/usr/lib --without-included-gettext --enable-threads=posix --libdir=/usr/lib --enable-nls --enable-bootstrap --enable-clocale=gnu --enable-libstdcxx-debug --enable-libstdcxx-time=yes --with-default-libstdcxx-abi=new --enable-gnu-unique-object --disable-vtable-verify --enable-plugin --enable-default-pie --with-system-zlib --enable-libphobos-checking=release --with-target-system-zlib=auto --enable-objc-gc=auto --enable-multiarch --disable-werror --enable-cet --with-arch-32=i686 --with-abi=m64 --with-multilib-list=m32 m64 mx32 --enable-multilib --with-tune=generic --enable-offload-targets=nvptx-none=/build/gcc-11-aYxV0E/gcc-11-11.3.0/debian/tmp-nvptx/usr amdgcn-amdhsa=/build/gcc-11-aYxV0E/gcc-11-11.3.0/debian/tmp-gcn/usr --without-cuda-driver --enable-checking=release --build=x86_64-linux-gnu --host=x86_64-linux-gnu --target=x86_64-linux-gnu --with-build-config=bootstrap-lto-lean --enable-link-serialization=2]
  ignore line: [Thread model: posix]
  ignore line: [Supported LTO compression algorithms: zlib zstd]
  ignore line: [gcc version 11.3.0 (Ubuntu 11.3.0-1ubuntu1~22.04.1) ]
  ignore line: [COLLECT_GCC_OPTIONS='-v' '-o' 'CMakeFiles/cmTC_e2180.dir/CMakeCCompilerABI.c.o' '-c' '-mtune=generic' '-march=x86-64' '-dumpdir' 'CMakeFiles/cmTC_e2180.dir/']
  ignore line: [ /usr/lib/gcc/x86_64-linux-gnu/11/cc1 -quiet -v -imultiarch x86_64-linux-gnu /usr/share/cmake-3.22/Modules/CMakeCCompilerABI.c -quiet -dumpdir CMakeFiles/cmTC_e2180.dir/ -dumpbase CMakeCCompilerABI.c.c -dumpbase-ext .c -mtune=generic -march=x86-64 -version -fasynchronous-unwind-tables -fstack-protector-strong -Wformat -Wformat-security -fstack-clash-protection -fcf-protection -o /tmp/ccmyhNHD.s]
  ignore line: [GNU C17 (Ubuntu 11.3.0-1ubuntu1~22.04.1) version 11.3.0 (x86_64-linux-gnu)]
  ignore line: [	compiled by GNU C version 11.3.0  GMP version 6.2.1  MPFR version 4.1.0  MPC version 1.2.1  isl version isl-0.24-GMP]
  ignore line: []
  ignore line: [GGC heuristics: --param ggc-min-expand=100 --param ggc-min-heapsize=131072]
  ignore line: [ignoring nonexistent directory "/usr/local/include/x86_64-linux-gnu"]
  ignore line: [ignoring nonexistent directory "/usr/lib/gcc/x86_64-linux-gnu/11/include-fixed"]
  ignore line: [ignoring nonexistent directory "/usr/lib/gcc/x86_64-linux-gnu/11/../../../../x86_64-linux-gnu/include"]
  ignore line: [#include "..." search starts here:]
  ignore line: [#include <...> search starts here:]
  ignore line: [ /usr/lib/gcc/x86_64-linux-gnu/11/include]
  ignore line: [ /usr/local/include]
  ignore line: [ /usr/include/x86_64-linux-gnu]
  ignore line: [ /usr/include]
  ignore line: [End of search list.]
  ignore line: [GNU C17 (Ubuntu 11.3.0-1ubuntu1~22.04.1) version 11.3.0 (x86_64-linux-gnu)]
  ignore line: [	compiled by GNU C version 11.3.0  GMP version 6.2.1  MPFR version 4.1.0  MPC version 1.2.1  isl version isl-0.24-GMP]
  ignore line: []
  ignore line: [GGC heuristics: --param ggc-min-expand=100 --param ggc-min-heapsize=131072]
  ignore line: [Compiler executable checksum: e13e2dc98bfa673227c4000e476a9388]
  ignore line: [COLLECT_GCC_OPTIONS='-v' '-o' 'CMakeFiles/cmTC_e2180.dir/CMakeCCompilerABI.c.o' '-c' '-mtune=generic' '-march=x86-64' '-dumpdir' 'CMakeFiles/cmTC_e2180.dir/']
  ignore line: [ as -v --64 -o CMakeFiles/cmTC_e2180.dir/CMakeCCompilerABI.c.o /tmp/ccmyhNHD.s]
  ignore line: [GNU assembler version 2.38 (x86_64-linux-gnu) using BFD version (GNU Binutils for Ubuntu) 2.38]
  ignore line: [COMPILER_PATH=/usr/lib/gcc/x86_64-linux-gnu/11/:/usr/lib/gcc/x86_64-linux-gnu/11/:/usr/lib/gcc/x86_64-linux-gnu/:/usr/lib/gcc/x86_64-linux-gnu/11/:/usr/lib/gcc/x86_64-linux-gnu/]
  ignore line: [LIBRARY_PATH=/usr/lib/gcc/x86_64-linux-gnu/11/:/usr/lib/gcc/x86_64-linux-gnu/11/../../../x86_64-linux-gnu/:/usr/lib/gcc/x86_64-linux-gnu/11/../../../../lib/:/lib/x86_64-linux-gnu/:/lib/../lib/:/usr/lib/x86_64-linux-gnu/:/usr/lib/../lib/:/usr/lib/gcc/x86_64-linux-gnu/11/../../../:/lib/:/usr/lib/]
  ignore line: [COLLECT_GCC_OPTIONS='-v' '-o' 'CMakeFiles/cmTC_e2180.dir/CMakeCCompilerABI.c.o' '-c' '-mtune=generic' '-march=x86-64' '-dumpdir' 'CMakeFiles/cmTC_e2180.dir/CMakeCCompilerABI.c.']
  ignore line: [Linking C executable cmTC_e2180]
  ignore line: [/usr/bin/cmake -E cmake_link_script CMakeFiles/cmTC_e2180.dir/link.txt --verbose=1]
  ignore line: [/usr/bin/cc  -v CMakeFiles/cmTC_e2180.dir/CMakeCCompilerABI.c.o -o cmTC_e2180 ]
  ignore line: [Using built-in specs.]
  ignore line: [COLLECT_GCC=/usr/bin/cc]
  ignore line: [COLLECT_LTO_WRAPPER=/usr/lib/gcc/x86_64-linux-gnu/11/lto-wrapper]
  ignore line: [OFFLOAD_TARGET_NAMES=nvptx-none:amdgcn-amdhsa]
  ignore line: [OFFLOAD_TARGET_DEFAULT=1]
  ignore line: [Target: x86_64-linux-gnu]
  ignore line: [Configured with: ../src/configure -v --with-pkgversion='Ubuntu 11.3.0-1ubuntu1~22.04.1' --with-bugurl=file:///usr/share/doc/gcc-11/README.Bugs --enable-languages=c ada c++ go brig d fortran objc obj-c++ m2 --prefix=/usr --with-gcc-major-version-only --program-suffix=-11 --program-prefix=x86_64-linux-gnu- --enable-shared --enable-linker-build-id --libexecdir=/usr/lib --without-included-gettext --enable-threads=posix --libdir=/usr/lib --enable-nls --enable-bootstrap --enable-clocale=gnu --enable-libstdcxx-debug --enable-libstdcxx-time=yes --with-default-libstdcxx-abi=new --enable-gnu-unique-object --disable-vtable-verify --enable-plugin --enable-default-pie --with-system-zlib --enable-libphobos-checking=release --with-target-system-zlib=auto --enable-objc-gc=auto --enable-multiarch --disable-werror --enable-cet --with-arch-32=i686 --with-abi=m64 --with-multilib-list=m32 m64 mx32 --enable-multilib --with-tune=generic --enable-offload-targets=nvptx-none=/build/gcc-11-aYxV0E/gcc-11-11.3.0/debian/tmp-nvptx/usr amdgcn-amdhsa=/build/gcc-11-aYxV0E/gcc-11-11.3.0/debian/tmp-gcn/usr --without-cuda-driver --enable-checking=release --build=x86_64-linux-gnu --host=x86_64-linux-gnu --target=x86_64-linux-gnu --with-build-config=bootstrap-lto-lean --enable-link-serialization=2]
  ignore line: [Thread model: posix]
  ignore line: [Supported LTO compression algorithms: zlib zstd]
  ignore line: [gcc version 11.3.0 (Ubuntu 11.3.0-1ubuntu1~22.04.1) ]
  ignore line: [COMPILER_PATH=/usr/lib/gcc/x86_64-linux-gnu/11/:/usr/lib/gcc/x86_64-linux-gnu/11/:/usr/lib/gcc/x86_64-linux-gnu/:/usr/lib/gcc/x86_64-linux-gnu/11/:/usr/lib/gcc/x86_64-linux-gnu/]
  ignore line: [LIBRARY_PATH=/usr/lib/gcc/x86_64-linux-gnu/11/:/usr/lib/gcc/x86_64-linux-gnu/11/../../../x86_64-linux-gnu/:/usr/lib/gcc/x86_64-linux-gnu/11/../../../../lib/:/lib/x86_64-linux-gnu/:/lib/../lib/:/usr/lib/x86_64-linux-gnu/:/usr/lib/../lib/:/usr/lib/gcc/x86_64-linux-gnu/11/../../../:/lib/:/usr/lib/]
  ignore line: [COLLECT_GCC_OPTIONS='-v' '-o' 'cmTC_e2180' '-mtune=generic' '-march=x86-64' '-dumpdir' 'cmTC_e2180.']
  link line: [ /usr/lib/gcc/x86_64-linux-gnu/11/collect2 -plugin /usr/lib/gcc/x86_64-linux-gnu/11/liblto_plugin.so -plugin-opt=/usr/lib/gcc/x86_64-linux-gnu/11/lto-wrapper -plugin-opt=-fresolution=/tmp/ccHcHga0.res -plugin-opt=-pass-through=-lgcc -plugin-opt=-pass-through=-lgcc_s -plugin-opt=-pass-through=-lc -plugin-opt=-pass-through=-lgcc -plugin-opt=-pass-through=-lgcc_s --build-id --eh-frame-hdr -m elf_x86_64 --hash-style=gnu --as-needed -dynamic-linker /lib64/ld-linux-x86-64.so.2 -pie -z now -z relro -o cmTC_e2180 /usr/lib/gcc/x86_64-linux-gnu/11/../../../x86_64-linux-gnu/Scrt1.o /usr/lib/gcc/x86_64-linux-gnu/11/../../../x86_64-linux-gnu/crti.o /usr/lib/gcc/x86_64-linux-gnu/11/crtbeginS.o -L/usr/lib/gcc/x86_64-linux-gnu/11 -L/usr/lib/gcc/x86_64-linux-gnu/11/../../../x86_64-linux-gnu -L/usr/lib/gcc/x86_64-linux-gnu/11/../../../../lib -L/lib/x86_64-linux-gnu -L/lib/../lib -L/usr/lib/x86_64-linux-gnu -L/usr/lib/../lib -L/usr/lib/gcc/x86_64-linux-gnu/11/../../.. CMakeFiles/cmTC_e2180.dir/CMakeCCompilerABI.c.o -lgcc --push-state --as-needed -lgcc_s --pop-state -lc -lgcc --push-state --as-needed -lgcc_s --pop-state /usr/lib/gcc/x86_64-linux-gnu/11/crtendS.o /usr/lib/gcc/x86_64-linux-gnu/11/../../../x86_64-linux-gnu/crtn.o]
    arg [/usr/lib/gcc/x86_64-linux-gnu/11/collect2] ==> ignore
    arg [-plugin] ==> ignore
    arg [/usr/lib/gcc/x86_64-linux-gnu/11/liblto_plugin.so] ==> ignore
    arg [-plugin-opt=/usr/lib/gcc/x86_64-linux-gnu/11/lto-wrapper] ==> ignore
    arg [-plugin-opt=-fresolution=/tmp/ccHcHga0.res] ==> ignore
    arg [-plugin-opt=-pass-through=-lgcc] ==> ignore
    arg [-plugin-opt=-pass-through=-lgcc_s] ==> ignore
    arg [-plugin-opt=-pass-through=-lc] ==> ignore
    arg [-plugin-opt=-pass-through=-lgcc] ==> ignore
    arg [-plugin-opt=-pass-through=-lgcc_s] ==> ignore
    arg [--build-id] ==> ignore
    arg [--eh-frame-hdr] ==> ignore
    arg [-m] ==> ignore
    arg [elf_x86_64] ==> ignore
    arg [--hash-style=gnu] ==> ignore
    arg [--as-needed] ==> ignore
    arg [-dynamic-linker] ==> ignore
    arg [/lib64/ld-linux-x86-64.so.2] ==> ignore
    arg [-pie] ==> ignore
    arg [-znow] ==> ignore
    arg [-zrelro] ==> ignore
    arg [-o] ==> ignore
    arg [cmTC_e2180] ==> ignore
    arg [/usr/lib/gcc/x86_64-linux-gnu/11/../../../x86_64-linux-gnu/Scrt1.o] ==> obj [/usr/lib/gcc/x86_64-linux-gnu/11/../../../x86_64-linux-gnu/Scrt1.o]
    arg [/usr/lib/gcc/x86_64-linux-gnu/11/../../../x86_64-linux-gnu/crti.o] ==> obj [/usr/lib/gcc/x86_64-linux-gnu/11/../../../x86_64-linux-gnu/crti.o]
    arg [/usr/lib/gcc/x86_64-linux-gnu/11/crtbeginS.o] ==> obj [/usr/lib/gcc/x86_64-linux-gnu/11/crtbeginS.o]
    arg [-L/usr/lib/gcc/x86_64-linux-gnu/11] ==> dir [/usr/lib/gcc/x86_64-linux-gnu/11]
    arg [-L/usr/lib/gcc/x86_64-linux-gnu/11/../../../x86_64-linux-gnu] ==> dir [/usr/lib/gcc/x86_64-linux-gnu/11/../../../x86_64-linux-gnu]
    arg [-L/usr/lib/gcc/x86_64-linux-gnu/11/../../../../lib] ==> dir [/usr/lib/gcc/x86_64-linux-gnu/11/../../../../lib]
    arg [-L/lib/x86_64-linux-gnu] ==> dir [/lib/x86_64-linux-gnu]
    arg [-L/lib/../lib] ==> dir [/lib/../lib]
    arg [-L/usr/lib/x86_64-linux-gnu] ==> dir [/usr/lib/x86_64-linux-gnu]
    arg [-L/usr/lib/../lib] ==> dir [/usr/lib/../lib]
    arg [-L/usr/lib/gcc/x86_64-linux-gnu/11/../../..] ==> dir [/usr/lib/gcc/x86_64-linux-gnu/11/../../..]
    arg [CMakeFiles/cmTC_e2180.dir/CMakeCCompilerABI.c.o] ==> ignore
    arg [-lgcc] ==> lib [gcc]
    arg [--push-state] ==> ignore
    arg [--as-needed] ==> ignore
    arg [-lgcc_s] ==> lib [gcc_s]
    arg [--pop-state] ==> ignore
    arg [-lc] ==> lib [c]
    arg [-lgcc] ==> lib [gcc]
    arg [--push-state] ==> ignore
    arg [--as-needed] ==> ignore
    arg [-lgcc_s] ==> lib [gcc_s]
    arg [--pop-state] ==> ignore
    arg [/usr/lib/gcc/x86_64-linux-gnu/11/crtendS.o] ==> obj [/usr/lib/gcc/x86_64-linux-gnu/11/crtendS.o]
    arg [/usr/lib/gcc/x86_64-linux-gnu/11/../../../x86_64-linux-gnu/crtn.o] ==> obj [/usr/lib/gcc/x86_64-linux-gnu/11/../../../x86_64-linux-gnu/crtn.o]
  collapse obj [/usr/lib/gcc/x86_64-linux-gnu/11/../../../x86_64-linux-gnu/Scrt1.o] ==> [/usr/lib/x86_64-linux-gnu/Scrt1.o]
  collapse obj [/usr/lib/gcc/x86_64-linux-gnu/11/../../../x86_64-linux-gnu/crti.o] ==> [/usr/lib/x86_64-linux-gnu/crti.o]
  collapse obj [/usr/lib/gcc/x86_64-linux-gnu/11/../../../x86_64-linux-gnu/crtn.o] ==> [/usr/lib/x86_64-linux-gnu/crtn.o]
  collapse library dir [/usr/lib/gcc/x86_64-linux-gnu/11] ==> [/usr/lib/gcc/x86_64-linux-gnu/11]
  collapse library dir [/usr/lib/gcc/x86_64-linux-gnu/11/../../../x86_64-linux-gnu] ==> [/usr/lib/x86_64-linux-gnu]
  collapse library dir [/usr/lib/gcc/x86_64-linux-gnu/11/../../../../lib] ==> [/usr/lib]
  collapse library dir [/lib/x86_64-linux-gnu] ==> [/lib/x86_64-linux-gnu]
  collapse library dir [/lib/../lib] ==> [/lib]
  collapse library dir [/usr/lib/x86_64-linux-gnu] ==> [/usr/lib/x86_64-linux-gnu]
  collapse library dir [/usr/lib/../lib] ==> [/usr/lib]
  collapse library dir [/usr/lib/gcc/x86_64-linux-gnu/11/../../..] ==> [/usr/lib]
  implicit libs: [gcc;gcc_s;c;gcc;gcc_s]
  implicit objs: [/usr/lib/x86_64-linux-gnu/Scrt1.o;/usr/lib/x86_64-linux-gnu/crti.o;/usr/lib/gcc/x86_64-linux-gnu/11/crtbeginS.o;/usr/lib/gcc/x86_64-linux-gnu/11/crtendS.o;/usr/lib/x86_64-linux-gnu/crtn.o]
  implicit dirs: [/usr/lib/gcc/x86_64-linux-gnu/11;/usr/lib/x86_64-linux-gnu;/usr/lib;/lib/x86_64-linux-gnu;/lib]
  implicit fwks: []


Determining if the include file fcntl.h exists passed with the following output:
Change Dir: /home/jalil/Desktop/Never_list_MAIN/CoreParseLib/lib/json-c-build/CMakeFiles/CMakeTmp

Run Build Command(s):/usr/bin/gmake -f Makefile cmTC_82d6b/fast && /usr/bin/gmake  -f CMakeFiles/cmTC_82d6b.dir/build.make CMakeFiles/cmTC_82d6b.dir/build
gmake[1]: Entering directory '/home/jalil/Desktop/Never_list_MAIN/CoreParseLib/lib/json-c-build/CMakeFiles/CMakeTmp'
Building C object CMakeFiles/cmTC_82d6b.dir/CheckIncludeFile.c.o
/usr/bin/cc -D_GNU_SOURCE  -fPIE -o CMakeFiles/cmTC_82d6b.dir/CheckIncludeFile.c.o -c /home/jalil/Desktop/Never_list_MAIN/CoreParseLib/lib/json-c-build/CMakeFiles/CMakeTmp/CheckIncludeFile.c
Linking C executable cmTC_82d6b
/usr/bin/cmake -E cmake_link_script CMakeFiles/cmTC_82d6b.dir/link.txt --verbose=1
/usr/bin/cc CMakeFiles/cmTC_82d6b.dir/CheckIncludeFile.c.o -o cmTC_82d6b  -lm 
gmake[1]: Leaving directory '/home/jalil/Desktop/Never_list_MAIN/CoreParseLib/lib/json-c-build/CMakeFiles/CMakeTmp'



Determining if the include file inttypes.h exists passed with the following output:
Change Dir: /home/jalil/Desktop/Never_list_MAIN/CoreParseLib/lib/json-c-build/CMakeFiles/CMakeTmp

Run Build Command(s):/usr/bin/gmake -f Makefile cmTC_3422e/fast && /usr/bin/gmake  -f CMakeFiles/cmTC_3422e.dir/build.make CMakeFiles/cmTC_3422e.dir/build
gmake[1]: Entering directory '/home/jalil/Desktop/Never_list_MAIN/CoreParseLib/lib/json-c-build/CMakeFiles/CMakeTmp'
Building C object CMakeFiles/cmTC_3422e.dir/CheckIncludeFile.c.o
/usr/bin/cc -D_GNU_SOURCE  -fPIE -o CMakeFiles/cmTC_3422e.dir/CheckIncludeFile.c.o -c /home/jalil/Desktop/Never_list_MAIN/CoreParseLib/lib/json-c-build/CMakeFiles/CMakeTmp/CheckIncludeFile.c
Linking C executable cmTC_3422e
/usr/bin/cmake -E cmake_link_script CMakeFiles/cmTC_3422e.dir/link.txt --verbose=1
/usr/bin/cc CMakeFiles/cmTC_3422e.dir/CheckIncludeFile.c.o -o cmTC_3422e  -lm 
gmake[1]: Leaving directory '/home/jalil/Desktop/Never_list_MAIN/CoreParseLib/lib/json-c-build/CMakeFiles/CMakeTmp'



Determining if the include file stdarg.h exists passed with the following output:
Change Dir: /home/jalil/Desktop/Never_list_MAIN/CoreParseLib/lib/json-c-build/CMakeFiles/CMakeTmp

Run Build Command(s):/usr/bin/gmake -f Makefile cmTC_17df7/fast && /usr/bin/gmake  -f CMakeFiles/cmTC_17df7.dir/build.make CMakeFiles/cmTC_17df7.dir/build
gmake[1]: Entering directory '/home/jalil/Desktop/Never_list_MAIN/CoreParseLib/lib/json-c-build/CMakeFiles/CMakeTmp'
Building C object CMakeFiles/cmTC_17df7.dir/CheckIncludeFile.c.o
/usr/bin/cc -D_GNU_SOURCE  -fPIE -o CMakeFiles/cmTC_17df7.dir/CheckIncludeFile.c.o -c /home/jalil/Desktop/Never_list_MAIN/CoreParseLib/lib/json-c-build/CMakeFiles/CMakeTmp/CheckIncludeFile.c
Linking C executable cmTC_17df7
/usr/bin/cmake -E cmake_link_script CMakeFiles/cmTC_17df7.dir/link.txt --verbose=1
/usr/bin/cc CMakeFiles/cmTC_17df7.dir/CheckIncludeFile.c.o -o cmTC_17df7  -lm 
gmake[1]: Leaving directory '/home/jalil/Desktop/Never_list_MAIN/CoreParseLib/lib/json-c-build/CMakeFiles/CMakeTmp'



Determining if the include file strings.h exists passed with the following output:
Change Dir: /home/jalil/Desktop/Never_list_MAIN/CoreParseLib/lib/json-c-build/CMakeFiles/CMakeTmp

Run Build Command(s):/usr/bin/gmake -f Makefile cmTC_8d55a/fast && /usr/bin/gmake  -f CMakeFiles/cmTC_8d55a.dir/build.make CMakeFiles/cmTC_8d55a.dir/build
gmake[1]: Entering directory '/home/jalil/Desktop/Never_list_MAIN/CoreParseLib/lib/json-c-build/CMakeFiles/CMakeTmp'
Building C object CMakeFiles/cmTC_8d55a.dir/CheckIncludeFile.c.o
/usr/bin/cc -D_GNU_SOURCE  -fPIE -o CMakeFiles/cmTC_8d55a.dir/CheckIncludeFile.c.o -c /home/jalil/Desktop/Never_list_MAIN/CoreParseLib/lib/json-c-build/CMakeFiles/CMakeTmp/CheckIncludeFile.c
Linking C executable cmTC_8d55a
/usr/bin/cmake -E cmake_link_script CMakeFiles/cmTC_8d55a.dir/link.txt --verbose=1
/usr/bin/cc CMakeFiles/cmTC_8d55a.dir/CheckIncludeFile.c.o -o cmTC_8d55a  -lm 
gmake[1]: Leaving directory '/home/jalil/Desktop/Never_list_MAIN/CoreParseLib/lib/json-c-build/CMakeFiles/CMakeTmp'



Determining if the include file string.h exists passed with the following output:
Change Dir: /home/jalil/Desktop/Never_list_MAIN/CoreParseLib/lib/json-c-build/CMakeFiles/CMakeTmp

Run Build Command(s):/usr/bin/gmake -f Makefile cmTC_53b67/fast && /usr/bin/gmake  -f CMakeFiles/cmTC_53b67.dir/build.make CMakeFiles/cmTC_53b67.dir/build
gmake[1]: Entering directory '/home/jalil/Desktop/Never_list_MAIN/CoreParseLib/lib/json-c-build/CMakeFiles/CMakeTmp'
Building C object CMakeFiles/cmTC_53b67.dir/CheckIncludeFile.c.o
/usr/bin/cc -D_GNU_SOURCE  -fPIE -o CMakeFiles/cmTC_53b67.dir/CheckIncludeFile.c.o -c /home/jalil/Desktop/Never_list_MAIN/CoreParseLib/lib/json-c-build/CMakeFiles/CMakeTmp/CheckIncludeFile.c
Linking C executable cmTC_53b67
/usr/bin/cmake -E cmake_link_script CMakeFiles/cmTC_53b67.dir/link.txt --verbose=1
/usr/bin/cc CMakeFiles/cmTC_53b67.dir/CheckIncludeFile.c.o -o cmTC_53b67  -lm 
gmake[1]: Leaving directory '/home/jalil/Desktop/Never_list_MAIN/CoreParseLib/lib/json-c-build/CMakeFiles/CMakeTmp'



Determining if the include file syslog.h exists passed with the following output:
Change Dir: /home/jalil/Desktop/Never_list_MAIN/CoreParseLib/lib/json-c-build/CMakeFiles/CMakeTmp

Run Build Command(s):/usr/bin/gmake -f Makefile cmTC_3297d/fast && /usr/bin/gmake  -f CMakeFiles/cmTC_3297d.dir/build.make CMakeFiles/cmTC_3297d.dir/build
gmake[1]: Entering directory '/home/jalil/Desktop/Never_list_MAIN/CoreParseLib/lib/json-c-build/CMakeFiles/CMakeTmp'
Building C object CMakeFiles/cmTC_3297d.dir/CheckIncludeFile.c.o
/usr/bin/cc -D_GNU_SOURCE  -fPIE -o CMakeFiles/cmTC_3297d.dir/CheckIncludeFile.c.o -c /home/jalil/Desktop/Never_list_MAIN/CoreParseLib/lib/json-c-build/CMakeFiles/CMakeTmp/CheckIncludeFile.c
Linking C executable cmTC_3297d
/usr/bin/cmake -E cmake_link_script CMakeFiles/cmTC_3297d.dir/link.txt --verbose=1
/usr/bin/cc CMakeFiles/cmTC_3297d.dir/CheckIncludeFile.c.o -o cmTC_3297d  -lm 
gmake[1]: Leaving directory '/home/jalil/Desktop/Never_list_MAIN/CoreParseLib/lib/json-c-build/CMakeFiles/CMakeTmp'



Determining if files stdlib.h;stdarg.h;string.h;float.h exist passed with the following output:
Change Dir: /home/jalil/Desktop/Never_list_MAIN/CoreParseLib/lib/json-c-build/CMakeFiles/CMakeTmp

Run Build Command(s):/usr/bin/gmake -f Makefile cmTC_3885e/fast && /usr/bin/gmake  -f CMakeFiles/cmTC_3885e.dir/build.make CMakeFiles/cmTC_3885e.dir/build
gmake[1]: Entering directory '/home/jalil/Desktop/Never_list_MAIN/CoreParseLib/lib/json-c-build/CMakeFiles/CMakeTmp'
Building C object CMakeFiles/cmTC_3885e.dir/STDC_HEADERS.c.o
/usr/bin/cc -D_GNU_SOURCE  -fPIE -o CMakeFiles/cmTC_3885e.dir/STDC_HEADERS.c.o -c /home/jalil/Desktop/Never_list_MAIN/CoreParseLib/lib/json-c-build/CMakeFiles/CheckIncludeFiles/STDC_HEADERS.c
Linking C executable cmTC_3885e
/usr/bin/cmake -E cmake_link_script CMakeFiles/cmTC_3885e.dir/link.txt --verbose=1
/usr/bin/cc CMakeFiles/cmTC_3885e.dir/STDC_HEADERS.c.o -o cmTC_3885e  -lm 
gmake[1]: Leaving directory '/home/jalil/Desktop/Never_list_MAIN/CoreParseLib/lib/json-c-build/CMakeFiles/CMakeTmp'



Determining if the include file unistd.h exists passed with the following output:
Change Dir: /home/jalil/Desktop/Never_list_MAIN/CoreParseLib/lib/json-c-build/CMakeFiles/CMakeTmp

Run Build Command(s):/usr/bin/gmake -f Makefile cmTC_87639/fast && /usr/bin/gmake  -f CMakeFiles/cmTC_87639.dir/build.make CMakeFiles/cmTC_87639.dir/build
gmake[1]: Entering directory '/home/jalil/Desktop/Never_list_MAIN/CoreParseLib/lib/json-c-build/CMakeFiles/CMakeTmp'
Building C object CMakeFiles/cmTC_87639.dir/CheckIncludeFile.c.o
/usr/bin/cc -D_GNU_SOURCE  -fPIE -o CMakeFiles/cmTC_87639.dir/CheckIncludeFile.c.o -c /home/jalil/Desktop/Never_list_MAIN/CoreParseLib/lib/json-c-build/CMakeFiles/CMakeTmp/CheckIncludeFile.c
Linking C executable cmTC_87639
/usr/bin/cmake -E cmake_link_script CMakeFiles/cmTC_87639.dir/link.txt --verbose=1
/usr/bin/cc CMakeFiles/cmTC_87639.dir/CheckIncludeFile.c.o -o cmTC_87639  -lm 
gmake[1]: Leaving directory '/home/jalil/Desktop/Never_list_MAIN/CoreParseLib/lib/json-c-build/CMakeFiles/CMakeTmp'



Determining if the include file sys/types.h exists passed with the following output:
Change Dir: /home/jalil/Desktop/Never_list_MAIN/CoreParseLib/lib/json-c-build/CMakeFiles/CMakeTmp

Run Build Command(s):/usr/bin/gmake -f Makefile cmTC_50f65/fast && /usr/bin/gmake  -f CMakeFiles/cmTC_50f65.dir/build.make CMakeFiles/cmTC_50f65.dir/build
gmake[1]: Entering directory '/home/jalil/Desktop/Never_list_MAIN/CoreParseLib/lib/json-c-build/CMakeFiles/CMakeTmp'
Building C object CMakeFiles/cmTC_50f65.dir/CheckIncludeFile.c.o
/usr/bin/cc -D_GNU_SOURCE  -fPIE -o CMakeFiles/cmTC_50f65.dir/CheckIncludeFile.c.o -c /home/jalil/Desktop/Never_list_MAIN/CoreParseLib/lib/json-c-build/CMakeFiles/CMakeTmp/CheckIncludeFile.c
Linking C executable cmTC_50f65
/usr/bin/cmake -E cmake_link_script CMakeFiles/cmTC_50f65.dir/link.txt --verbose=1
/usr/bin/cc CMakeFiles/cmTC_50f65.dir/CheckIncludeFile.c.o -o cmTC_50f65  -lm 
gmake[1]: Leaving directory '/home/jalil/Desktop/Never_list_MAIN/CoreParseLib/lib/json-c-build/CMakeFiles/CMakeTmp'



Determining if the include file sys/resource.h exists passed with the following output:
Change Dir: /home/jalil/Desktop/Never_list_MAIN/CoreParseLib/lib/json-c-build/CMakeFiles/CMakeTmp

Run Build Command(s):/usr/bin/gmake -f Makefile cmTC_695c2/fast && /usr/bin/gmake  -f CMakeFiles/cmTC_695c2.dir/build.make CMakeFiles/cmTC_695c2.dir/build
gmake[1]: Entering directory '/home/jalil/Desktop/Never_list_MAIN/CoreParseLib/lib/json-c-build/CMakeFiles/CMakeTmp'
Building C object CMakeFiles/cmTC_695c2.dir/CheckIncludeFile.c.o
/usr/bin/cc -D_GNU_SOURCE  -fPIE -o CMakeFiles/cmTC_695c2.dir/CheckIncludeFile.c.o -c /home/jalil/Desktop/Never_list_MAIN/CoreParseLib/lib/json-c-build/CMakeFiles/CMakeTmp/CheckIncludeFile.c
Linking C executable cmTC_695c2
/usr/bin/cmake -E cmake_link_script CMakeFiles/cmTC_695c2.dir/link.txt --verbose=1
/usr/bin/cc CMakeFiles/cmTC_695c2.dir/CheckIncludeFile.c.o -o cmTC_695c2  -lm 
gmake[1]: Leaving directory '/home/jalil/Desktop/Never_list_MAIN/CoreParseLib/lib/json-c-build/CMakeFiles/CMakeTmp'



Determining if the include file dlfcn.h exists passed with the following output:
Change Dir: /home/jalil/Desktop/Never_list_MAIN/CoreParseLib/lib/json-c-build/CMakeFiles/CMakeTmp

Run Build Command(s):/usr/bin/gmake -f Makefile cmTC_29c78/fast && /usr/bin/gmake  -f CMakeFiles/cmTC_29c78.dir/build.make CMakeFiles/cmTC_29c78.dir/build
gmake[1]: Entering directory '/home/jalil/Desktop/Never_list_MAIN/CoreParseLib/lib/json-c-build/CMakeFiles/CMakeTmp'
Building C object CMakeFiles/cmTC_29c78.dir/CheckIncludeFile.c.o
/usr/bin/cc -D_GNU_SOURCE  -fPIE -o CMakeFiles/cmTC_29c78.dir/CheckIncludeFile.c.o -c /home/jalil/Desktop/Never_list_MAIN/CoreParseLib/lib/json-c-build/CMakeFiles/CMakeTmp/CheckIncludeFile.c
Linking C executable cmTC_29c78
/usr/bin/cmake -E cmake_link_script CMakeFiles/cmTC_29c78.dir/link.txt --verbose=1
/usr/bin/cc CMakeFiles/cmTC_29c78.dir/CheckIncludeFile.c.o -o cmTC_29c78  -lm 
gmake[1]: Leaving directory '/home/jalil/Desktop/Never_list_MAIN/CoreParseLib/lib/json-c-build/CMakeFiles/CMakeTmp'



Determining if the include file endian.h exists passed with the following output:
Change Dir: /home/jalil/Desktop/Never_list_MAIN/CoreParseLib/lib/json-c-build/CMakeFiles/CMakeTmp

Run Build Command(s):/usr/bin/gmake -f Makefile cmTC_8f358/fast && /usr/bin/gmake  -f CMakeFiles/cmTC_8f358.dir/build.make CMakeFiles/cmTC_8f358.dir/build
gmake[1]: Entering directory '/home/jalil/Desktop/Never_list_MAIN/CoreParseLib/lib/json-c-build/CMakeFiles/CMakeTmp'
Building C object CMakeFiles/cmTC_8f358.dir/CheckIncludeFile.c.o
/usr/bin/cc -D_GNU_SOURCE  -fPIE -o CMakeFiles/cmTC_8f358.dir/CheckIncludeFile.c.o -c /home/jalil/Desktop/Never_list_MAIN/CoreParseLib/lib/json-c-build/CMakeFiles/CMakeTmp/CheckIncludeFile.c
Linking C executable cmTC_8f358
/usr/bin/cmake -E cmake_link_script CMakeFiles/cmTC_8f358.dir/link.txt --verbose=1
/usr/bin/cc CMakeFiles/cmTC_8f358.dir/CheckIncludeFile.c.o -o cmTC_8f358  -lm 
gmake[1]: Leaving directory '/home/jalil/Desktop/Never_list_MAIN/CoreParseLib/lib/json-c-build/CMakeFiles/CMakeTmp'



Determining if the include file limits.h exists passed with the following output:
Change Dir: /home/jalil/Desktop/Never_list_MAIN/CoreParseLib/lib/json-c-build/CMakeFiles/CMakeTmp

Run Build Command(s):/usr/bin/gmake -f Makefile cmTC_c99a0/fast && /usr/bin/gmake  -f CMakeFiles/cmTC_c99a0.dir/build.make CMakeFiles/cmTC_c99a0.dir/build
gmake[1]: Entering directory '/home/jalil/Desktop/Never_list_MAIN/CoreParseLib/lib/json-c-build/CMakeFiles/CMakeTmp'
Building C object CMakeFiles/cmTC_c99a0.dir/CheckIncludeFile.c.o
/usr/bin/cc -D_GNU_SOURCE  -fPIE -o CMakeFiles/cmTC_c99a0.dir/CheckIncludeFile.c.o -c /home/jalil/Desktop/Never_list_MAIN/CoreParseLib/lib/json-c-build/CMakeFiles/CMakeTmp/CheckIncludeFile.c
Linking C executable cmTC_c99a0
/usr/bin/cmake -E cmake_link_script CMakeFiles/cmTC_c99a0.dir/link.txt --verbose=1
/usr/bin/cc CMakeFiles/cmTC_c99a0.dir/CheckIncludeFile.c.o -o cmTC_c99a0  -lm 
gmake[1]: Leaving directory '/home/jalil/Desktop/Never_list_MAIN/CoreParseLib/lib/json-c-build/CMakeFiles/CMakeTmp'



Determining if the include file locale.h exists passed with the following output:
Change Dir: /home/jalil/Desktop/Never_list_MAIN/CoreParseLib/lib/json-c-build/CMakeFiles/CMakeTmp

Run Build Command(s):/usr/bin/gmake -f Makefile cmTC_98a1d/fast && /usr/bin/gmake  -f CMakeFiles/cmTC_98a1d.dir/build.make CMakeFiles/cmTC_98a1d.dir/build
gmake[1]: Entering directory '/home/jalil/Desktop/Never_list_MAIN/CoreParseLib/lib/json-c-build/CMakeFiles/CMakeTmp'
Building C object CMakeFiles/cmTC_98a1d.dir/CheckIncludeFile.c.o
/usr/bin/cc -D_GNU_SOURCE  -fPIE -o CMakeFiles/cmTC_98a1d.dir/CheckIncludeFile.c.o -c /home/jalil/Desktop/Never_list_MAIN/CoreParseLib/lib/json-c-build/CMakeFiles/CMakeTmp/CheckIncludeFile.c
Linking C executable cmTC_98a1d
/usr/bin/cmake -E cmake_link_script CMakeFiles/cmTC_98a1d.dir/link.txt --verbose=1
/usr/bin/cc CMakeFiles/cmTC_98a1d.dir/CheckIncludeFile.c.o -o cmTC_98a1d  -lm 
gmake[1]: Leaving directory '/home/jalil/Desktop/Never_list_MAIN/CoreParseLib/lib/json-c-build/CMakeFiles/CMakeTmp'



Determining if the include file memory.h exists passed with the following output:
Change Dir: /home/jalil/Desktop/Never_list_MAIN/CoreParseLib/lib/json-c-build/CMakeFiles/CMakeTmp

Run Build Command(s):/usr/bin/gmake -f Makefile cmTC_ee221/fast && /usr/bin/gmake  -f CMakeFiles/cmTC_ee221.dir/build.make CMakeFiles/cmTC_ee221.dir/build
gmake[1]: Entering directory '/home/jalil/Desktop/Never_list_MAIN/CoreParseLib/lib/json-c-build/CMakeFiles/CMakeTmp'
Building C object CMakeFiles/cmTC_ee221.dir/CheckIncludeFile.c.o
/usr/bin/cc -D_GNU_SOURCE  -fPIE -o CMakeFiles/cmTC_ee221.dir/CheckIncludeFile.c.o -c /home/jalil/Desktop/Never_list_MAIN/CoreParseLib/lib/json-c-build/CMakeFiles/CMakeTmp/CheckIncludeFile.c
Linking C executable cmTC_ee221
/usr/bin/cmake -E cmake_link_script CMakeFiles/cmTC_ee221.dir/link.txt --verbose=1
/usr/bin/cc CMakeFiles/cmTC_ee221.dir/CheckIncludeFile.c.o -o cmTC_ee221  -lm 
gmake[1]: Leaving directory '/home/jalil/Desktop/Never_list_MAIN/CoreParseLib/lib/json-c-build/CMakeFiles/CMakeTmp'



Determining if the include file stdint.h exists passed with the following output:
Change Dir: /home/jalil/Desktop/Never_list_MAIN/CoreParseLib/lib/json-c-build/CMakeFiles/CMakeTmp

Run Build Command(s):/usr/bin/gmake -f Makefile cmTC_429a0/fast && /usr/bin/gmake  -f CMakeFiles/cmTC_429a0.dir/build.make CMakeFiles/cmTC_429a0.dir/build
gmake[1]: Entering directory '/home/jalil/Desktop/Never_list_MAIN/CoreParseLib/lib/json-c-build/CMakeFiles/CMakeTmp'
Building C object CMakeFiles/cmTC_429a0.dir/CheckIncludeFile.c.o
/usr/bin/cc -D_GNU_SOURCE  -fPIE -o CMakeFiles/cmTC_429a0.dir/CheckIncludeFile.c.o -c /home/jalil/Desktop/Never_list_MAIN/CoreParseLib/lib/json-c-build/CMakeFiles/CMakeTmp/CheckIncludeFile.c
Linking C executable cmTC_429a0
/usr/bin/cmake -E cmake_link_script CMakeFiles/cmTC_429a0.dir/link.txt --verbose=1
/usr/bin/cc CMakeFiles/cmTC_429a0.dir/CheckIncludeFile.c.o -o cmTC_429a0  -lm 
gmake[1]: Leaving directory '/home/jalil/Desktop/Never_list_MAIN/CoreParseLib/lib/json-c-build/CMakeFiles/CMakeTmp'



Determining if the include file stdlib.h exists passed with the following output:
Change Dir: /home/jalil/Desktop/Never_list_MAIN/CoreParseLib/lib/json-c-build/CMakeFiles/CMakeTmp

Run Build Command(s):/usr/bin/gmake -f Makefile cmTC_5f48a/fast && /usr/bin/gmake  -f CMakeFiles/cmTC_5f48a.dir/build.make CMakeFiles/cmTC_5f48a.dir/build
gmake[1]: Entering directory '/home/jalil/Desktop/Never_list_MAIN/CoreParseLib/lib/json-c-build/CMakeFiles/CMakeTmp'
Building C object CMakeFiles/cmTC_5f48a.dir/CheckIncludeFile.c.o
/usr/bin/cc -D_GNU_SOURCE  -fPIE -o CMakeFiles/cmTC_5f48a.dir/CheckIncludeFile.c.o -c /home/jalil/Desktop/Never_list_MAIN/CoreParseLib/lib/json-c-build/CMakeFiles/CMakeTmp/CheckIncludeFile.c
Linking C executable cmTC_5f48a
/usr/bin/cmake -E cmake_link_script CMakeFiles/cmTC_5f48a.dir/link.txt --verbose=1
/usr/bin/cc CMakeFiles/cmTC_5f48a.dir/CheckIncludeFile.c.o -o cmTC_5f48a  -lm 
gmake[1]: Leaving directory '/home/jalil/Desktop/Never_list_MAIN/CoreParseLib/lib/json-c-build/CMakeFiles/CMakeTmp'



Determining if the include file sys/cdefs.h exists passed with the following output:
Change Dir: /home/jalil/Desktop/Never_list_MAIN/CoreParseLib/lib/json-c-build/CMakeFiles/CMakeTmp

Run Build Command(s):/usr/bin/gmake -f Makefile cmTC_0c074/fast && /usr/bin/gmake  -f CMakeFiles/cmTC_0c074.dir/build.make CMakeFiles/cmTC_0c074.dir/build
gmake[1]: Entering directory '/home/jalil/Desktop/Never_list_MAIN/CoreParseLib/lib/json-c-build/CMakeFiles/CMakeTmp'
Building C object CMakeFiles/cmTC_0c074.dir/CheckIncludeFile.c.o
/usr/bin/cc -D_GNU_SOURCE  -fPIE -o CMakeFiles/cmTC_0c074.dir/CheckIncludeFile.c.o -c /home/jalil/Desktop/Never_list_MAIN/CoreParseLib/lib/json-c-build/CMakeFiles/CMakeTmp/CheckIncludeFile.c
Linking C executable cmTC_0c074
/usr/bin/cmake -E cmake_link_script CMakeFiles/cmTC_0c074.dir/link.txt --verbose=1
/usr/bin/cc CMakeFiles/cmTC_0c074.dir/CheckIncludeFile.c.o -o cmTC_0c074  -lm 
gmake[1]: Leaving directory '/home/jalil/Desktop/Never_list_MAIN/CoreParseLib/lib/json-c-build/CMakeFiles/CMakeTmp'



Determining if the include file sys/param.h exists passed with the following output:
Change Dir: /home/jalil/Desktop/Never_list_MAIN/CoreParseLib/lib/json-c-build/CMakeFiles/CMakeTmp

Run Build Command(s):/usr/bin/gmake -f Makefile cmTC_043da/fast && /usr/bin/gmake  -f CMakeFiles/cmTC_043da.dir/build.make CMakeFiles/cmTC_043da.dir/build
gmake[1]: Entering directory '/home/jalil/Desktop/Never_list_MAIN/CoreParseLib/lib/json-c-build/CMakeFiles/CMakeTmp'
Building C object CMakeFiles/cmTC_043da.dir/CheckIncludeFile.c.o
/usr/bin/cc -D_GNU_SOURCE  -fPIE -o CMakeFiles/cmTC_043da.dir/CheckIncludeFile.c.o -c /home/jalil/Desktop/Never_list_MAIN/CoreParseLib/lib/json-c-build/CMakeFiles/CMakeTmp/CheckIncludeFile.c
Linking C executable cmTC_043da
/usr/bin/cmake -E cmake_link_script CMakeFiles/cmTC_043da.dir/link.txt --verbose=1
/usr/bin/cc CMakeFiles/cmTC_043da.dir/CheckIncludeFile.c.o -o cmTC_043da  -lm 
gmake[1]: Leaving directory '/home/jalil/Desktop/Never_list_MAIN/CoreParseLib/lib/json-c-build/CMakeFiles/CMakeTmp'



Determining if the include file sys/random.h exists passed with the following output:
Change Dir: /home/jalil/Desktop/Never_list_MAIN/CoreParseLib/lib/json-c-build/CMakeFiles/CMakeTmp

Run Build Command(s):/usr/bin/gmake -f Makefile cmTC_cec19/fast && /usr/bin/gmake  -f CMakeFiles/cmTC_cec19.dir/build.make CMakeFiles/cmTC_cec19.dir/build
gmake[1]: Entering directory '/home/jalil/Desktop/Never_list_MAIN/CoreParseLib/lib/json-c-build/CMakeFiles/CMakeTmp'
Building C object CMakeFiles/cmTC_cec19.dir/CheckIncludeFile.c.o
/usr/bin/cc -D_GNU_SOURCE  -fPIE -o CMakeFiles/cmTC_cec19.dir/CheckIncludeFile.c.o -c /home/jalil/Desktop/Never_list_MAIN/CoreParseLib/lib/json-c-build/CMakeFiles/CMakeTmp/CheckIncludeFile.c
Linking C executable cmTC_cec19
/usr/bin/cmake -E cmake_link_script CMakeFiles/cmTC_cec19.dir/link.txt --verbose=1
/usr/bin/cc CMakeFiles/cmTC_cec19.dir/CheckIncludeFile.c.o -o cmTC_cec19  -lm 
gmake[1]: Leaving directory '/home/jalil/Desktop/Never_list_MAIN/CoreParseLib/lib/json-c-build/CMakeFiles/CMakeTmp'



Determining if the include file sys/stat.h exists passed with the following output:
Change Dir: /home/jalil/Desktop/Never_list_MAIN/CoreParseLib/lib/json-c-build/CMakeFiles/CMakeTmp

Run Build Command(s):/usr/bin/gmake -f Makefile cmTC_65f77/fast && /usr/bin/gmake  -f CMakeFiles/cmTC_65f77.dir/build.make CMakeFiles/cmTC_65f77.dir/build
gmake[1]: Entering directory '/home/jalil/Desktop/Never_list_MAIN/CoreParseLib/lib/json-c-build/CMakeFiles/CMakeTmp'
Building C object CMakeFiles/cmTC_65f77.dir/CheckIncludeFile.c.o
/usr/bin/cc -D_GNU_SOURCE  -fPIE -o CMakeFiles/cmTC_65f77.dir/CheckIncludeFile.c.o -c /home/jalil/Desktop/Never_list_MAIN/CoreParseLib/lib/json-c-build/CMakeFiles/CMakeTmp/CheckIncludeFile.c
Linking C executable cmTC_65f77
/usr/bin/cmake -E cmake_link_script CMakeFiles/cmTC_65f77.dir/link.txt --verbose=1
/usr/bin/cc CMakeFiles/cmTC_65f77.dir/CheckIncludeFile.c.o -o cmTC_65f77  -lm 
gmake[1]: Leaving directory '/home/jalil/Desktop/Never_list_MAIN/CoreParseLib/lib/json-c-build/CMakeFiles/CMakeTmp'



Determining if the INFINITY exist passed with the following output:
Change Dir: /home/jalil/Desktop/Never_list_MAIN/CoreParseLib/lib/json-c-build/CMakeFiles/CMakeTmp

Run Build Command(s):/usr/bin/gmake -f Makefile cmTC_2f9e4/fast && /usr/bin/gmake  -f CMakeFiles/cmTC_2f9e4.dir/build.make CMakeFiles/cmTC_2f9e4.dir/build
gmake[1]: Entering directory '/home/jalil/Desktop/Never_list_MAIN/CoreParseLib/lib/json-c-build/CMakeFiles/CMakeTmp'
Building C object CMakeFiles/cmTC_2f9e4.dir/CheckSymbolExists.c.o
/usr/bin/cc -D_GNU_SOURCE  -fPIE -o CMakeFiles/cmTC_2f9e4.dir/CheckSymbolExists.c.o -c /home/jalil/Desktop/Never_list_MAIN/CoreParseLib/lib/json-c-build/CMakeFiles/CMakeTmp/CheckSymbolExists.c
Linking C executable cmTC_2f9e4
/usr/bin/cmake -E cmake_link_script CMakeFiles/cmTC_2f9e4.dir/link.txt --verbose=1
/usr/bin/cc CMakeFiles/cmTC_2f9e4.dir/CheckSymbolExists.c.o -o cmTC_2f9e4  -lm 
gmake[1]: Leaving directory '/home/jalil/Desktop/Never_list_MAIN/CoreParseLib/lib/json-c-build/CMakeFiles/CMakeTmp'


File /home/jalil/Desktop/Never_list_MAIN/CoreParseLib/lib/json-c-build/CMakeFiles/CMakeTmp/CheckSymbolExists.c:
/* */
#include <math.h>

int main(int argc, char** argv)
{
  (void)argv;
#ifndef INFINITY
  return ((int*)(&INFINITY))[argc];
#else
  (void)argc;
  return 0;
#endif
}
Determining if the isinf exist passed with the following output:
Change Dir: /home/jalil/Desktop/Never_list_MAIN/CoreParseLib/lib/json-c-build/CMakeFiles/CMakeTmp

Run Build Command(s):/usr/bin/gmake -f Makefile cmTC_aa1df/fast && /usr/bin/gmake  -f CMakeFiles/cmTC_aa1df.dir/build.make CMakeFiles/cmTC_aa1df.dir/build
gmake[1]: Entering directory '/home/jalil/Desktop/Never_list_MAIN/CoreParseLib/lib/json-c-build/CMakeFiles/CMakeTmp'
Building C object CMakeFiles/cmTC_aa1df.dir/CheckSymbolExists.c.o
/usr/bin/cc -D_GNU_SOURCE  -fPIE -o CMakeFiles/cmTC_aa1df.dir/CheckSymbolExists.c.o -c /home/jalil/Desktop/Never_list_MAIN/CoreParseLib/lib/json-c-build/CMakeFiles/CMakeTmp/CheckSymbolExists.c
Linking C executable cmTC_aa1df
/usr/bin/cmake -E cmake_link_script CMakeFiles/cmTC_aa1df.dir/link.txt --verbose=1
/usr/bin/cc CMakeFiles/cmTC_aa1df.dir/CheckSymbolExists.c.o -o cmTC_aa1df  -lm 
gmake[1]: Leaving directory '/home/jalil/Desktop/Never_list_MAIN/CoreParseLib/lib/json-c-build/CMakeFiles/CMakeTmp'


File /home/jalil/Desktop/Never_list_MAIN/CoreParseLib/lib/json-c-build/CMakeFiles/CMakeTmp/CheckSymbolExists.c:
/* */
#include <math.h>

int main(int argc, char** argv)
{
  (void)argv;
#ifndef isinf
  return ((int*)(&isinf))[argc];
#else
  (void)argc;
  return 0;
#endif
}
Determining if the isnan exist passed with the following output:
Change Dir: /home/jalil/Desktop/Never_list_MAIN/CoreParseLib/lib/json-c-build/CMakeFiles/CMakeTmp

Run Build Command(s):/usr/bin/gmake -f Makefile cmTC_35dc9/fast && /usr/bin/gmake  -f CMakeFiles/cmTC_35dc9.dir/build.make CMakeFiles/cmTC_35dc9.dir/build
gmake[1]: Entering directory '/home/jalil/Desktop/Never_list_MAIN/CoreParseLib/lib/json-c-build/CMakeFiles/CMakeTmp'
Building C object CMakeFiles/cmTC_35dc9.dir/CheckSymbolExists.c.o
/usr/bin/cc -D_GNU_SOURCE  -fPIE -o CMakeFiles/cmTC_35dc9.dir/CheckSymbolExists.c.o -c /home/jalil/Desktop/Never_list_MAIN/CoreParseLib/lib/json-c-build/CMakeFiles/CMakeTmp/CheckSymbolExists.c
Linking C executable cmTC_35dc9
/usr/bin/cmake -E cmake_link_script CMakeFiles/cmTC_35dc9.dir/link.txt --verbose=1
/usr/bin/cc CMakeFiles/cmTC_35dc9.dir/CheckSymbolExists.c.o -o cmTC_35dc9  -lm 
gmake[1]: Leaving directory '/home/jalil/Desktop/Never_list_MAIN/CoreParseLib/lib/json-c-build/CMakeFiles/CMakeTmp'


File /home/jalil/Desktop/Never_list_MAIN/CoreParseLib/lib/json-c-build/CMakeFiles/CMakeTmp/CheckSymbolExists.c:
/* */
#include <math.h>

int main(int argc, char** argv)
{
  (void)argv;
#ifndef isnan
  return ((int*)(&isnan))[argc];
#else
  (void)argc;
  return 0;
#endif
}
Determining if the nan exist passed with the following output:
Change Dir: /home/jalil/Desktop/Never_list_MAIN/CoreParseLib/lib/json-c-build/CMakeFiles/CMakeTmp

Run Build Command(s):/usr/bin/gmake -f Makefile cmTC_ae4c6/fast && /usr/bin/gmake  -f CMakeFiles/cmTC_ae4c6.dir/build.make CMakeFiles/cmTC_ae4c6.dir/build
gmake[1]: Entering directory '/home/jalil/Desktop/Never_list_MAIN/CoreParseLib/lib/json-c-build/CMakeFiles/CMakeTmp'
Building C object CMakeFiles/cmTC_ae4c6.dir/CheckSymbolExists.c.o
/usr/bin/cc -D_GNU_SOURCE  -fPIE -o CMakeFiles/cmTC_ae4c6.dir/CheckSymbolExists.c.o -c /home/jalil/Desktop/Never_list_MAIN/CoreParseLib/lib/json-c-build/CMakeFiles/CMakeTmp/CheckSymbolExists.c
Linking C executable cmTC_ae4c6
/usr/bin/cmake -E cmake_link_script CMakeFiles/cmTC_ae4c6.dir/link.txt --verbose=1
/usr/bin/cc CMakeFiles/cmTC_ae4c6.dir/CheckSymbolExists.c.o -o cmTC_ae4c6  -lm 
gmake[1]: Leaving directory '/home/jalil/Desktop/Never_list_MAIN/CoreParseLib/lib/json-c-build/CMakeFiles/CMakeTmp'


File /home/jalil/Desktop/Never_list_MAIN/CoreParseLib/lib/json-c-build/CMakeFiles/CMakeTmp/CheckSymbolExists.c:
/* */
#include <math.h>

int main(int argc, char** argv)
{
  (void)argv;
#ifndef nan
  return ((int*)(&nan))[argc];
#else
  (void)argc;
  return 0;
#endif
}
Determining if the snprintf exist passed with the following output:
Change Dir: /home/jalil/Desktop/Never_list_MAIN/CoreParseLib/lib/json-c-build/CMakeFiles/CMakeTmp

Run Build Command(s):/usr/bin/gmake -f Makefile cmTC_8d9d1/fast && /usr/bin/gmake  -f CMakeFiles/cmTC_8d9d1.dir/build.make CMakeFiles/cmTC_8d9d1.dir/build
gmake[1]: Entering directory '/home/jalil/Desktop/Never_list_MAIN/CoreParseLib/lib/json-c-build/CMakeFiles/CMakeTmp'
Building C object CMakeFiles/cmTC_8d9d1.dir/CheckSymbolExists.c.o
/usr/bin/cc -D_GNU_SOURCE  -fPIE -o CMakeFiles/cmTC_8d9d1.dir/CheckSymbolExists.c.o -c /home/jalil/Desktop/Never_list_MAIN/CoreParseLib/lib/json-c-build/CMakeFiles/CMakeTmp/CheckSymbolExists.c
Linking C executable cmTC_8d9d1
/usr/bin/cmake -E cmake_link_script CMakeFiles/cmTC_8d9d1.dir/link.txt --verbose=1
/usr/bin/cc CMakeFiles/cmTC_8d9d1.dir/CheckSymbolExists.c.o -o cmTC_8d9d1  -lm 
gmake[1]: Leaving directory '/home/jalil/Desktop/Never_list_MAIN/CoreParseLib/lib/json-c-build/CMakeFiles/CMakeTmp'


File /home/jalil/Desktop/Never_list_MAIN/CoreParseLib/lib/json-c-build/CMakeFiles/CMakeTmp/CheckSymbolExists.c:
/* */
#include <stdio.h>

int main(int argc, char** argv)
{
  (void)argv;
#ifndef snprintf
  return ((int*)(&snprintf))[argc];
#else
  (void)argc;
  return 0;
#endif
}
Determining if the vasprintf exist passed with the following output:
Change Dir: /home/jalil/Desktop/Never_list_MAIN/CoreParseLib/lib/json-c-build/CMakeFiles/CMakeTmp

Run Build Command(s):/usr/bin/gmake -f Makefile cmTC_2c487/fast && /usr/bin/gmake  -f CMakeFiles/cmTC_2c487.dir/build.make CMakeFiles/cmTC_2c487.dir/build
gmake[1]: Entering directory '/home/jalil/Desktop/Never_list_MAIN/CoreParseLib/lib/json-c-build/CMakeFiles/CMakeTmp'
Building C object CMakeFiles/cmTC_2c487.dir/CheckSymbolExists.c.o
/usr/bin/cc -D_GNU_SOURCE  -fPIE -o CMakeFiles/cmTC_2c487.dir/CheckSymbolExists.c.o -c /home/jalil/Desktop/Never_list_MAIN/CoreParseLib/lib/json-c-build/CMakeFiles/CMakeTmp/CheckSymbolExists.c
Linking C executable cmTC_2c487
/usr/bin/cmake -E cmake_link_script CMakeFiles/cmTC_2c487.dir/link.txt --verbose=1
/usr/bin/cc CMakeFiles/cmTC_2c487.dir/CheckSymbolExists.c.o -o cmTC_2c487  -lm 
gmake[1]: Leaving directory '/home/jalil/Desktop/Never_list_MAIN/CoreParseLib/lib/json-c-build/CMakeFiles/CMakeTmp'


File /home/jalil/Desktop/Never_list_MAIN/CoreParseLib/lib/json-c-build/CMakeFiles/CMakeTmp/CheckSymbolExists.c:
/* */
#include <stdio.h>

int main(int argc, char** argv)
{
  (void)argv;
#ifndef vasprintf
  return ((int*)(&vasprintf))[argc];
#else
  (void)argc;
  return 0;
#endif
}
Determining if the vsnprintf exist passed with the following output:
Change Dir: /home/jalil/Desktop/Never_list_MAIN/CoreParseLib/lib/json-c-build/CMakeFiles/CMakeTmp

Run Build Command(s):/usr/bin/gmake -f Makefile cmTC_647d9/fast && /usr/bin/gmake  -f CMakeFiles/cmTC_647d9.dir/build.make CMakeFiles/cmTC_647d9.dir/build
gmake[1]: Entering directory '/home/jalil/Desktop/Never_list_MAIN/CoreParseLib/lib/json-c-build/CMakeFiles/CMakeTmp'
Building C object CMakeFiles/cmTC_647d9.dir/CheckSymbolExists.c.o
/usr/bin/cc -D_GNU_SOURCE  -fPIE -o CMakeFiles/cmTC_647d9.dir/CheckSymbolExists.c.o -c /home/jalil/Desktop/Never_list_MAIN/CoreParseLib/lib/json-c-build/CMakeFiles/CMakeTmp/CheckSymbolExists.c
Linking C executable cmTC_647d9
/usr/bin/cmake -E cmake_link_script CMakeFiles/cmTC_647d9.dir/link.txt --verbose=1
/usr/bin/cc CMakeFiles/cmTC_647d9.dir/CheckSymbolExists.c.o -o cmTC_647d9  -lm 
gmake[1]: Leaving directory '/home/jalil/Desktop/Never_list_MAIN/CoreParseLib/lib/json-c-build/CMakeFiles/CMakeTmp'


File /home/jalil/Desktop/Never_list_MAIN/CoreParseLib/lib/json-c-build/CMakeFiles/CMakeTmp/CheckSymbolExists.c:
/* */
#include <stdio.h>

int main(int argc, char** argv)
{
  (void)argv;
#ifndef vsnprintf
  return ((int*)(&vsnprintf))[argc];
#else
  (void)argc;
  return 0;
#endif
}
Determining if the vprintf exist passed with the following output:
Change Dir: /home/jalil/Desktop/Never_list_MAIN/CoreParseLib/lib/json-c-build/CMakeFiles/CMakeTmp

Run Build Command(s):/usr/bin/gmake -f Makefile cmTC_7b665/fast && /usr/bin/gmake  -f CMakeFiles/cmTC_7b665.dir/build.make CMakeFiles/cmTC_7b665.dir/build
gmake[1]: Entering directory '/home/jalil/Desktop/Never_list_MAIN/CoreParseLib/lib/json-c-build/CMakeFiles/CMakeTmp'
Building C object CMakeFiles/cmTC_7b665.dir/CheckSymbolExists.c.o
/usr/bin/cc -D_GNU_SOURCE  -fPIE -o CMakeFiles/cmTC_7b665.dir/CheckSymbolExists.c.o -c /home/jalil/Desktop/Never_list_MAIN/CoreParseLib/lib/json-c-build/CMakeFiles/CMakeTmp/CheckSymbolExists.c
Linking C executable cmTC_7b665
/usr/bin/cmake -E cmake_link_script CMakeFiles/cmTC_7b665.dir/link.txt --verbose=1
/usr/bin/cc CMakeFiles/cmTC_7b665.dir/CheckSymbolExists.c.o -o cmTC_7b665  -lm 
gmake[1]: Leaving directory '/home/jalil/Desktop/Never_list_MAIN/CoreParseLib/lib/json-c-build/CMakeFiles/CMakeTmp'


File /home/jalil/Desktop/Never_list_MAIN/CoreParseLib/lib/json-c-build/CMakeFiles/CMakeTmp/CheckSymbolExists.c:
/* */
#include <stdio.h>

int main(int argc, char** argv)
{
  (void)argv;
#ifndef vprintf
  return ((int*)(&vprintf))[argc];
#else
  (void)argc;
  return 0;
#endif
}
Determining if the open exist passed with the following output:
Change Dir: /home/jalil/Desktop/Never_list_MAIN/CoreParseLib/lib/json-c-build/CMakeFiles/CMakeTmp

Run Build Command(s):/usr/bin/gmake -f Makefile cmTC_561fa/fast && /usr/bin/gmake  -f CMakeFiles/cmTC_561fa.dir/build.make CMakeFiles/cmTC_561fa.dir/build
gmake[1]: Entering directory '/home/jalil/Desktop/Never_list_MAIN/CoreParseLib/lib/json-c-build/CMakeFiles/CMakeTmp'
Building C object CMakeFiles/cmTC_561fa.dir/CheckSymbolExists.c.o
/usr/bin/cc -D_GNU_SOURCE  -fPIE -o CMakeFiles/cmTC_561fa.dir/CheckSymbolExists.c.o -c /home/jalil/Desktop/Never_list_MAIN/CoreParseLib/lib/json-c-build/CMakeFiles/CMakeTmp/CheckSymbolExists.c
Linking C executable cmTC_561fa
/usr/bin/cmake -E cmake_link_script CMakeFiles/cmTC_561fa.dir/link.txt --verbose=1
/usr/bin/cc CMakeFiles/cmTC_561fa.dir/CheckSymbolExists.c.o -o cmTC_561fa  -lm 
gmake[1]: Leaving directory '/home/jalil/Desktop/Never_list_MAIN/CoreParseLib/lib/json-c-build/CMakeFiles/CMakeTmp'


File /home/jalil/Desktop/Never_list_MAIN/CoreParseLib/lib/json-c-build/CMakeFiles/CMakeTmp/CheckSymbolExists.c:
/* */
#include <fcntl.h>

int main(int argc, char** argv)
{
  (void)argv;
#ifndef open
  return ((int*)(&open))[argc];
#else
  (void)argc;
  return 0;
#endif
}
Determining if the realloc exist passed with the following output:
Change Dir: /home/jalil/Desktop/Never_list_MAIN/CoreParseLib/lib/json-c-build/CMakeFiles/CMakeTmp

Run Build Command(s):/usr/bin/gmake -f Makefile cmTC_f6aa3/fast && /usr/bin/gmake  -f CMakeFiles/cmTC_f6aa3.dir/build.make CMakeFiles/cmTC_f6aa3.dir/build
gmake[1]: Entering directory '/home/jalil/Desktop/Never_list_MAIN/CoreParseLib/lib/json-c-build/CMakeFiles/CMakeTmp'
Building C object CMakeFiles/cmTC_f6aa3.dir/CheckSymbolExists.c.o
/usr/bin/cc -D_GNU_SOURCE  -fPIE -o CMakeFiles/cmTC_f6aa3.dir/CheckSymbolExists.c.o -c /home/jalil/Desktop/Never_list_MAIN/CoreParseLib/lib/json-c-build/CMakeFiles/CMakeTmp/CheckSymbolExists.c
Linking C executable cmTC_f6aa3
/usr/bin/cmake -E cmake_link_script CMakeFiles/cmTC_f6aa3.dir/link.txt --verbose=1
/usr/bin/cc CMakeFiles/cmTC_f6aa3.dir/CheckSymbolExists.c.o -o cmTC_f6aa3  -lm 
gmake[1]: Leaving directory '/home/jalil/Desktop/Never_list_MAIN/CoreParseLib/lib/json-c-build/CMakeFiles/CMakeTmp'


File /home/jalil/Desktop/Never_list_MAIN/CoreParseLib/lib/json-c-build/CMakeFiles/CMakeTmp/CheckSymbolExists.c:
/* */
#include <stdlib.h>

int main(int argc, char** argv)
{
  (void)argv;
#ifndef realloc
  return ((int*)(&realloc))[argc];
#else
  (void)argc;
  return 0;
#endif
}
Determining if the setlocale exist passed with the following output:
Change Dir: /home/jalil/Desktop/Never_list_MAIN/CoreParseLib/lib/json-c-build/CMakeFiles/CMakeTmp

Run Build Command(s):/usr/bin/gmake -f Makefile cmTC_5b5f6/fast && /usr/bin/gmake  -f CMakeFiles/cmTC_5b5f6.dir/build.make CMakeFiles/cmTC_5b5f6.dir/build
gmake[1]: Entering directory '/home/jalil/Desktop/Never_list_MAIN/CoreParseLib/lib/json-c-build/CMakeFiles/CMakeTmp'
Building C object CMakeFiles/cmTC_5b5f6.dir/CheckSymbolExists.c.o
/usr/bin/cc -D_GNU_SOURCE  -fPIE -o CMakeFiles/cmTC_5b5f6.dir/CheckSymbolExists.c.o -c /home/jalil/Desktop/Never_list_MAIN/CoreParseLib/lib/json-c-build/CMakeFiles/CMakeTmp/CheckSymbolExists.c
Linking C executable cmTC_5b5f6
/usr/bin/cmake -E cmake_link_script CMakeFiles/cmTC_5b5f6.dir/link.txt --verbose=1
/usr/bin/cc CMakeFiles/cmTC_5b5f6.dir/CheckSymbolExists.c.o -o cmTC_5b5f6  -lm 
gmake[1]: Leaving directory '/home/jalil/Desktop/Never_list_MAIN/CoreParseLib/lib/json-c-build/CMakeFiles/CMakeTmp'


File /home/jalil/Desktop/Never_list_MAIN/CoreParseLib/lib/json-c-build/CMakeFiles/CMakeTmp/CheckSymbolExists.c:
/* */
#include <locale.h>

int main(int argc, char** argv)
{
  (void)argv;
#ifndef setlocale
  return ((int*)(&setlocale))[argc];
#else
  (void)argc;
  return 0;
#endif
}
Determining if the uselocale exist passed with the following output:
Change Dir: /home/jalil/Desktop/Never_list_MAIN/CoreParseLib/lib/json-c-build/CMakeFiles/CMakeTmp

Run Build Command(s):/usr/bin/gmake -f Makefile cmTC_76b95/fast && /usr/bin/gmake  -f CMakeFiles/cmTC_76b95.dir/build.make CMakeFiles/cmTC_76b95.dir/build
gmake[1]: Entering directory '/home/jalil/Desktop/Never_list_MAIN/CoreParseLib/lib/json-c-build/CMakeFiles/CMakeTmp'
Building C object CMakeFiles/cmTC_76b95.dir/CheckSymbolExists.c.o
/usr/bin/cc -D_GNU_SOURCE  -fPIE -o CMakeFiles/cmTC_76b95.dir/CheckSymbolExists.c.o -c /home/jalil/Desktop/Never_list_MAIN/CoreParseLib/lib/json-c-build/CMakeFiles/CMakeTmp/CheckSymbolExists.c
Linking C executable cmTC_76b95
/usr/bin/cmake -E cmake_link_script CMakeFiles/cmTC_76b95.dir/link.txt --verbose=1
/usr/bin/cc CMakeFiles/cmTC_76b95.dir/CheckSymbolExists.c.o -o cmTC_76b95  -lm 
gmake[1]: Leaving directory '/home/jalil/Desktop/Never_list_MAIN/CoreParseLib/lib/json-c-build/CMakeFiles/CMakeTmp'


File /home/jalil/Desktop/Never_list_MAIN/CoreParseLib/lib/json-c-build/CMakeFiles/CMakeTmp/CheckSymbolExists.c:
/* */
#include <locale.h>

int main(int argc, char** argv)
{
  (void)argv;
#ifndef uselocale
  return ((int*)(&uselocale))[argc];
#else
  (void)argc;
  return 0;
#endif
}
Determining if the strcasecmp exist passed with the following output:
Change Dir: /home/jalil/Desktop/Never_list_MAIN/CoreParseLib/lib/json-c-build/CMakeFiles/CMakeTmp

Run Build Command(s):/usr/bin/gmake -f Makefile cmTC_2a1aa/fast && /usr/bin/gmake  -f CMakeFiles/cmTC_2a1aa.dir/build.make CMakeFiles/cmTC_2a1aa.dir/build
gmake[1]: Entering directory '/home/jalil/Desktop/Never_list_MAIN/CoreParseLib/lib/json-c-build/CMakeFiles/CMakeTmp'
Building C object CMakeFiles/cmTC_2a1aa.dir/CheckSymbolExists.c.o
/usr/bin/cc -D_GNU_SOURCE  -fPIE -o CMakeFiles/cmTC_2a1aa.dir/CheckSymbolExists.c.o -c /home/jalil/Desktop/Never_list_MAIN/CoreParseLib/lib/json-c-build/CMakeFiles/CMakeTmp/CheckSymbolExists.c
Linking C executable cmTC_2a1aa
/usr/bin/cmake -E cmake_link_script CMakeFiles/cmTC_2a1aa.dir/link.txt --verbose=1
/usr/bin/cc CMakeFiles/cmTC_2a1aa.dir/CheckSymbolExists.c.o -o cmTC_2a1aa  -lm 
gmake[1]: Leaving directory '/home/jalil/Desktop/Never_list_MAIN/CoreParseLib/lib/json-c-build/CMakeFiles/CMakeTmp'


File /home/jalil/Desktop/Never_list_MAIN/CoreParseLib/lib/json-c-build/CMakeFiles/CMakeTmp/CheckSymbolExists.c:
/* */
#include <strings.h>

int main(int argc, char** argv)
{
  (void)argv;
#ifndef strcasecmp
  return ((int*)(&strcasecmp))[argc];
#else
  (void)argc;
  return 0;
#endif
}
Determining if the strncasecmp exist passed with the following output:
Change Dir: /home/jalil/Desktop/Never_list_MAIN/CoreParseLib/lib/json-c-build/CMakeFiles/CMakeTmp

Run Build Command(s):/usr/bin/gmake -f Makefile cmTC_04f5a/fast && /usr/bin/gmake  -f CMakeFiles/cmTC_04f5a.dir/build.make CMakeFiles/cmTC_04f5a.dir/build
gmake[1]: Entering directory '/home/jalil/Desktop/Never_list_MAIN/CoreParseLib/lib/json-c-build/CMakeFiles/CMakeTmp'
Building C object CMakeFiles/cmTC_04f5a.dir/CheckSymbolExists.c.o
/usr/bin/cc -D_GNU_SOURCE  -fPIE -o CMakeFiles/cmTC_04f5a.dir/CheckSymbolExists.c.o -c /home/jalil/Desktop/Never_list_MAIN/CoreParseLib/lib/json-c-build/CMakeFiles/CMakeTmp/CheckSymbolExists.c
Linking C executable cmTC_04f5a
/usr/bin/cmake -E cmake_link_script CMakeFiles/cmTC_04f5a.dir/link.txt --verbose=1
/usr/bin/cc CMakeFiles/cmTC_04f5a.dir/CheckSymbolExists.c.o -o cmTC_04f5a  -lm 
gmake[1]: Leaving directory '/home/jalil/Desktop/Never_list_MAIN/CoreParseLib/lib/json-c-build/CMakeFiles/CMakeTmp'


File /home/jalil/Desktop/Never_list_MAIN/CoreParseLib/lib/json-c-build/CMakeFiles/CMakeTmp/CheckSymbolExists.c:
/* */
#include <strings.h>

int main(int argc, char** argv)
{
  (void)argv;
#ifndef strncasecmp
  return ((int*)(&strncasecmp))[argc];
#else
  (void)argc;
  return 0;
#endif
}
Determining if the strdup exist passed with the following output:
Change Dir: /home/jalil/Desktop/Never_list_MAIN/CoreParseLib/lib/json-c-build/CMakeFiles/CMakeTmp

Run Build Command(s):/usr/bin/gmake -f Makefile cmTC_6f617/fast && /usr/bin/gmake  -f CMakeFiles/cmTC_6f617.dir/build.make CMakeFiles/cmTC_6f617.dir/build
gmake[1]: Entering directory '/home/jalil/Desktop/Never_list_MAIN/CoreParseLib/lib/json-c-build/CMakeFiles/CMakeTmp'
Building C object CMakeFiles/cmTC_6f617.dir/CheckSymbolExists.c.o
/usr/bin/cc -D_GNU_SOURCE  -fPIE -o CMakeFiles/cmTC_6f617.dir/CheckSymbolExists.c.o -c /home/jalil/Desktop/Never_list_MAIN/CoreParseLib/lib/json-c-build/CMakeFiles/CMakeTmp/CheckSymbolExists.c
Linking C executable cmTC_6f617
/usr/bin/cmake -E cmake_link_script CMakeFiles/cmTC_6f617.dir/link.txt --verbose=1
/usr/bin/cc CMakeFiles/cmTC_6f617.dir/CheckSymbolExists.c.o -o cmTC_6f617  -lm 
gmake[1]: Leaving directory '/home/jalil/Desktop/Never_list_MAIN/CoreParseLib/lib/json-c-build/CMakeFiles/CMakeTmp'


File /home/jalil/Desktop/Never_list_MAIN/CoreParseLib/lib/json-c-build/CMakeFiles/CMakeTmp/CheckSymbolExists.c:
/* */
#include <string.h>

int main(int argc, char** argv)
{
  (void)argv;
#ifndef strdup
  return ((int*)(&strdup))[argc];
#else
  (void)argc;
  return 0;
#endif
}
Determining if the strerror exist passed with the following output:
Change Dir: /home/jalil/Desktop/Never_list_MAIN/CoreParseLib/lib/json-c-build/CMakeFiles/CMakeTmp

Run Build Command(s):/usr/bin/gmake -f Makefile cmTC_20cd7/fast && /usr/bin/gmake  -f CMakeFiles/cmTC_20cd7.dir/build.make CMakeFiles/cmTC_20cd7.dir/build
gmake[1]: Entering directory '/home/jalil/Desktop/Never_list_MAIN/CoreParseLib/lib/json-c-build/CMakeFiles/CMakeTmp'
Building C object CMakeFiles/cmTC_20cd7.dir/CheckSymbolExists.c.o
/usr/bin/cc -D_GNU_SOURCE  -fPIE -o CMakeFiles/cmTC_20cd7.dir/CheckSymbolExists.c.o -c /home/jalil/Desktop/Never_list_MAIN/CoreParseLib/lib/json-c-build/CMakeFiles/CMakeTmp/CheckSymbolExists.c
Linking C executable cmTC_20cd7
/usr/bin/cmake -E cmake_link_script CMakeFiles/cmTC_20cd7.dir/link.txt --verbose=1
/usr/bin/cc CMakeFiles/cmTC_20cd7.dir/CheckSymbolExists.c.o -o cmTC_20cd7  -lm 
gmake[1]: Leaving directory '/home/jalil/Desktop/Never_list_MAIN/CoreParseLib/lib/json-c-build/CMakeFiles/CMakeTmp'


File /home/jalil/Desktop/Never_list_MAIN/CoreParseLib/lib/json-c-build/CMakeFiles/CMakeTmp/CheckSymbolExists.c:
/* */
#include <string.h>

int main(int argc, char** argv)
{
  (void)argv;
#ifndef strerror
  return ((int*)(&strerror))[argc];
#else
  (void)argc;
  return 0;
#endif
}
Determining if the vsyslog exist passed with the following output:
Change Dir: /home/jalil/Desktop/Never_list_MAIN/CoreParseLib/lib/json-c-build/CMakeFiles/CMakeTmp

Run Build Command(s):/usr/bin/gmake -f Makefile cmTC_bc69c/fast && /usr/bin/gmake  -f CMakeFiles/cmTC_bc69c.dir/build.make CMakeFiles/cmTC_bc69c.dir/build
gmake[1]: Entering directory '/home/jalil/Desktop/Never_list_MAIN/CoreParseLib/lib/json-c-build/CMakeFiles/CMakeTmp'
Building C object CMakeFiles/cmTC_bc69c.dir/CheckSymbolExists.c.o
/usr/bin/cc -D_GNU_SOURCE  -fPIE -o CMakeFiles/cmTC_bc69c.dir/CheckSymbolExists.c.o -c /home/jalil/Desktop/Never_list_MAIN/CoreParseLib/lib/json-c-build/CMakeFiles/CMakeTmp/CheckSymbolExists.c
Linking C executable cmTC_bc69c
/usr/bin/cmake -E cmake_link_script CMakeFiles/cmTC_bc69c.dir/link.txt --verbose=1
/usr/bin/cc CMakeFiles/cmTC_bc69c.dir/CheckSymbolExists.c.o -o cmTC_bc69c  -lm 
gmake[1]: Leaving directory '/home/jalil/Desktop/Never_list_MAIN/CoreParseLib/lib/json-c-build/CMakeFiles/CMakeTmp'


File /home/jalil/Desktop/Never_list_MAIN/CoreParseLib/lib/json-c-build/CMakeFiles/CMakeTmp/CheckSymbolExists.c:
/* */
#include <syslog.h>

int main(int argc, char** argv)
{
  (void)argv;
#ifndef vsyslog
  return ((int*)(&vsyslog))[argc];
#else
  (void)argc;
  return 0;
#endif
}
Determining if the getrandom exist passed with the following output:
Change Dir: /home/jalil/Desktop/Never_list_MAIN/CoreParseLib/lib/json-c-build/CMakeFiles/CMakeTmp

Run Build Command(s):/usr/bin/gmake -f Makefile cmTC_0d927/fast && /usr/bin/gmake  -f CMakeFiles/cmTC_0d927.dir/build.make CMakeFiles/cmTC_0d927.dir/build
gmake[1]: Entering directory '/home/jalil/Desktop/Never_list_MAIN/CoreParseLib/lib/json-c-build/CMakeFiles/CMakeTmp'
Building C object CMakeFiles/cmTC_0d927.dir/CheckSymbolExists.c.o
/usr/bin/cc -D_GNU_SOURCE  -fPIE -o CMakeFiles/cmTC_0d927.dir/CheckSymbolExists.c.o -c /home/jalil/Desktop/Never_list_MAIN/CoreParseLib/lib/json-c-build/CMakeFiles/CMakeTmp/CheckSymbolExists.c
Linking C executable cmTC_0d927
/usr/bin/cmake -E cmake_link_script CMakeFiles/cmTC_0d927.dir/link.txt --verbose=1
/usr/bin/cc CMakeFiles/cmTC_0d927.dir/CheckSymbolExists.c.o -o cmTC_0d927  -lm 
gmake[1]: Leaving directory '/home/jalil/Desktop/Never_list_MAIN/CoreParseLib/lib/json-c-build/CMakeFiles/CMakeTmp'


File /home/jalil/Desktop/Never_list_MAIN/CoreParseLib/lib/json-c-build/CMakeFiles/CMakeTmp/CheckSymbolExists.c:
/* */
#include <sys/random.h>

int main(int argc, char** argv)
{
  (void)argv;
#ifndef getrandom
  return ((int*)(&getrandom))[argc];
#else
  (void)argc;
  return 0;
#endif
}
Determining if the getrusage exist passed with the following output:
Change Dir: /home/jalil/Desktop/Never_list_MAIN/CoreParseLib/lib/json-c-build/CMakeFiles/CMakeTmp

Run Build Command(s):/usr/bin/gmake -f Makefile cmTC_cf4ca/fast && /usr/bin/gmake  -f CMakeFiles/cmTC_cf4ca.dir/build.make CMakeFiles/cmTC_cf4ca.dir/build
gmake[1]: Entering directory '/home/jalil/Desktop/Never_list_MAIN/CoreParseLib/lib/json-c-build/CMakeFiles/CMakeTmp'
Building C object CMakeFiles/cmTC_cf4ca.dir/CheckSymbolExists.c.o
/usr/bin/cc -D_GNU_SOURCE  -fPIE -o CMakeFiles/cmTC_cf4ca.dir/CheckSymbolExists.c.o -c /home/jalil/Desktop/Never_list_MAIN/CoreParseLib/lib/json-c-build/CMakeFiles/CMakeTmp/CheckSymbolExists.c
Linking C executable cmTC_cf4ca
/usr/bin/cmake -E cmake_link_script CMakeFiles/cmTC_cf4ca.dir/link.txt --verbose=1
/usr/bin/cc CMakeFiles/cmTC_cf4ca.dir/CheckSymbolExists.c.o -o cmTC_cf4ca  -lm 
gmake[1]: Leaving directory '/home/jalil/Desktop/Never_list_MAIN/CoreParseLib/lib/json-c-build/CMakeFiles/CMakeTmp'


File /home/jalil/Desktop/Never_list_MAIN/CoreParseLib/lib/json-c-build/CMakeFiles/CMakeTmp/CheckSymbolExists.c:
/* */
#include <sys/resource.h>

int main(int argc, char** argv)
{
  (void)argv;
#ifndef getrusage
  return ((int*)(&getrusage))[argc];
#else
  (void)argc;
  return 0;
#endif
}
Determining if the strtoll exist passed with the following output:
Change Dir: /home/jalil/Desktop/Never_list_MAIN/CoreParseLib/lib/json-c-build/CMakeFiles/CMakeTmp

Run Build Command(s):/usr/bin/gmake -f Makefile cmTC_b6c24/fast && /usr/bin/gmake  -f CMakeFiles/cmTC_b6c24.dir/build.make CMakeFiles/cmTC_b6c24.dir/build
gmake[1]: Entering directory '/home/jalil/Desktop/Never_list_MAIN/CoreParseLib/lib/json-c-build/CMakeFiles/CMakeTmp'
Building C object CMakeFiles/cmTC_b6c24.dir/CheckSymbolExists.c.o
/usr/bin/cc -D_GNU_SOURCE  -fPIE -o CMakeFiles/cmTC_b6c24.dir/CheckSymbolExists.c.o -c /home/jalil/Desktop/Never_list_MAIN/CoreParseLib/lib/json-c-build/CMakeFiles/CMakeTmp/CheckSymbolExists.c
Linking C executable cmTC_b6c24
/usr/bin/cmake -E cmake_link_script CMakeFiles/cmTC_b6c24.dir/link.txt --verbose=1
/usr/bin/cc CMakeFiles/cmTC_b6c24.dir/CheckSymbolExists.c.o -o cmTC_b6c24  -lm 
gmake[1]: Leaving directory '/home/jalil/Desktop/Never_list_MAIN/CoreParseLib/lib/json-c-build/CMakeFiles/CMakeTmp'


File /home/jalil/Desktop/Never_list_MAIN/CoreParseLib/lib/json-c-build/CMakeFiles/CMakeTmp/CheckSymbolExists.c:
/* */
#include <stdlib.h>

int main(int argc, char** argv)
{
  (void)argv;
#ifndef strtoll
  return ((int*)(&strtoll))[argc];
#else
  (void)argc;
  return 0;
#endif
}
Determining if the strtoull exist passed with the following output:
Change Dir: /home/jalil/Desktop/Never_list_MAIN/CoreParseLib/lib/json-c-build/CMakeFiles/CMakeTmp

Run Build Command(s):/usr/bin/gmake -f Makefile cmTC_73a3d/fast && /usr/bin/gmake  -f CMakeFiles/cmTC_73a3d.dir/build.make CMakeFiles/cmTC_73a3d.dir/build
gmake[1]: Entering directory '/home/jalil/Desktop/Never_list_MAIN/CoreParseLib/lib/json-c-build/CMakeFiles/CMakeTmp'
Building C object CMakeFiles/cmTC_73a3d.dir/CheckSymbolExists.c.o
/usr/bin/cc -D_GNU_SOURCE  -fPIE -o CMakeFiles/cmTC_73a3d.dir/CheckSymbolExists.c.o -c /home/jalil/Desktop/Never_list_MAIN/CoreParseLib/lib/json-c-build/CMakeFiles/CMakeTmp/CheckSymbolExists.c
Linking C executable cmTC_73a3d
/usr/bin/cmake -E cmake_link_script CMakeFiles/cmTC_73a3d.dir/link.txt --verbose=1
/usr/bin/cc CMakeFiles/cmTC_73a3d.dir/CheckSymbolExists.c.o -o cmTC_73a3d  -lm 
gmake[1]: Leaving directory '/home/jalil/Desktop/Never_list_MAIN/CoreParseLib/lib/json-c-build/CMakeFiles/CMakeTmp'


File /home/jalil/Desktop/Never_list_MAIN/CoreParseLib/lib/json-c-build/CMakeFiles/CMakeTmp/CheckSymbolExists.c:
/* */
#include <stdlib.h>

int main(int argc, char** argv)
{
  (void)argv;
#ifndef strtoull
  return ((int*)(&strtoull))[argc];
#else
  (void)argc;
  return 0;
#endif
}
Determining if the include file stddef.h exists passed with the following output:
Change Dir: /home/jalil/Desktop/Never_list_MAIN/CoreParseLib/lib/json-c-build/CMakeFiles/CMakeTmp

Run Build Command(s):/usr/bin/gmake -f Makefile cmTC_cc905/fast && /usr/bin/gmake  -f CMakeFiles/cmTC_cc905.dir/build.make CMakeFiles/cmTC_cc905.dir/build
gmake[1]: Entering directory '/home/jalil/Desktop/Never_list_MAIN/CoreParseLib/lib/json-c-build/CMakeFiles/CMakeTmp'
Building C object CMakeFiles/cmTC_cc905.dir/CheckIncludeFile.c.o
/usr/bin/cc -D_GNU_SOURCE  -fPIE -o CMakeFiles/cmTC_cc905.dir/CheckIncludeFile.c.o -c /home/jalil/Desktop/Never_list_MAIN/CoreParseLib/lib/json-c-build/CMakeFiles/CMakeTmp/CheckIncludeFile.c
Linking C executable cmTC_cc905
/usr/bin/cmake -E cmake_link_script CMakeFiles/cmTC_cc905.dir/link.txt --verbose=1
/usr/bin/cc CMakeFiles/cmTC_cc905.dir/CheckIncludeFile.c.o -o cmTC_cc905  -lm 
gmake[1]: Leaving directory '/home/jalil/Desktop/Never_list_MAIN/CoreParseLib/lib/json-c-build/CMakeFiles/CMakeTmp'



Determining size of int passed with the following output:
Change Dir: /home/jalil/Desktop/Never_list_MAIN/CoreParseLib/lib/json-c-build/CMakeFiles/CMakeTmp

Run Build Command(s):/usr/bin/gmake -f Makefile cmTC_0e47e/fast && /usr/bin/gmake  -f CMakeFiles/cmTC_0e47e.dir/build.make CMakeFiles/cmTC_0e47e.dir/build
gmake[1]: Entering directory '/home/jalil/Desktop/Never_list_MAIN/CoreParseLib/lib/json-c-build/CMakeFiles/CMakeTmp'
Building C object CMakeFiles/cmTC_0e47e.dir/SIZEOF_INT.c.o
/usr/bin/cc -D_GNU_SOURCE  -fPIE -o CMakeFiles/cmTC_0e47e.dir/SIZEOF_INT.c.o -c /home/jalil/Desktop/Never_list_MAIN/CoreParseLib/lib/json-c-build/CMakeFiles/CheckTypeSize/SIZEOF_INT.c
Linking C executable cmTC_0e47e
/usr/bin/cmake -E cmake_link_script CMakeFiles/cmTC_0e47e.dir/link.txt --verbose=1
/usr/bin/cc CMakeFiles/cmTC_0e47e.dir/SIZEOF_INT.c.o -o cmTC_0e47e  -lm 
gmake[1]: Leaving directory '/home/jalil/Desktop/Never_list_MAIN/CoreParseLib/lib/json-c-build/CMakeFiles/CMakeTmp'



Determining size of int64_t passed with the following output:
Change Dir: /home/jalil/Desktop/Never_list_MAIN/CoreParseLib/lib/json-c-build/CMakeFiles/CMakeTmp

Run Build Command(s):/usr/bin/gmake -f Makefile cmTC_e79eb/fast && /usr/bin/gmake  -f CMakeFiles/cmTC_e79eb.dir/build.make CMakeFiles/cmTC_e79eb.dir/build
gmake[1]: Entering directory '/home/jalil/Desktop/Never_list_MAIN/CoreParseLib/lib/json-c-build/CMakeFiles/CMakeTmp'
Building C object CMakeFiles/cmTC_e79eb.dir/SIZEOF_INT64_T.c.o
/usr/bin/cc -D_GNU_SOURCE  -fPIE -o CMakeFiles/cmTC_e79eb.dir/SIZEOF_INT64_T.c.o -c /home/jalil/Desktop/Never_list_MAIN/CoreParseLib/lib/json-c-build/CMakeFiles/CheckTypeSize/SIZEOF_INT64_T.c
Linking C executable cmTC_e79eb
/usr/bin/cmake -E cmake_link_script CMakeFiles/cmTC_e79eb.dir/link.txt --verbose=1
/usr/bin/cc CMakeFiles/cmTC_e79eb.dir/SIZEOF_INT64_T.c.o -o cmTC_e79eb  -lm 
gmake[1]: Leaving directory '/home/jalil/Desktop/Never_list_MAIN/CoreParseLib/lib/json-c-build/CMakeFiles/CMakeTmp'



Determining size of long passed with the following output:
Change Dir: /home/jalil/Desktop/Never_list_MAIN/CoreParseLib/lib/json-c-build/CMakeFiles/CMakeTmp

Run Build Command(s):/usr/bin/gmake -f Makefile cmTC_0de13/fast && /usr/bin/gmake  -f CMakeFiles/cmTC_0de13.dir/build.make CMakeFiles/cmTC_0de13.dir/build
gmake[1]: Entering directory '/home/jalil/Desktop/Never_list_MAIN/CoreParseLib/lib/json-c-build/CMakeFiles/CMakeTmp'
Building C object CMakeFiles/cmTC_0de13.dir/SIZEOF_LONG.c.o
/usr/bin/cc -D_GNU_SOURCE  -fPIE -o CMakeFiles/cmTC_0de13.dir/SIZEOF_LONG.c.o -c /home/jalil/Desktop/Never_list_MAIN/CoreParseLib/lib/json-c-build/CMakeFiles/CheckTypeSize/SIZEOF_LONG.c
Linking C executable cmTC_0de13
/usr/bin/cmake -E cmake_link_script CMakeFiles/cmTC_0de13.dir/link.txt --verbose=1
/usr/bin/cc CMakeFiles/cmTC_0de13.dir/SIZEOF_LONG.c.o -o cmTC_0de13  -lm 
gmake[1]: Leaving directory '/home/jalil/Desktop/Never_list_MAIN/CoreParseLib/lib/json-c-build/CMakeFiles/CMakeTmp'



Determining size of long long passed with the following output:
Change Dir: /home/jalil/Desktop/Never_list_MAIN/CoreParseLib/lib/json-c-build/CMakeFiles/CMakeTmp

Run Build Command(s):/usr/bin/gmake -f Makefile cmTC_5096b/fast && /usr/bin/gmake  -f CMakeFiles/cmTC_5096b.dir/build.make CMakeFiles/cmTC_5096b.dir/build
gmake[1]: Entering directory '/home/jalil/Desktop/Never_list_MAIN/CoreParseLib/lib/json-c-build/CMakeFiles/CMakeTmp'
Building C object CMakeFiles/cmTC_5096b.dir/SIZEOF_LONG_LONG.c.o
/usr/bin/cc -D_GNU_SOURCE  -fPIE -o CMakeFiles/cmTC_5096b.dir/SIZEOF_LONG_LONG.c.o -c /home/jalil/Desktop/Never_list_MAIN/CoreParseLib/lib/json-c-build/CMakeFiles/CheckTypeSize/SIZEOF_LONG_LONG.c
Linking C executable cmTC_5096b
/usr/bin/cmake -E cmake_link_script CMakeFiles/cmTC_5096b.dir/link.txt --verbose=1
/usr/bin/cc CMakeFiles/cmTC_5096b.dir/SIZEOF_LONG_LONG.c.o -o cmTC_5096b  -lm 
gmake[1]: Leaving directory '/home/jalil/Desktop/Never_list_MAIN/CoreParseLib/lib/json-c-build/CMakeFiles/CMakeTmp'



Determining size of size_t passed with the following output:
Change Dir: /home/jalil/Desktop/Never_list_MAIN/CoreParseLib/lib/json-c-build/CMakeFiles/CMakeTmp

Run Build Command(s):/usr/bin/gmake -f Makefile cmTC_e9e49/fast && /usr/bin/gmake  -f CMakeFiles/cmTC_e9e49.dir/build.make CMakeFiles/cmTC_e9e49.dir/build
gmake[1]: Entering directory '/home/jalil/Desktop/Never_list_MAIN/CoreParseLib/lib/json-c-build/CMakeFiles/CMakeTmp'
Building C object CMakeFiles/cmTC_e9e49.dir/SIZEOF_SIZE_T.c.o
/usr/bin/cc -D_GNU_SOURCE  -fPIE -o CMakeFiles/cmTC_e9e49.dir/SIZEOF_SIZE_T.c.o -c /home/jalil/Desktop/Never_list_MAIN/CoreParseLib/lib/json-c-build/CMakeFiles/CheckTypeSize/SIZEOF_SIZE_T.c
Linking C executable cmTC_e9e49
/usr/bin/cmake -E cmake_link_script CMakeFiles/cmTC_e9e49.dir/link.txt --verbose=1
/usr/bin/cc CMakeFiles/cmTC_e9e49.dir/SIZEOF_SIZE_T.c.o -o cmTC_e9e49  -lm 
gmake[1]: Leaving directory '/home/jalil/Desktop/Never_list_MAIN/CoreParseLib/lib/json-c-build/CMakeFiles/CMakeTmp'



Determining size of ssize_t passed with the following output:
Change Dir: /home/jalil/Desktop/Never_list_MAIN/CoreParseLib/lib/json-c-build/CMakeFiles/CMakeTmp

Run Build Command(s):/usr/bin/gmake -f Makefile cmTC_ab7b9/fast && /usr/bin/gmake  -f CMakeFiles/cmTC_ab7b9.dir/build.make CMakeFiles/cmTC_ab7b9.dir/build
gmake[1]: Entering directory '/home/jalil/Desktop/Never_list_MAIN/CoreParseLib/lib/json-c-build/CMakeFiles/CMakeTmp'
Building C object CMakeFiles/cmTC_ab7b9.dir/SIZEOF_SSIZE_T.c.o
/usr/bin/cc -D_GNU_SOURCE  -fPIE -o CMakeFiles/cmTC_ab7b9.dir/SIZEOF_SSIZE_T.c.o -c /home/jalil/Desktop/Never_list_MAIN/CoreParseLib/lib/json-c-build/CMakeFiles/CheckTypeSize/SIZEOF_SSIZE_T.c
Linking C executable cmTC_ab7b9
/usr/bin/cmake -E cmake_link_script CMakeFiles/cmTC_ab7b9.dir/link.txt --verbose=1
/usr/bin/cc CMakeFiles/cmTC_ab7b9.dir/SIZEOF_SSIZE_T.c.o -o cmTC_ab7b9  -lm 
gmake[1]: Leaving directory '/home/jalil/Desktop/Never_list_MAIN/CoreParseLib/lib/json-c-build/CMakeFiles/CMakeTmp'



Performing C SOURCE FILE Test HAVE_ATOMIC_BUILTINS succeeded with the following output:
Change Dir: /home/jalil/Desktop/Never_list_MAIN/CoreParseLib/lib/json-c-build/CMakeFiles/CMakeTmp

Run Build Command(s):/usr/bin/gmake -f Makefile cmTC_987fc/fast && /usr/bin/gmake  -f CMakeFiles/cmTC_987fc.dir/build.make CMakeFiles/cmTC_987fc.dir/build
gmake[1]: Entering directory '/home/jalil/Desktop/Never_list_MAIN/CoreParseLib/lib/json-c-build/CMakeFiles/CMakeTmp'
Building C object CMakeFiles/cmTC_987fc.dir/src.c.o
/usr/bin/cc -DHAVE_ATOMIC_BUILTINS -D_GNU_SOURCE  -fPIE -o CMakeFiles/cmTC_987fc.dir/src.c.o -c /home/jalil/Desktop/Never_list_MAIN/CoreParseLib/lib/json-c-build/CMakeFiles/CMakeTmp/src.c
Linking C executable cmTC_987fc
/usr/bin/cmake -E cmake_link_script CMakeFiles/cmTC_987fc.dir/link.txt --verbose=1
/usr/bin/cc CMakeFiles/cmTC_987fc.dir/src.c.o -o cmTC_987fc  -lm 
gmake[1]: Leaving directory '/home/jalil/Desktop/Never_list_MAIN/CoreParseLib/lib/json-c-build/CMakeFiles/CMakeTmp'


Source file was:
int main() { int i, x = 0; i = __sync_add_and_fetch(&x,1); return x; }
Performing C SOURCE FILE Test HAVE___THREAD succeeded with the following output:
Change Dir: /home/jalil/Desktop/Never_list_MAIN/CoreParseLib/lib/json-c-build/CMakeFiles/CMakeTmp

Run Build Command(s):/usr/bin/gmake -f Makefile cmTC_279e9/fast && /usr/bin/gmake  -f CMakeFiles/cmTC_279e9.dir/build.make CMakeFiles/cmTC_279e9.dir/build
gmake[1]: Entering directory '/home/jalil/Desktop/Never_list_MAIN/CoreParseLib/lib/json-c-build/CMakeFiles/CMakeTmp'
Building C object CMakeFiles/cmTC_279e9.dir/src.c.o
/usr/bin/cc -DHAVE___THREAD -D_GNU_SOURCE  -fPIE -o CMakeFiles/cmTC_279e9.dir/src.c.o -c /home/jalil/Desktop/Never_list_MAIN/CoreParseLib/lib/json-c-build/CMakeFiles/CMakeTmp/src.c
Linking C executable cmTC_279e9
/usr/bin/cmake -E cmake_link_script CMakeFiles/cmTC_279e9.dir/link.txt --verbose=1
/usr/bin/cc CMakeFiles/cmTC_279e9.dir/src.c.o -o cmTC_279e9  -lm 
gmake[1]: Leaving directory '/home/jalil/Desktop/Never_list_MAIN/CoreParseLib/lib/json-c-build/CMakeFiles/CMakeTmp'


Source file was:
__thread int x = 0; int main() { return 0; }
Performing C SOURCE FILE Test REENTRANT_WORKS succeeded with the following output:
Change Dir: /home/jalil/Desktop/Never_list_MAIN/CoreParseLib/lib/json-c-build/CMakeFiles/CMakeTmp

Run Build Command(s):/usr/bin/gmake -f Makefile cmTC_c442d/fast && /usr/bin/gmake  -f CMakeFiles/cmTC_c442d.dir/build.make CMakeFiles/cmTC_c442d.dir/build
gmake[1]: Entering directory '/home/jalil/Desktop/Never_list_MAIN/CoreParseLib/lib/json-c-build/CMakeFiles/CMakeTmp'
Building C object CMakeFiles/cmTC_c442d.dir/src.c.o
/usr/bin/cc -DREENTRANT_WORKS -D_GNU_SOURCE  -ffunction-sections -fdata-sections -Werror -Wall -Wcast-qual -Wno-error=deprecated-declarations -Wextra -Wwrite-strings -Wno-unused-parameter -Wstrict-prototypes  -fPIE -o CMakeFiles/cmTC_c442d.dir/src.c.o -c /home/jalil/Desktop/Never_list_MAIN/CoreParseLib/lib/json-c-build/CMakeFiles/CMakeTmp/src.c
Linking C executable cmTC_c442d
/usr/bin/cmake -E cmake_link_script CMakeFiles/cmTC_c442d.dir/link.txt --verbose=1
/usr/bin/cc  -ffunction-sections -fdata-sections -Werror -Wall -Wcast-qual -Wno-error=deprecated-declarations -Wextra -Wwrite-strings -Wno-unused-parameter -Wstrict-prototypes  CMakeFiles/cmTC_c442d.dir/src.c.o -o cmTC_c442d  -lm 
gmake[1]: Leaving directory '/home/jalil/Desktop/Never_list_MAIN/CoreParseLib/lib/json-c-build/CMakeFiles/CMakeTmp'


Source file was:

	/* uClibc toolchains without threading barf when _REENTRANT is defined */
	#define _REENTRANT 1
	#include <sys/types.h>
	int main (void)
	{
	  return 0;
	}
	
Performing C SOURCE FILE Test BSYMBOLIC_WORKS succeeded with the following output:
Change Dir: /home/jalil/Desktop/Never_list_MAIN/CoreParseLib/lib/json-c-build/CMakeFiles/CMakeTmp

Run Build Command(s):/usr/bin/gmake -f Makefile cmTC_b3577/fast && /usr/bin/gmake  -f CMakeFiles/cmTC_b3577.dir/build.make CMakeFiles/cmTC_b3577.dir/build
gmake[1]: Entering directory '/home/jalil/Desktop/Never_list_MAIN/CoreParseLib/lib/json-c-build/CMakeFiles/CMakeTmp'
Building C object CMakeFiles/cmTC_b3577.dir/src.c.o
/usr/bin/cc -DBSYMBOLIC_WORKS -D_GNU_SOURCE  -ffunction-sections -fdata-sections -Werror -Wall -Wcast-qual -Wno-error=deprecated-declarations -Wextra -Wwrite-strings -Wno-unused-parameter -Wstrict-prototypes  -fPIE -o CMakeFiles/cmTC_b3577.dir/src.c.o -c /home/jalil/Desktop/Never_list_MAIN/CoreParseLib/lib/json-c-build/CMakeFiles/CMakeTmp/src.c
Linking C executable cmTC_b3577
/usr/bin/cmake -E cmake_link_script CMakeFiles/cmTC_b3577.dir/link.txt --verbose=1
/usr/bin/cc  -ffunction-sections -fdata-sections -Werror -Wall -Wcast-qual -Wno-error=deprecated-declarations -Wextra -Wwrite-strings -Wno-unused-parameter -Wstrict-prototypes  CMakeFiles/cmTC_b3577.dir/src.c.o -o cmTC_b3577  -lm -Wl,-Bsymbolic-functions 
gmake[1]: Leaving directory '/home/jalil/Desktop/Never_list_MAIN/CoreParseLib/lib/json-c-build/CMakeFiles/CMakeTmp'


Source file was:

	int main (void)
	{
	  return 0;
	}
	
Performing C SOURCE FILE Test VERSION_SCRIPT_WORKS succeeded with the following output:
Change Dir: /home/jalil/Desktop/Never_list_MAIN/CoreParseLib/lib/json-c-build/CMakeFiles/CMakeTmp

Run Build Command(s):/usr/bin/gmake -f Makefile cmTC_313f3/fast && /usr/bin/gmake  -f CMakeFiles/cmTC_313f3.dir/build.make CMakeFiles/cmTC_313f3.dir/build
gmake[1]: Entering directory '/home/jalil/Desktop/Never_list_MAIN/CoreParseLib/lib/json-c-build/CMakeFiles/CMakeTmp'
Building C object CMakeFiles/cmTC_313f3.dir/src.c.o
/usr/bin/cc -DVERSION_SCRIPT_WORKS -D_GNU_SOURCE  -ffunction-sections -fdata-sections -Werror -Wall -Wcast-qual -Wno-error=deprecated-declarations -Wextra -Wwrite-strings -Wno-unused-parameter -Wstrict-prototypes  -fPIE -o CMakeFiles/cmTC_313f3.dir/src.c.o -c /home/jalil/Desktop/Never_list_MAIN/CoreParseLib/lib/json-c-build/CMakeFiles/CMakeTmp/src.c
Linking C executable cmTC_313f3
/usr/bin/cmake -E cmake_link_script CMakeFiles/cmTC_313f3.dir/link.txt --verbose=1
/usr/bin/cc  -ffunction-sections -fdata-sections -Werror -Wall -Wcast-qual -Wno-error=deprecated-declarations -Wextra -Wwrite-strings -Wno-unused-parameter -Wstrict-prototypes  CMakeFiles/cmTC_313f3.dir/src.c.o -o cmTC_313f3  -lm -Wl,--version-script,/home/jalil/Desktop/Never_list_MAIN/CoreParseLib/lib/json-c-build/check-version-script.sym 
gmake[1]: Leaving directory '/home/jalil/Desktop/Never_list_MAIN/CoreParseLib/lib/json-c-build/CMakeFiles/CMakeTmp'


Source file was:

	int main (void)
	{
	  return 0;
	}
	
