The system is: Linux - 5.19.0-43-generic - x86_64
Compiling the C compiler identification source file "CMakeCCompilerId.c" succeeded.
Compiler: /usr/bin/gcc 
Build flags: 
Id flags:  

The output was:
0


Compilation of the C compiler identification source "CMakeCCompilerId.c" produced "a.out"

The C compiler identification is GNU, found in "/home/jalil/Desktop/Never_list_MAIN/CoreParseLib/build/CMakeFiles/3.22.1/CompilerIdC/a.out"

Detecting C compiler ABI info compiled with the following output:
Change Dir: /home/jalil/Desktop/Never_list_MAIN/CoreParseLib/build/CMakeFiles/CMakeTmp

Run Build Command(s):/usr/bin/gmake -f Makefile cmTC_e8088/fast && /usr/bin/gmake  -f CMakeFiles/cmTC_e8088.dir/build.make CMakeFiles/cmTC_e8088.dir/build
gmake[1]: Entering directory '/home/jalil/Desktop/Never_list_MAIN/CoreParseLib/build/CMakeFiles/CMakeTmp'
Building C object CMakeFiles/cmTC_e8088.dir/CMakeCCompilerABI.c.o
/usr/bin/gcc   -v -o CMakeFiles/cmTC_e8088.dir/CMakeCCompilerABI.c.o -c /usr/share/cmake-3.22/Modules/CMakeCCompilerABI.c
Using built-in specs.
COLLECT_GCC=/usr/bin/gcc
OFFLOAD_TARGET_NAMES=nvptx-none:amdgcn-amdhsa
OFFLOAD_TARGET_DEFAULT=1
Target: x86_64-linux-gnu
Configured with: ../src/configure -v --with-pkgversion='Ubuntu 11.3.0-1ubuntu1~22.04.1' --with-bugurl=file:///usr/share/doc/gcc-11/README.Bugs --enable-languages=c,ada,c++,go,brig,d,fortran,objc,obj-c++,m2 --prefix=/usr --with-gcc-major-version-only --program-suffix=-11 --program-prefix=x86_64-linux-gnu- --enable-shared --enable-linker-build-id --libexecdir=/usr/lib --without-included-gettext --enable-threads=posix --libdir=/usr/lib --enable-nls --enable-bootstrap --enable-clocale=gnu --enable-libstdcxx-debug --enable-libstdcxx-time=yes --with-default-libstdcxx-abi=new --enable-gnu-unique-object --disable-vtable-verify --enable-plugin --enable-default-pie --with-system-zlib --enable-libphobos-checking=release --with-target-system-zlib=auto --enable-objc-gc=auto --enable-multiarch --disable-werror --enable-cet --with-arch-32=i686 --with-abi=m64 --with-multilib-list=m32,m64,mx32 --enable-multilib --with-tune=generic --enable-offload-targets=nvptx-none=/build/gcc-11-aYxV0E/gcc-11-11.3.0/debian/tmp-nvptx/usr,amdgcn-amdhsa=/build/gcc-11-aYxV0E/gcc-11-11.3.0/debian/tmp-gcn/usr --without-cuda-driver --enable-checking=release --build=x86_64-linux-gnu --host=x86_64-linux-gnu --target=x86_64-linux-gnu --with-build-config=bootstrap-lto-lean --enable-link-serialization=2
Thread model: posix
Supported LTO compression algorithms: zlib zstd
gcc version 11.3.0 (Ubuntu 11.3.0-1ubuntu1~22.04.1) 
COLLECT_GCC_OPTIONS='-v' '-o' 'CMakeFiles/cmTC_e8088.dir/CMakeCCompilerABI.c.o' '-c' '-mtune=generic' '-march=x86-64' '-dumpdir' 'CMakeFiles/cmTC_e8088.dir/'
 /usr/lib/gcc/x86_64-linux-gnu/11/cc1 -quiet -v -imultiarch x86_64-linux-gnu /usr/share/cmake-3.22/Modules/CMakeCCompilerABI.c -quiet -dumpdir CMakeFiles/cmTC_e8088.dir/ -dumpbase CMakeCCompilerABI.c.c -dumpbase-ext .c -mtune=generic -march=x86-64 -version -fasynchronous-unwind-tables -fstack-protector-strong -Wformat -Wformat-security -fstack-clash-protection -fcf-protection -o /tmp/cctI9YzS.s
GNU C17 (Ubuntu 11.3.0-1ubuntu1~22.04.1) version 11.3.0 (x86_64-linux-gnu)
	compiled by GNU C version 11.3.0, GMP version 6.2.1, MPFR version 4.1.0, MPC version 1.2.1, isl version isl-0.24-GMP

GGC heuristics: --param ggc-min-expand=100 --param ggc-min-heapsize=131072
ignoring nonexistent directory "/usr/local/include/x86_64-linux-gnu"
ignoring nonexistent directory "/usr/lib/gcc/x86_64-linux-gnu/11/include-fixed"
ignoring nonexistent directory "/usr/lib/gcc/x86_64-linux-gnu/11/../../../../x86_64-linux-gnu/include"
#include "..." search starts here:
#include <...> search starts here:
 /usr/lib/gcc/x86_64-linux-gnu/11/include
 /usr/local/include
 /usr/include/x86_64-linux-gnu
 /usr/include
End of search list.
GNU C17 (Ubuntu 11.3.0-1ubuntu1~22.04.1) version 11.3.0 (x86_64-linux-gnu)
	compiled by GNU C version 11.3.0, GMP version 6.2.1, MPFR version 4.1.0, MPC version 1.2.1, isl version isl-0.24-GMP

GGC heuristics: --param ggc-min-expand=100 --param ggc-min-heapsize=131072
Compiler executable checksum: e13e2dc98bfa673227c4000e476a9388
COLLECT_GCC_OPTIONS='-v' '-o' 'CMakeFiles/cmTC_e8088.dir/CMakeCCompilerABI.c.o' '-c' '-mtune=generic' '-march=x86-64' '-dumpdir' 'CMakeFiles/cmTC_e8088.dir/'
 as -v --64 -o CMakeFiles/cmTC_e8088.dir/CMakeCCompilerABI.c.o /tmp/cctI9YzS.s
GNU assembler version 2.38 (x86_64-linux-gnu) using BFD version (GNU Binutils for Ubuntu) 2.38
COMPILER_PATH=/usr/lib/gcc/x86_64-linux-gnu/11/:/usr/lib/gcc/x86_64-linux-gnu/11/:/usr/lib/gcc/x86_64-linux-gnu/:/usr/lib/gcc/x86_64-linux-gnu/11/:/usr/lib/gcc/x86_64-linux-gnu/
LIBRARY_PATH=/usr/lib/gcc/x86_64-linux-gnu/11/:/usr/lib/gcc/x86_64-linux-gnu/11/../../../x86_64-linux-gnu/:/usr/lib/gcc/x86_64-linux-gnu/11/../../../../lib/:/lib/x86_64-linux-gnu/:/lib/../lib/:/usr/lib/x86_64-linux-gnu/:/usr/lib/../lib/:/usr/lib/gcc/x86_64-linux-gnu/11/../../../:/lib/:/usr/lib/
COLLECT_GCC_OPTIONS='-v' '-o' 'CMakeFiles/cmTC_e8088.dir/CMakeCCompilerABI.c.o' '-c' '-mtune=generic' '-march=x86-64' '-dumpdir' 'CMakeFiles/cmTC_e8088.dir/CMakeCCompilerABI.c.'
Linking C executable cmTC_e8088
/usr/bin/cmake -E cmake_link_script CMakeFiles/cmTC_e8088.dir/link.txt --verbose=1
/usr/bin/gcc  -v CMakeFiles/cmTC_e8088.dir/CMakeCCompilerABI.c.o -o cmTC_e8088 
Using built-in specs.
COLLECT_GCC=/usr/bin/gcc
COLLECT_LTO_WRAPPER=/usr/lib/gcc/x86_64-linux-gnu/11/lto-wrapper
OFFLOAD_TARGET_NAMES=nvptx-none:amdgcn-amdhsa
OFFLOAD_TARGET_DEFAULT=1
Target: x86_64-linux-gnu
Configured with: ../src/configure -v --with-pkgversion='Ubuntu 11.3.0-1ubuntu1~22.04.1' --with-bugurl=file:///usr/share/doc/gcc-11/README.Bugs --enable-languages=c,ada,c++,go,brig,d,fortran,objc,obj-c++,m2 --prefix=/usr --with-gcc-major-version-only --program-suffix=-11 --program-prefix=x86_64-linux-gnu- --enable-shared --enable-linker-build-id --libexecdir=/usr/lib --without-included-gettext --enable-threads=posix --libdir=/usr/lib --enable-nls --enable-bootstrap --enable-clocale=gnu --enable-libstdcxx-debug --enable-libstdcxx-time=yes --with-default-libstdcxx-abi=new --enable-gnu-unique-object --disable-vtable-verify --enable-plugin --enable-default-pie --with-system-zlib --enable-libphobos-checking=release --with-target-system-zlib=auto --enable-objc-gc=auto --enable-multiarch --disable-werror --enable-cet --with-arch-32=i686 --with-abi=m64 --with-multilib-list=m32,m64,mx32 --enable-multilib --with-tune=generic --enable-offload-targets=nvptx-none=/build/gcc-11-aYxV0E/gcc-11-11.3.0/debian/tmp-nvptx/usr,amdgcn-amdhsa=/build/gcc-11-aYxV0E/gcc-11-11.3.0/debian/tmp-gcn/usr --without-cuda-driver --enable-checking=release --build=x86_64-linux-gnu --host=x86_64-linux-gnu --target=x86_64-linux-gnu --with-build-config=bootstrap-lto-lean --enable-link-serialization=2
Thread model: posix
Supported LTO compression algorithms: zlib zstd
gcc version 11.3.0 (Ubuntu 11.3.0-1ubuntu1~22.04.1) 
COMPILER_PATH=/usr/lib/gcc/x86_64-linux-gnu/11/:/usr/lib/gcc/x86_64-linux-gnu/11/:/usr/lib/gcc/x86_64-linux-gnu/:/usr/lib/gcc/x86_64-linux-gnu/11/:/usr/lib/gcc/x86_64-linux-gnu/
LIBRARY_PATH=/usr/lib/gcc/x86_64-linux-gnu/11/:/usr/lib/gcc/x86_64-linux-gnu/11/../../../x86_64-linux-gnu/:/usr/lib/gcc/x86_64-linux-gnu/11/../../../../lib/:/lib/x86_64-linux-gnu/:/lib/../lib/:/usr/lib/x86_64-linux-gnu/:/usr/lib/../lib/:/usr/lib/gcc/x86_64-linux-gnu/11/../../../:/lib/:/usr/lib/
COLLECT_GCC_OPTIONS='-v' '-o' 'cmTC_e8088' '-mtune=generic' '-march=x86-64' '-dumpdir' 'cmTC_e8088.'
 /usr/lib/gcc/x86_64-linux-gnu/11/collect2 -plugin /usr/lib/gcc/x86_64-linux-gnu/11/liblto_plugin.so -plugin-opt=/usr/lib/gcc/x86_64-linux-gnu/11/lto-wrapper -plugin-opt=-fresolution=/tmp/ccxPBRdH.res -plugin-opt=-pass-through=-lgcc -plugin-opt=-pass-through=-lgcc_s -plugin-opt=-pass-through=-lc -plugin-opt=-pass-through=-lgcc -plugin-opt=-pass-through=-lgcc_s --build-id --eh-frame-hdr -m elf_x86_64 --hash-style=gnu --as-needed -dynamic-linker /lib64/ld-linux-x86-64.so.2 -pie -z now -z relro -o cmTC_e8088 /usr/lib/gcc/x86_64-linux-gnu/11/../../../x86_64-linux-gnu/Scrt1.o /usr/lib/gcc/x86_64-linux-gnu/11/../../../x86_64-linux-gnu/crti.o /usr/lib/gcc/x86_64-linux-gnu/11/crtbeginS.o -L/usr/lib/gcc/x86_64-linux-gnu/11 -L/usr/lib/gcc/x86_64-linux-gnu/11/../../../x86_64-linux-gnu -L/usr/lib/gcc/x86_64-linux-gnu/11/../../../../lib -L/lib/x86_64-linux-gnu -L/lib/../lib -L/usr/lib/x86_64-linux-gnu -L/usr/lib/../lib -L/usr/lib/gcc/x86_64-linux-gnu/11/../../.. CMakeFiles/cmTC_e8088.dir/CMakeCCompilerABI.c.o -lgcc --push-state --as-needed -lgcc_s --pop-state -lc -lgcc --push-state --as-needed -lgcc_s --pop-state /usr/lib/gcc/x86_64-linux-gnu/11/crtendS.o /usr/lib/gcc/x86_64-linux-gnu/11/../../../x86_64-linux-gnu/crtn.o
COLLECT_GCC_OPTIONS='-v' '-o' 'cmTC_e8088' '-mtune=generic' '-march=x86-64' '-dumpdir' 'cmTC_e8088.'
gmake[1]: Leaving directory '/home/jalil/Desktop/Never_list_MAIN/CoreParseLib/build/CMakeFiles/CMakeTmp'



Parsed C implicit include dir info from above output: rv=done
  found start of include info
  found start of implicit include info
    add: [/usr/lib/gcc/x86_64-linux-gnu/11/include]
    add: [/usr/local/include]
    add: [/usr/include/x86_64-linux-gnu]
    add: [/usr/include]
  end of search list found
  collapse include dir [/usr/lib/gcc/x86_64-linux-gnu/11/include] ==> [/usr/lib/gcc/x86_64-linux-gnu/11/include]
  collapse include dir [/usr/local/include] ==> [/usr/local/include]
  collapse include dir [/usr/include/x86_64-linux-gnu] ==> [/usr/include/x86_64-linux-gnu]
  collapse include dir [/usr/include] ==> [/usr/include]
  implicit include dirs: [/usr/lib/gcc/x86_64-linux-gnu/11/include;/usr/local/include;/usr/include/x86_64-linux-gnu;/usr/include]


Parsed C implicit link information from above output:
  link line regex: [^( *|.*[/\])(ld|CMAKE_LINK_STARTFILE-NOTFOUND|([^/\]+-)?ld|collect2)[^/\]*( |$)]
  ignore line: [Change Dir: /home/jalil/Desktop/Never_list_MAIN/CoreParseLib/build/CMakeFiles/CMakeTmp]
  ignore line: []
  ignore line: [Run Build Command(s):/usr/bin/gmake -f Makefile cmTC_e8088/fast && /usr/bin/gmake  -f CMakeFiles/cmTC_e8088.dir/build.make CMakeFiles/cmTC_e8088.dir/build]
  ignore line: [gmake[1]: Entering directory '/home/jalil/Desktop/Never_list_MAIN/CoreParseLib/build/CMakeFiles/CMakeTmp']
  ignore line: [Building C object CMakeFiles/cmTC_e8088.dir/CMakeCCompilerABI.c.o]
  ignore line: [/usr/bin/gcc   -v -o CMakeFiles/cmTC_e8088.dir/CMakeCCompilerABI.c.o -c /usr/share/cmake-3.22/Modules/CMakeCCompilerABI.c]
  ignore line: [Using built-in specs.]
  ignore line: [COLLECT_GCC=/usr/bin/gcc]
  ignore line: [OFFLOAD_TARGET_NAMES=nvptx-none:amdgcn-amdhsa]
  ignore line: [OFFLOAD_TARGET_DEFAULT=1]
  ignore line: [Target: x86_64-linux-gnu]
  ignore line: [Configured with: ../src/configure -v --with-pkgversion='Ubuntu 11.3.0-1ubuntu1~22.04.1' --with-bugurl=file:///usr/share/doc/gcc-11/README.Bugs --enable-languages=c ada c++ go brig d fortran objc obj-c++ m2 --prefix=/usr --with-gcc-major-version-only --program-suffix=-11 --program-prefix=x86_64-linux-gnu- --enable-shared --enable-linker-build-id --libexecdir=/usr/lib --without-included-gettext --enable-threads=posix --libdir=/usr/lib --enable-nls --enable-bootstrap --enable-clocale=gnu --enable-libstdcxx-debug --enable-libstdcxx-time=yes --with-default-libstdcxx-abi=new --enable-gnu-unique-object --disable-vtable-verify --enable-plugin --enable-default-pie --with-system-zlib --enable-libphobos-checking=release --with-target-system-zlib=auto --enable-objc-gc=auto --enable-multiarch --disable-werror --enable-cet --with-arch-32=i686 --with-abi=m64 --with-multilib-list=m32 m64 mx32 --enable-multilib --with-tune=generic --enable-offload-targets=nvptx-none=/build/gcc-11-aYxV0E/gcc-11-11.3.0/debian/tmp-nvptx/usr amdgcn-amdhsa=/build/gcc-11-aYxV0E/gcc-11-11.3.0/debian/tmp-gcn/usr --without-cuda-driver --enable-checking=release --build=x86_64-linux-gnu --host=x86_64-linux-gnu --target=x86_64-linux-gnu --with-build-config=bootstrap-lto-lean --enable-link-serialization=2]
  ignore line: [Thread model: posix]
  ignore line: [Supported LTO compression algorithms: zlib zstd]
  ignore line: [gcc version 11.3.0 (Ubuntu 11.3.0-1ubuntu1~22.04.1) ]
  ignore line: [COLLECT_GCC_OPTIONS='-v' '-o' 'CMakeFiles/cmTC_e8088.dir/CMakeCCompilerABI.c.o' '-c' '-mtune=generic' '-march=x86-64' '-dumpdir' 'CMakeFiles/cmTC_e8088.dir/']
  ignore line: [ /usr/lib/gcc/x86_64-linux-gnu/11/cc1 -quiet -v -imultiarch x86_64-linux-gnu /usr/share/cmake-3.22/Modules/CMakeCCompilerABI.c -quiet -dumpdir CMakeFiles/cmTC_e8088.dir/ -dumpbase CMakeCCompilerABI.c.c -dumpbase-ext .c -mtune=generic -march=x86-64 -version -fasynchronous-unwind-tables -fstack-protector-strong -Wformat -Wformat-security -fstack-clash-protection -fcf-protection -o /tmp/cctI9YzS.s]
  ignore line: [GNU C17 (Ubuntu 11.3.0-1ubuntu1~22.04.1) version 11.3.0 (x86_64-linux-gnu)]
  ignore line: [	compiled by GNU C version 11.3.0  GMP version 6.2.1  MPFR version 4.1.0  MPC version 1.2.1  isl version isl-0.24-GMP]
  ignore line: []
  ignore line: [GGC heuristics: --param ggc-min-expand=100 --param ggc-min-heapsize=131072]
  ignore line: [ignoring nonexistent directory "/usr/local/include/x86_64-linux-gnu"]
  ignore line: [ignoring nonexistent directory "/usr/lib/gcc/x86_64-linux-gnu/11/include-fixed"]
  ignore line: [ignoring nonexistent directory "/usr/lib/gcc/x86_64-linux-gnu/11/../../../../x86_64-linux-gnu/include"]
  ignore line: [#include "..." search starts here:]
  ignore line: [#include <...> search starts here:]
  ignore line: [ /usr/lib/gcc/x86_64-linux-gnu/11/include]
  ignore line: [ /usr/local/include]
  ignore line: [ /usr/include/x86_64-linux-gnu]
  ignore line: [ /usr/include]
  ignore line: [End of search list.]
  ignore line: [GNU C17 (Ubuntu 11.3.0-1ubuntu1~22.04.1) version 11.3.0 (x86_64-linux-gnu)]
  ignore line: [	compiled by GNU C version 11.3.0  GMP version 6.2.1  MPFR version 4.1.0  MPC version 1.2.1  isl version isl-0.24-GMP]
  ignore line: []
  ignore line: [GGC heuristics: --param ggc-min-expand=100 --param ggc-min-heapsize=131072]
  ignore line: [Compiler executable checksum: e13e2dc98bfa673227c4000e476a9388]
  ignore line: [COLLECT_GCC_OPTIONS='-v' '-o' 'CMakeFiles/cmTC_e8088.dir/CMakeCCompilerABI.c.o' '-c' '-mtune=generic' '-march=x86-64' '-dumpdir' 'CMakeFiles/cmTC_e8088.dir/']
  ignore line: [ as -v --64 -o CMakeFiles/cmTC_e8088.dir/CMakeCCompilerABI.c.o /tmp/cctI9YzS.s]
  ignore line: [GNU assembler version 2.38 (x86_64-linux-gnu) using BFD version (GNU Binutils for Ubuntu) 2.38]
  ignore line: [COMPILER_PATH=/usr/lib/gcc/x86_64-linux-gnu/11/:/usr/lib/gcc/x86_64-linux-gnu/11/:/usr/lib/gcc/x86_64-linux-gnu/:/usr/lib/gcc/x86_64-linux-gnu/11/:/usr/lib/gcc/x86_64-linux-gnu/]
  ignore line: [LIBRARY_PATH=/usr/lib/gcc/x86_64-linux-gnu/11/:/usr/lib/gcc/x86_64-linux-gnu/11/../../../x86_64-linux-gnu/:/usr/lib/gcc/x86_64-linux-gnu/11/../../../../lib/:/lib/x86_64-linux-gnu/:/lib/../lib/:/usr/lib/x86_64-linux-gnu/:/usr/lib/../lib/:/usr/lib/gcc/x86_64-linux-gnu/11/../../../:/lib/:/usr/lib/]
  ignore line: [COLLECT_GCC_OPTIONS='-v' '-o' 'CMakeFiles/cmTC_e8088.dir/CMakeCCompilerABI.c.o' '-c' '-mtune=generic' '-march=x86-64' '-dumpdir' 'CMakeFiles/cmTC_e8088.dir/CMakeCCompilerABI.c.']
  ignore line: [Linking C executable cmTC_e8088]
  ignore line: [/usr/bin/cmake -E cmake_link_script CMakeFiles/cmTC_e8088.dir/link.txt --verbose=1]
  ignore line: [/usr/bin/gcc  -v CMakeFiles/cmTC_e8088.dir/CMakeCCompilerABI.c.o -o cmTC_e8088 ]
  ignore line: [Using built-in specs.]
  ignore line: [COLLECT_GCC=/usr/bin/gcc]
  ignore line: [COLLECT_LTO_WRAPPER=/usr/lib/gcc/x86_64-linux-gnu/11/lto-wrapper]
  ignore line: [OFFLOAD_TARGET_NAMES=nvptx-none:amdgcn-amdhsa]
  ignore line: [OFFLOAD_TARGET_DEFAULT=1]
  ignore line: [Target: x86_64-linux-gnu]
  ignore line: [Configured with: ../src/configure -v --with-pkgversion='Ubuntu 11.3.0-1ubuntu1~22.04.1' --with-bugurl=file:///usr/share/doc/gcc-11/README.Bugs --enable-languages=c ada c++ go brig d fortran objc obj-c++ m2 --prefix=/usr --with-gcc-major-version-only --program-suffix=-11 --program-prefix=x86_64-linux-gnu- --enable-shared --enable-linker-build-id --libexecdir=/usr/lib --without-included-gettext --enable-threads=posix --libdir=/usr/lib --enable-nls --enable-bootstrap --enable-clocale=gnu --enable-libstdcxx-debug --enable-libstdcxx-time=yes --with-default-libstdcxx-abi=new --enable-gnu-unique-object --disable-vtable-verify --enable-plugin --enable-default-pie --with-system-zlib --enable-libphobos-checking=release --with-target-system-zlib=auto --enable-objc-gc=auto --enable-multiarch --disable-werror --enable-cet --with-arch-32=i686 --with-abi=m64 --with-multilib-list=m32 m64 mx32 --enable-multilib --with-tune=generic --enable-offload-targets=nvptx-none=/build/gcc-11-aYxV0E/gcc-11-11.3.0/debian/tmp-nvptx/usr amdgcn-amdhsa=/build/gcc-11-aYxV0E/gcc-11-11.3.0/debian/tmp-gcn/usr --without-cuda-driver --enable-checking=release --build=x86_64-linux-gnu --host=x86_64-linux-gnu --target=x86_64-linux-gnu --with-build-config=bootstrap-lto-lean --enable-link-serialization=2]
  ignore line: [Thread model: posix]
  ignore line: [Supported LTO compression algorithms: zlib zstd]
  ignore line: [gcc version 11.3.0 (Ubuntu 11.3.0-1ubuntu1~22.04.1) ]
  ignore line: [COMPILER_PATH=/usr/lib/gcc/x86_64-linux-gnu/11/:/usr/lib/gcc/x86_64-linux-gnu/11/:/usr/lib/gcc/x86_64-linux-gnu/:/usr/lib/gcc/x86_64-linux-gnu/11/:/usr/lib/gcc/x86_64-linux-gnu/]
  ignore line: [LIBRARY_PATH=/usr/lib/gcc/x86_64-linux-gnu/11/:/usr/lib/gcc/x86_64-linux-gnu/11/../../../x86_64-linux-gnu/:/usr/lib/gcc/x86_64-linux-gnu/11/../../../../lib/:/lib/x86_64-linux-gnu/:/lib/../lib/:/usr/lib/x86_64-linux-gnu/:/usr/lib/../lib/:/usr/lib/gcc/x86_64-linux-gnu/11/../../../:/lib/:/usr/lib/]
  ignore line: [COLLECT_GCC_OPTIONS='-v' '-o' 'cmTC_e8088' '-mtune=generic' '-march=x86-64' '-dumpdir' 'cmTC_e8088.']
  link line: [ /usr/lib/gcc/x86_64-linux-gnu/11/collect2 -plugin /usr/lib/gcc/x86_64-linux-gnu/11/liblto_plugin.so -plugin-opt=/usr/lib/gcc/x86_64-linux-gnu/11/lto-wrapper -plugin-opt=-fresolution=/tmp/ccxPBRdH.res -plugin-opt=-pass-through=-lgcc -plugin-opt=-pass-through=-lgcc_s -plugin-opt=-pass-through=-lc -plugin-opt=-pass-through=-lgcc -plugin-opt=-pass-through=-lgcc_s --build-id --eh-frame-hdr -m elf_x86_64 --hash-style=gnu --as-needed -dynamic-linker /lib64/ld-linux-x86-64.so.2 -pie -z now -z relro -o cmTC_e8088 /usr/lib/gcc/x86_64-linux-gnu/11/../../../x86_64-linux-gnu/Scrt1.o /usr/lib/gcc/x86_64-linux-gnu/11/../../../x86_64-linux-gnu/crti.o /usr/lib/gcc/x86_64-linux-gnu/11/crtbeginS.o -L/usr/lib/gcc/x86_64-linux-gnu/11 -L/usr/lib/gcc/x86_64-linux-gnu/11/../../../x86_64-linux-gnu -L/usr/lib/gcc/x86_64-linux-gnu/11/../../../../lib -L/lib/x86_64-linux-gnu -L/lib/../lib -L/usr/lib/x86_64-linux-gnu -L/usr/lib/../lib -L/usr/lib/gcc/x86_64-linux-gnu/11/../../.. CMakeFiles/cmTC_e8088.dir/CMakeCCompilerABI.c.o -lgcc --push-state --as-needed -lgcc_s --pop-state -lc -lgcc --push-state --as-needed -lgcc_s --pop-state /usr/lib/gcc/x86_64-linux-gnu/11/crtendS.o /usr/lib/gcc/x86_64-linux-gnu/11/../../../x86_64-linux-gnu/crtn.o]
    arg [/usr/lib/gcc/x86_64-linux-gnu/11/collect2] ==> ignore
    arg [-plugin] ==> ignore
    arg [/usr/lib/gcc/x86_64-linux-gnu/11/liblto_plugin.so] ==> ignore
    arg [-plugin-opt=/usr/lib/gcc/x86_64-linux-gnu/11/lto-wrapper] ==> ignore
    arg [-plugin-opt=-fresolution=/tmp/ccxPBRdH.res] ==> ignore
    arg [-plugin-opt=-pass-through=-lgcc] ==> ignore
    arg [-plugin-opt=-pass-through=-lgcc_s] ==> ignore
    arg [-plugin-opt=-pass-through=-lc] ==> ignore
    arg [-plugin-opt=-pass-through=-lgcc] ==> ignore
    arg [-plugin-opt=-pass-through=-lgcc_s] ==> ignore
    arg [--build-id] ==> ignore
    arg [--eh-frame-hdr] ==> ignore
    arg [-m] ==> ignore
    arg [elf_x86_64] ==> ignore
    arg [--hash-style=gnu] ==> ignore
    arg [--as-needed] ==> ignore
    arg [-dynamic-linker] ==> ignore
    arg [/lib64/ld-linux-x86-64.so.2] ==> ignore
    arg [-pie] ==> ignore
    arg [-znow] ==> ignore
    arg [-zrelro] ==> ignore
    arg [-o] ==> ignore
    arg [cmTC_e8088] ==> ignore
    arg [/usr/lib/gcc/x86_64-linux-gnu/11/../../../x86_64-linux-gnu/Scrt1.o] ==> obj [/usr/lib/gcc/x86_64-linux-gnu/11/../../../x86_64-linux-gnu/Scrt1.o]
    arg [/usr/lib/gcc/x86_64-linux-gnu/11/../../../x86_64-linux-gnu/crti.o] ==> obj [/usr/lib/gcc/x86_64-linux-gnu/11/../../../x86_64-linux-gnu/crti.o]
    arg [/usr/lib/gcc/x86_64-linux-gnu/11/crtbeginS.o] ==> obj [/usr/lib/gcc/x86_64-linux-gnu/11/crtbeginS.o]
    arg [-L/usr/lib/gcc/x86_64-linux-gnu/11] ==> dir [/usr/lib/gcc/x86_64-linux-gnu/11]
    arg [-L/usr/lib/gcc/x86_64-linux-gnu/11/../../../x86_64-linux-gnu] ==> dir [/usr/lib/gcc/x86_64-linux-gnu/11/../../../x86_64-linux-gnu]
    arg [-L/usr/lib/gcc/x86_64-linux-gnu/11/../../../../lib] ==> dir [/usr/lib/gcc/x86_64-linux-gnu/11/../../../../lib]
    arg [-L/lib/x86_64-linux-gnu] ==> dir [/lib/x86_64-linux-gnu]
    arg [-L/lib/../lib] ==> dir [/lib/../lib]
    arg [-L/usr/lib/x86_64-linux-gnu] ==> dir [/usr/lib/x86_64-linux-gnu]
    arg [-L/usr/lib/../lib] ==> dir [/usr/lib/../lib]
    arg [-L/usr/lib/gcc/x86_64-linux-gnu/11/../../..] ==> dir [/usr/lib/gcc/x86_64-linux-gnu/11/../../..]
    arg [CMakeFiles/cmTC_e8088.dir/CMakeCCompilerABI.c.o] ==> ignore
    arg [-lgcc] ==> lib [gcc]
    arg [--push-state] ==> ignore
    arg [--as-needed] ==> ignore
    arg [-lgcc_s] ==> lib [gcc_s]
    arg [--pop-state] ==> ignore
    arg [-lc] ==> lib [c]
    arg [-lgcc] ==> lib [gcc]
    arg [--push-state] ==> ignore
    arg [--as-needed] ==> ignore
    arg [-lgcc_s] ==> lib [gcc_s]
    arg [--pop-state] ==> ignore
    arg [/usr/lib/gcc/x86_64-linux-gnu/11/crtendS.o] ==> obj [/usr/lib/gcc/x86_64-linux-gnu/11/crtendS.o]
    arg [/usr/lib/gcc/x86_64-linux-gnu/11/../../../x86_64-linux-gnu/crtn.o] ==> obj [/usr/lib/gcc/x86_64-linux-gnu/11/../../../x86_64-linux-gnu/crtn.o]
  collapse obj [/usr/lib/gcc/x86_64-linux-gnu/11/../../../x86_64-linux-gnu/Scrt1.o] ==> [/usr/lib/x86_64-linux-gnu/Scrt1.o]
  collapse obj [/usr/lib/gcc/x86_64-linux-gnu/11/../../../x86_64-linux-gnu/crti.o] ==> [/usr/lib/x86_64-linux-gnu/crti.o]
  collapse obj [/usr/lib/gcc/x86_64-linux-gnu/11/../../../x86_64-linux-gnu/crtn.o] ==> [/usr/lib/x86_64-linux-gnu/crtn.o]
  collapse library dir [/usr/lib/gcc/x86_64-linux-gnu/11] ==> [/usr/lib/gcc/x86_64-linux-gnu/11]
  collapse library dir [/usr/lib/gcc/x86_64-linux-gnu/11/../../../x86_64-linux-gnu] ==> [/usr/lib/x86_64-linux-gnu]
  collapse library dir [/usr/lib/gcc/x86_64-linux-gnu/11/../../../../lib] ==> [/usr/lib]
  collapse library dir [/lib/x86_64-linux-gnu] ==> [/lib/x86_64-linux-gnu]
  collapse library dir [/lib/../lib] ==> [/lib]
  collapse library dir [/usr/lib/x86_64-linux-gnu] ==> [/usr/lib/x86_64-linux-gnu]
  collapse library dir [/usr/lib/../lib] ==> [/usr/lib]
  collapse library dir [/usr/lib/gcc/x86_64-linux-gnu/11/../../..] ==> [/usr/lib]
  implicit libs: [gcc;gcc_s;c;gcc;gcc_s]
  implicit objs: [/usr/lib/x86_64-linux-gnu/Scrt1.o;/usr/lib/x86_64-linux-gnu/crti.o;/usr/lib/gcc/x86_64-linux-gnu/11/crtbeginS.o;/usr/lib/gcc/x86_64-linux-gnu/11/crtendS.o;/usr/lib/x86_64-linux-gnu/crtn.o]
  implicit dirs: [/usr/lib/gcc/x86_64-linux-gnu/11;/usr/lib/x86_64-linux-gnu;/usr/lib;/lib/x86_64-linux-gnu;/lib]
  implicit fwks: []


Determining if the include file fcntl.h exists passed with the following output:
Change Dir: /home/jalil/Desktop/Never_list_MAIN/CoreParseLib/build/CMakeFiles/CMakeTmp

Run Build Command(s):/usr/bin/gmake -f Makefile cmTC_ab3d0/fast && /usr/bin/gmake  -f CMakeFiles/cmTC_ab3d0.dir/build.make CMakeFiles/cmTC_ab3d0.dir/build
gmake[1]: Entering directory '/home/jalil/Desktop/Never_list_MAIN/CoreParseLib/build/CMakeFiles/CMakeTmp'
Building C object CMakeFiles/cmTC_ab3d0.dir/CheckIncludeFile.c.o
/usr/bin/gcc -D_GNU_SOURCE  -fPIE -std=gnu11 -o CMakeFiles/cmTC_ab3d0.dir/CheckIncludeFile.c.o -c /home/jalil/Desktop/Never_list_MAIN/CoreParseLib/build/CMakeFiles/CMakeTmp/CheckIncludeFile.c
Linking C executable cmTC_ab3d0
/usr/bin/cmake -E cmake_link_script CMakeFiles/cmTC_ab3d0.dir/link.txt --verbose=1
/usr/bin/gcc CMakeFiles/cmTC_ab3d0.dir/CheckIncludeFile.c.o -o cmTC_ab3d0  -lm 
gmake[1]: Leaving directory '/home/jalil/Desktop/Never_list_MAIN/CoreParseLib/build/CMakeFiles/CMakeTmp'



Determining if the include file inttypes.h exists passed with the following output:
Change Dir: /home/jalil/Desktop/Never_list_MAIN/CoreParseLib/build/CMakeFiles/CMakeTmp

Run Build Command(s):/usr/bin/gmake -f Makefile cmTC_88f9a/fast && /usr/bin/gmake  -f CMakeFiles/cmTC_88f9a.dir/build.make CMakeFiles/cmTC_88f9a.dir/build
gmake[1]: Entering directory '/home/jalil/Desktop/Never_list_MAIN/CoreParseLib/build/CMakeFiles/CMakeTmp'
Building C object CMakeFiles/cmTC_88f9a.dir/CheckIncludeFile.c.o
/usr/bin/gcc -D_GNU_SOURCE  -fPIE -std=gnu11 -o CMakeFiles/cmTC_88f9a.dir/CheckIncludeFile.c.o -c /home/jalil/Desktop/Never_list_MAIN/CoreParseLib/build/CMakeFiles/CMakeTmp/CheckIncludeFile.c
Linking C executable cmTC_88f9a
/usr/bin/cmake -E cmake_link_script CMakeFiles/cmTC_88f9a.dir/link.txt --verbose=1
/usr/bin/gcc CMakeFiles/cmTC_88f9a.dir/CheckIncludeFile.c.o -o cmTC_88f9a  -lm 
gmake[1]: Leaving directory '/home/jalil/Desktop/Never_list_MAIN/CoreParseLib/build/CMakeFiles/CMakeTmp'



Determining if the include file stdarg.h exists passed with the following output:
Change Dir: /home/jalil/Desktop/Never_list_MAIN/CoreParseLib/build/CMakeFiles/CMakeTmp

Run Build Command(s):/usr/bin/gmake -f Makefile cmTC_48b74/fast && /usr/bin/gmake  -f CMakeFiles/cmTC_48b74.dir/build.make CMakeFiles/cmTC_48b74.dir/build
gmake[1]: Entering directory '/home/jalil/Desktop/Never_list_MAIN/CoreParseLib/build/CMakeFiles/CMakeTmp'
Building C object CMakeFiles/cmTC_48b74.dir/CheckIncludeFile.c.o
/usr/bin/gcc -D_GNU_SOURCE  -fPIE -std=gnu11 -o CMakeFiles/cmTC_48b74.dir/CheckIncludeFile.c.o -c /home/jalil/Desktop/Never_list_MAIN/CoreParseLib/build/CMakeFiles/CMakeTmp/CheckIncludeFile.c
Linking C executable cmTC_48b74
/usr/bin/cmake -E cmake_link_script CMakeFiles/cmTC_48b74.dir/link.txt --verbose=1
/usr/bin/gcc CMakeFiles/cmTC_48b74.dir/CheckIncludeFile.c.o -o cmTC_48b74  -lm 
gmake[1]: Leaving directory '/home/jalil/Desktop/Never_list_MAIN/CoreParseLib/build/CMakeFiles/CMakeTmp'



Determining if the include file strings.h exists passed with the following output:
Change Dir: /home/jalil/Desktop/Never_list_MAIN/CoreParseLib/build/CMakeFiles/CMakeTmp

Run Build Command(s):/usr/bin/gmake -f Makefile cmTC_18e10/fast && /usr/bin/gmake  -f CMakeFiles/cmTC_18e10.dir/build.make CMakeFiles/cmTC_18e10.dir/build
gmake[1]: Entering directory '/home/jalil/Desktop/Never_list_MAIN/CoreParseLib/build/CMakeFiles/CMakeTmp'
Building C object CMakeFiles/cmTC_18e10.dir/CheckIncludeFile.c.o
/usr/bin/gcc -D_GNU_SOURCE  -fPIE -std=gnu11 -o CMakeFiles/cmTC_18e10.dir/CheckIncludeFile.c.o -c /home/jalil/Desktop/Never_list_MAIN/CoreParseLib/build/CMakeFiles/CMakeTmp/CheckIncludeFile.c
Linking C executable cmTC_18e10
/usr/bin/cmake -E cmake_link_script CMakeFiles/cmTC_18e10.dir/link.txt --verbose=1
/usr/bin/gcc CMakeFiles/cmTC_18e10.dir/CheckIncludeFile.c.o -o cmTC_18e10  -lm 
gmake[1]: Leaving directory '/home/jalil/Desktop/Never_list_MAIN/CoreParseLib/build/CMakeFiles/CMakeTmp'



Determining if the include file string.h exists passed with the following output:
Change Dir: /home/jalil/Desktop/Never_list_MAIN/CoreParseLib/build/CMakeFiles/CMakeTmp

Run Build Command(s):/usr/bin/gmake -f Makefile cmTC_f3e7b/fast && /usr/bin/gmake  -f CMakeFiles/cmTC_f3e7b.dir/build.make CMakeFiles/cmTC_f3e7b.dir/build
gmake[1]: Entering directory '/home/jalil/Desktop/Never_list_MAIN/CoreParseLib/build/CMakeFiles/CMakeTmp'
Building C object CMakeFiles/cmTC_f3e7b.dir/CheckIncludeFile.c.o
/usr/bin/gcc -D_GNU_SOURCE  -fPIE -std=gnu11 -o CMakeFiles/cmTC_f3e7b.dir/CheckIncludeFile.c.o -c /home/jalil/Desktop/Never_list_MAIN/CoreParseLib/build/CMakeFiles/CMakeTmp/CheckIncludeFile.c
Linking C executable cmTC_f3e7b
/usr/bin/cmake -E cmake_link_script CMakeFiles/cmTC_f3e7b.dir/link.txt --verbose=1
/usr/bin/gcc CMakeFiles/cmTC_f3e7b.dir/CheckIncludeFile.c.o -o cmTC_f3e7b  -lm 
gmake[1]: Leaving directory '/home/jalil/Desktop/Never_list_MAIN/CoreParseLib/build/CMakeFiles/CMakeTmp'



Determining if the include file syslog.h exists passed with the following output:
Change Dir: /home/jalil/Desktop/Never_list_MAIN/CoreParseLib/build/CMakeFiles/CMakeTmp

Run Build Command(s):/usr/bin/gmake -f Makefile cmTC_b4729/fast && /usr/bin/gmake  -f CMakeFiles/cmTC_b4729.dir/build.make CMakeFiles/cmTC_b4729.dir/build
gmake[1]: Entering directory '/home/jalil/Desktop/Never_list_MAIN/CoreParseLib/build/CMakeFiles/CMakeTmp'
Building C object CMakeFiles/cmTC_b4729.dir/CheckIncludeFile.c.o
/usr/bin/gcc -D_GNU_SOURCE  -fPIE -std=gnu11 -o CMakeFiles/cmTC_b4729.dir/CheckIncludeFile.c.o -c /home/jalil/Desktop/Never_list_MAIN/CoreParseLib/build/CMakeFiles/CMakeTmp/CheckIncludeFile.c
Linking C executable cmTC_b4729
/usr/bin/cmake -E cmake_link_script CMakeFiles/cmTC_b4729.dir/link.txt --verbose=1
/usr/bin/gcc CMakeFiles/cmTC_b4729.dir/CheckIncludeFile.c.o -o cmTC_b4729  -lm 
gmake[1]: Leaving directory '/home/jalil/Desktop/Never_list_MAIN/CoreParseLib/build/CMakeFiles/CMakeTmp'



Determining if files stdlib.h;stdarg.h;string.h;float.h exist passed with the following output:
Change Dir: /home/jalil/Desktop/Never_list_MAIN/CoreParseLib/build/CMakeFiles/CMakeTmp

Run Build Command(s):/usr/bin/gmake -f Makefile cmTC_d8e60/fast && /usr/bin/gmake  -f CMakeFiles/cmTC_d8e60.dir/build.make CMakeFiles/cmTC_d8e60.dir/build
gmake[1]: Entering directory '/home/jalil/Desktop/Never_list_MAIN/CoreParseLib/build/CMakeFiles/CMakeTmp'
Building C object CMakeFiles/cmTC_d8e60.dir/STDC_HEADERS.c.o
/usr/bin/gcc -D_GNU_SOURCE  -fPIE -std=gnu11 -o CMakeFiles/cmTC_d8e60.dir/STDC_HEADERS.c.o -c /home/jalil/Desktop/Never_list_MAIN/CoreParseLib/build/CMakeFiles/CheckIncludeFiles/STDC_HEADERS.c
Linking C executable cmTC_d8e60
/usr/bin/cmake -E cmake_link_script CMakeFiles/cmTC_d8e60.dir/link.txt --verbose=1
/usr/bin/gcc CMakeFiles/cmTC_d8e60.dir/STDC_HEADERS.c.o -o cmTC_d8e60  -lm 
gmake[1]: Leaving directory '/home/jalil/Desktop/Never_list_MAIN/CoreParseLib/build/CMakeFiles/CMakeTmp'



Determining if the include file unistd.h exists passed with the following output:
Change Dir: /home/jalil/Desktop/Never_list_MAIN/CoreParseLib/build/CMakeFiles/CMakeTmp

Run Build Command(s):/usr/bin/gmake -f Makefile cmTC_a4d96/fast && /usr/bin/gmake  -f CMakeFiles/cmTC_a4d96.dir/build.make CMakeFiles/cmTC_a4d96.dir/build
gmake[1]: Entering directory '/home/jalil/Desktop/Never_list_MAIN/CoreParseLib/build/CMakeFiles/CMakeTmp'
Building C object CMakeFiles/cmTC_a4d96.dir/CheckIncludeFile.c.o
/usr/bin/gcc -D_GNU_SOURCE  -fPIE -std=gnu11 -o CMakeFiles/cmTC_a4d96.dir/CheckIncludeFile.c.o -c /home/jalil/Desktop/Never_list_MAIN/CoreParseLib/build/CMakeFiles/CMakeTmp/CheckIncludeFile.c
Linking C executable cmTC_a4d96
/usr/bin/cmake -E cmake_link_script CMakeFiles/cmTC_a4d96.dir/link.txt --verbose=1
/usr/bin/gcc CMakeFiles/cmTC_a4d96.dir/CheckIncludeFile.c.o -o cmTC_a4d96  -lm 
gmake[1]: Leaving directory '/home/jalil/Desktop/Never_list_MAIN/CoreParseLib/build/CMakeFiles/CMakeTmp'



Determining if the include file sys/types.h exists passed with the following output:
Change Dir: /home/jalil/Desktop/Never_list_MAIN/CoreParseLib/build/CMakeFiles/CMakeTmp

Run Build Command(s):/usr/bin/gmake -f Makefile cmTC_f926d/fast && /usr/bin/gmake  -f CMakeFiles/cmTC_f926d.dir/build.make CMakeFiles/cmTC_f926d.dir/build
gmake[1]: Entering directory '/home/jalil/Desktop/Never_list_MAIN/CoreParseLib/build/CMakeFiles/CMakeTmp'
Building C object CMakeFiles/cmTC_f926d.dir/CheckIncludeFile.c.o
/usr/bin/gcc -D_GNU_SOURCE  -fPIE -std=gnu11 -o CMakeFiles/cmTC_f926d.dir/CheckIncludeFile.c.o -c /home/jalil/Desktop/Never_list_MAIN/CoreParseLib/build/CMakeFiles/CMakeTmp/CheckIncludeFile.c
Linking C executable cmTC_f926d
/usr/bin/cmake -E cmake_link_script CMakeFiles/cmTC_f926d.dir/link.txt --verbose=1
/usr/bin/gcc CMakeFiles/cmTC_f926d.dir/CheckIncludeFile.c.o -o cmTC_f926d  -lm 
gmake[1]: Leaving directory '/home/jalil/Desktop/Never_list_MAIN/CoreParseLib/build/CMakeFiles/CMakeTmp'



Determining if the include file sys/resource.h exists passed with the following output:
Change Dir: /home/jalil/Desktop/Never_list_MAIN/CoreParseLib/build/CMakeFiles/CMakeTmp

Run Build Command(s):/usr/bin/gmake -f Makefile cmTC_daf6e/fast && /usr/bin/gmake  -f CMakeFiles/cmTC_daf6e.dir/build.make CMakeFiles/cmTC_daf6e.dir/build
gmake[1]: Entering directory '/home/jalil/Desktop/Never_list_MAIN/CoreParseLib/build/CMakeFiles/CMakeTmp'
Building C object CMakeFiles/cmTC_daf6e.dir/CheckIncludeFile.c.o
/usr/bin/gcc -D_GNU_SOURCE  -fPIE -std=gnu11 -o CMakeFiles/cmTC_daf6e.dir/CheckIncludeFile.c.o -c /home/jalil/Desktop/Never_list_MAIN/CoreParseLib/build/CMakeFiles/CMakeTmp/CheckIncludeFile.c
Linking C executable cmTC_daf6e
/usr/bin/cmake -E cmake_link_script CMakeFiles/cmTC_daf6e.dir/link.txt --verbose=1
/usr/bin/gcc CMakeFiles/cmTC_daf6e.dir/CheckIncludeFile.c.o -o cmTC_daf6e  -lm 
gmake[1]: Leaving directory '/home/jalil/Desktop/Never_list_MAIN/CoreParseLib/build/CMakeFiles/CMakeTmp'



Determining if the include file dlfcn.h exists passed with the following output:
Change Dir: /home/jalil/Desktop/Never_list_MAIN/CoreParseLib/build/CMakeFiles/CMakeTmp

Run Build Command(s):/usr/bin/gmake -f Makefile cmTC_f6cd1/fast && /usr/bin/gmake  -f CMakeFiles/cmTC_f6cd1.dir/build.make CMakeFiles/cmTC_f6cd1.dir/build
gmake[1]: Entering directory '/home/jalil/Desktop/Never_list_MAIN/CoreParseLib/build/CMakeFiles/CMakeTmp'
Building C object CMakeFiles/cmTC_f6cd1.dir/CheckIncludeFile.c.o
/usr/bin/gcc -D_GNU_SOURCE  -fPIE -std=gnu11 -o CMakeFiles/cmTC_f6cd1.dir/CheckIncludeFile.c.o -c /home/jalil/Desktop/Never_list_MAIN/CoreParseLib/build/CMakeFiles/CMakeTmp/CheckIncludeFile.c
Linking C executable cmTC_f6cd1
/usr/bin/cmake -E cmake_link_script CMakeFiles/cmTC_f6cd1.dir/link.txt --verbose=1
/usr/bin/gcc CMakeFiles/cmTC_f6cd1.dir/CheckIncludeFile.c.o -o cmTC_f6cd1  -lm 
gmake[1]: Leaving directory '/home/jalil/Desktop/Never_list_MAIN/CoreParseLib/build/CMakeFiles/CMakeTmp'



Determining if the include file endian.h exists passed with the following output:
Change Dir: /home/jalil/Desktop/Never_list_MAIN/CoreParseLib/build/CMakeFiles/CMakeTmp

Run Build Command(s):/usr/bin/gmake -f Makefile cmTC_b3149/fast && /usr/bin/gmake  -f CMakeFiles/cmTC_b3149.dir/build.make CMakeFiles/cmTC_b3149.dir/build
gmake[1]: Entering directory '/home/jalil/Desktop/Never_list_MAIN/CoreParseLib/build/CMakeFiles/CMakeTmp'
Building C object CMakeFiles/cmTC_b3149.dir/CheckIncludeFile.c.o
/usr/bin/gcc -D_GNU_SOURCE  -fPIE -std=gnu11 -o CMakeFiles/cmTC_b3149.dir/CheckIncludeFile.c.o -c /home/jalil/Desktop/Never_list_MAIN/CoreParseLib/build/CMakeFiles/CMakeTmp/CheckIncludeFile.c
Linking C executable cmTC_b3149
/usr/bin/cmake -E cmake_link_script CMakeFiles/cmTC_b3149.dir/link.txt --verbose=1
/usr/bin/gcc CMakeFiles/cmTC_b3149.dir/CheckIncludeFile.c.o -o cmTC_b3149  -lm 
gmake[1]: Leaving directory '/home/jalil/Desktop/Never_list_MAIN/CoreParseLib/build/CMakeFiles/CMakeTmp'



Determining if the include file limits.h exists passed with the following output:
Change Dir: /home/jalil/Desktop/Never_list_MAIN/CoreParseLib/build/CMakeFiles/CMakeTmp

Run Build Command(s):/usr/bin/gmake -f Makefile cmTC_42734/fast && /usr/bin/gmake  -f CMakeFiles/cmTC_42734.dir/build.make CMakeFiles/cmTC_42734.dir/build
gmake[1]: Entering directory '/home/jalil/Desktop/Never_list_MAIN/CoreParseLib/build/CMakeFiles/CMakeTmp'
Building C object CMakeFiles/cmTC_42734.dir/CheckIncludeFile.c.o
/usr/bin/gcc -D_GNU_SOURCE  -fPIE -std=gnu11 -o CMakeFiles/cmTC_42734.dir/CheckIncludeFile.c.o -c /home/jalil/Desktop/Never_list_MAIN/CoreParseLib/build/CMakeFiles/CMakeTmp/CheckIncludeFile.c
Linking C executable cmTC_42734
/usr/bin/cmake -E cmake_link_script CMakeFiles/cmTC_42734.dir/link.txt --verbose=1
/usr/bin/gcc CMakeFiles/cmTC_42734.dir/CheckIncludeFile.c.o -o cmTC_42734  -lm 
gmake[1]: Leaving directory '/home/jalil/Desktop/Never_list_MAIN/CoreParseLib/build/CMakeFiles/CMakeTmp'



Determining if the include file locale.h exists passed with the following output:
Change Dir: /home/jalil/Desktop/Never_list_MAIN/CoreParseLib/build/CMakeFiles/CMakeTmp

Run Build Command(s):/usr/bin/gmake -f Makefile cmTC_8a3ba/fast && /usr/bin/gmake  -f CMakeFiles/cmTC_8a3ba.dir/build.make CMakeFiles/cmTC_8a3ba.dir/build
gmake[1]: Entering directory '/home/jalil/Desktop/Never_list_MAIN/CoreParseLib/build/CMakeFiles/CMakeTmp'
Building C object CMakeFiles/cmTC_8a3ba.dir/CheckIncludeFile.c.o
/usr/bin/gcc -D_GNU_SOURCE  -fPIE -std=gnu11 -o CMakeFiles/cmTC_8a3ba.dir/CheckIncludeFile.c.o -c /home/jalil/Desktop/Never_list_MAIN/CoreParseLib/build/CMakeFiles/CMakeTmp/CheckIncludeFile.c
Linking C executable cmTC_8a3ba
/usr/bin/cmake -E cmake_link_script CMakeFiles/cmTC_8a3ba.dir/link.txt --verbose=1
/usr/bin/gcc CMakeFiles/cmTC_8a3ba.dir/CheckIncludeFile.c.o -o cmTC_8a3ba  -lm 
gmake[1]: Leaving directory '/home/jalil/Desktop/Never_list_MAIN/CoreParseLib/build/CMakeFiles/CMakeTmp'



Determining if the include file memory.h exists passed with the following output:
Change Dir: /home/jalil/Desktop/Never_list_MAIN/CoreParseLib/build/CMakeFiles/CMakeTmp

Run Build Command(s):/usr/bin/gmake -f Makefile cmTC_c4f3a/fast && /usr/bin/gmake  -f CMakeFiles/cmTC_c4f3a.dir/build.make CMakeFiles/cmTC_c4f3a.dir/build
gmake[1]: Entering directory '/home/jalil/Desktop/Never_list_MAIN/CoreParseLib/build/CMakeFiles/CMakeTmp'
Building C object CMakeFiles/cmTC_c4f3a.dir/CheckIncludeFile.c.o
/usr/bin/gcc -D_GNU_SOURCE  -fPIE -std=gnu11 -o CMakeFiles/cmTC_c4f3a.dir/CheckIncludeFile.c.o -c /home/jalil/Desktop/Never_list_MAIN/CoreParseLib/build/CMakeFiles/CMakeTmp/CheckIncludeFile.c
Linking C executable cmTC_c4f3a
/usr/bin/cmake -E cmake_link_script CMakeFiles/cmTC_c4f3a.dir/link.txt --verbose=1
/usr/bin/gcc CMakeFiles/cmTC_c4f3a.dir/CheckIncludeFile.c.o -o cmTC_c4f3a  -lm 
gmake[1]: Leaving directory '/home/jalil/Desktop/Never_list_MAIN/CoreParseLib/build/CMakeFiles/CMakeTmp'



Determining if the include file stdint.h exists passed with the following output:
Change Dir: /home/jalil/Desktop/Never_list_MAIN/CoreParseLib/build/CMakeFiles/CMakeTmp

Run Build Command(s):/usr/bin/gmake -f Makefile cmTC_53139/fast && /usr/bin/gmake  -f CMakeFiles/cmTC_53139.dir/build.make CMakeFiles/cmTC_53139.dir/build
gmake[1]: Entering directory '/home/jalil/Desktop/Never_list_MAIN/CoreParseLib/build/CMakeFiles/CMakeTmp'
Building C object CMakeFiles/cmTC_53139.dir/CheckIncludeFile.c.o
/usr/bin/gcc -D_GNU_SOURCE  -fPIE -std=gnu11 -o CMakeFiles/cmTC_53139.dir/CheckIncludeFile.c.o -c /home/jalil/Desktop/Never_list_MAIN/CoreParseLib/build/CMakeFiles/CMakeTmp/CheckIncludeFile.c
Linking C executable cmTC_53139
/usr/bin/cmake -E cmake_link_script CMakeFiles/cmTC_53139.dir/link.txt --verbose=1
/usr/bin/gcc CMakeFiles/cmTC_53139.dir/CheckIncludeFile.c.o -o cmTC_53139  -lm 
gmake[1]: Leaving directory '/home/jalil/Desktop/Never_list_MAIN/CoreParseLib/build/CMakeFiles/CMakeTmp'



Determining if the include file stdlib.h exists passed with the following output:
Change Dir: /home/jalil/Desktop/Never_list_MAIN/CoreParseLib/build/CMakeFiles/CMakeTmp

Run Build Command(s):/usr/bin/gmake -f Makefile cmTC_3c1a1/fast && /usr/bin/gmake  -f CMakeFiles/cmTC_3c1a1.dir/build.make CMakeFiles/cmTC_3c1a1.dir/build
gmake[1]: Entering directory '/home/jalil/Desktop/Never_list_MAIN/CoreParseLib/build/CMakeFiles/CMakeTmp'
Building C object CMakeFiles/cmTC_3c1a1.dir/CheckIncludeFile.c.o
/usr/bin/gcc -D_GNU_SOURCE  -fPIE -std=gnu11 -o CMakeFiles/cmTC_3c1a1.dir/CheckIncludeFile.c.o -c /home/jalil/Desktop/Never_list_MAIN/CoreParseLib/build/CMakeFiles/CMakeTmp/CheckIncludeFile.c
Linking C executable cmTC_3c1a1
/usr/bin/cmake -E cmake_link_script CMakeFiles/cmTC_3c1a1.dir/link.txt --verbose=1
/usr/bin/gcc CMakeFiles/cmTC_3c1a1.dir/CheckIncludeFile.c.o -o cmTC_3c1a1  -lm 
gmake[1]: Leaving directory '/home/jalil/Desktop/Never_list_MAIN/CoreParseLib/build/CMakeFiles/CMakeTmp'



Determining if the include file sys/cdefs.h exists passed with the following output:
Change Dir: /home/jalil/Desktop/Never_list_MAIN/CoreParseLib/build/CMakeFiles/CMakeTmp

Run Build Command(s):/usr/bin/gmake -f Makefile cmTC_7aca4/fast && /usr/bin/gmake  -f CMakeFiles/cmTC_7aca4.dir/build.make CMakeFiles/cmTC_7aca4.dir/build
gmake[1]: Entering directory '/home/jalil/Desktop/Never_list_MAIN/CoreParseLib/build/CMakeFiles/CMakeTmp'
Building C object CMakeFiles/cmTC_7aca4.dir/CheckIncludeFile.c.o
/usr/bin/gcc -D_GNU_SOURCE  -fPIE -std=gnu11 -o CMakeFiles/cmTC_7aca4.dir/CheckIncludeFile.c.o -c /home/jalil/Desktop/Never_list_MAIN/CoreParseLib/build/CMakeFiles/CMakeTmp/CheckIncludeFile.c
Linking C executable cmTC_7aca4
/usr/bin/cmake -E cmake_link_script CMakeFiles/cmTC_7aca4.dir/link.txt --verbose=1
/usr/bin/gcc CMakeFiles/cmTC_7aca4.dir/CheckIncludeFile.c.o -o cmTC_7aca4  -lm 
gmake[1]: Leaving directory '/home/jalil/Desktop/Never_list_MAIN/CoreParseLib/build/CMakeFiles/CMakeTmp'



Determining if the include file sys/param.h exists passed with the following output:
Change Dir: /home/jalil/Desktop/Never_list_MAIN/CoreParseLib/build/CMakeFiles/CMakeTmp

Run Build Command(s):/usr/bin/gmake -f Makefile cmTC_fb1f4/fast && /usr/bin/gmake  -f CMakeFiles/cmTC_fb1f4.dir/build.make CMakeFiles/cmTC_fb1f4.dir/build
gmake[1]: Entering directory '/home/jalil/Desktop/Never_list_MAIN/CoreParseLib/build/CMakeFiles/CMakeTmp'
Building C object CMakeFiles/cmTC_fb1f4.dir/CheckIncludeFile.c.o
/usr/bin/gcc -D_GNU_SOURCE  -fPIE -std=gnu11 -o CMakeFiles/cmTC_fb1f4.dir/CheckIncludeFile.c.o -c /home/jalil/Desktop/Never_list_MAIN/CoreParseLib/build/CMakeFiles/CMakeTmp/CheckIncludeFile.c
Linking C executable cmTC_fb1f4
/usr/bin/cmake -E cmake_link_script CMakeFiles/cmTC_fb1f4.dir/link.txt --verbose=1
/usr/bin/gcc CMakeFiles/cmTC_fb1f4.dir/CheckIncludeFile.c.o -o cmTC_fb1f4  -lm 
gmake[1]: Leaving directory '/home/jalil/Desktop/Never_list_MAIN/CoreParseLib/build/CMakeFiles/CMakeTmp'



Determining if the include file sys/random.h exists passed with the following output:
Change Dir: /home/jalil/Desktop/Never_list_MAIN/CoreParseLib/build/CMakeFiles/CMakeTmp

Run Build Command(s):/usr/bin/gmake -f Makefile cmTC_053b3/fast && /usr/bin/gmake  -f CMakeFiles/cmTC_053b3.dir/build.make CMakeFiles/cmTC_053b3.dir/build
gmake[1]: Entering directory '/home/jalil/Desktop/Never_list_MAIN/CoreParseLib/build/CMakeFiles/CMakeTmp'
Building C object CMakeFiles/cmTC_053b3.dir/CheckIncludeFile.c.o
/usr/bin/gcc -D_GNU_SOURCE  -fPIE -std=gnu11 -o CMakeFiles/cmTC_053b3.dir/CheckIncludeFile.c.o -c /home/jalil/Desktop/Never_list_MAIN/CoreParseLib/build/CMakeFiles/CMakeTmp/CheckIncludeFile.c
Linking C executable cmTC_053b3
/usr/bin/cmake -E cmake_link_script CMakeFiles/cmTC_053b3.dir/link.txt --verbose=1
/usr/bin/gcc CMakeFiles/cmTC_053b3.dir/CheckIncludeFile.c.o -o cmTC_053b3  -lm 
gmake[1]: Leaving directory '/home/jalil/Desktop/Never_list_MAIN/CoreParseLib/build/CMakeFiles/CMakeTmp'



Determining if the include file sys/stat.h exists passed with the following output:
Change Dir: /home/jalil/Desktop/Never_list_MAIN/CoreParseLib/build/CMakeFiles/CMakeTmp

Run Build Command(s):/usr/bin/gmake -f Makefile cmTC_07277/fast && /usr/bin/gmake  -f CMakeFiles/cmTC_07277.dir/build.make CMakeFiles/cmTC_07277.dir/build
gmake[1]: Entering directory '/home/jalil/Desktop/Never_list_MAIN/CoreParseLib/build/CMakeFiles/CMakeTmp'
Building C object CMakeFiles/cmTC_07277.dir/CheckIncludeFile.c.o
/usr/bin/gcc -D_GNU_SOURCE  -fPIE -std=gnu11 -o CMakeFiles/cmTC_07277.dir/CheckIncludeFile.c.o -c /home/jalil/Desktop/Never_list_MAIN/CoreParseLib/build/CMakeFiles/CMakeTmp/CheckIncludeFile.c
Linking C executable cmTC_07277
/usr/bin/cmake -E cmake_link_script CMakeFiles/cmTC_07277.dir/link.txt --verbose=1
/usr/bin/gcc CMakeFiles/cmTC_07277.dir/CheckIncludeFile.c.o -o cmTC_07277  -lm 
gmake[1]: Leaving directory '/home/jalil/Desktop/Never_list_MAIN/CoreParseLib/build/CMakeFiles/CMakeTmp'



Determining if the INFINITY exist passed with the following output:
Change Dir: /home/jalil/Desktop/Never_list_MAIN/CoreParseLib/build/CMakeFiles/CMakeTmp

Run Build Command(s):/usr/bin/gmake -f Makefile cmTC_420ce/fast && /usr/bin/gmake  -f CMakeFiles/cmTC_420ce.dir/build.make CMakeFiles/cmTC_420ce.dir/build
gmake[1]: Entering directory '/home/jalil/Desktop/Never_list_MAIN/CoreParseLib/build/CMakeFiles/CMakeTmp'
Building C object CMakeFiles/cmTC_420ce.dir/CheckSymbolExists.c.o
/usr/bin/gcc -D_GNU_SOURCE  -fPIE -std=gnu11 -o CMakeFiles/cmTC_420ce.dir/CheckSymbolExists.c.o -c /home/jalil/Desktop/Never_list_MAIN/CoreParseLib/build/CMakeFiles/CMakeTmp/CheckSymbolExists.c
Linking C executable cmTC_420ce
/usr/bin/cmake -E cmake_link_script CMakeFiles/cmTC_420ce.dir/link.txt --verbose=1
/usr/bin/gcc CMakeFiles/cmTC_420ce.dir/CheckSymbolExists.c.o -o cmTC_420ce  -lm 
gmake[1]: Leaving directory '/home/jalil/Desktop/Never_list_MAIN/CoreParseLib/build/CMakeFiles/CMakeTmp'


File /home/jalil/Desktop/Never_list_MAIN/CoreParseLib/build/CMakeFiles/CMakeTmp/CheckSymbolExists.c:
/* */
#include <math.h>

int main(int argc, char** argv)
{
  (void)argv;
#ifndef INFINITY
  return ((int*)(&INFINITY))[argc];
#else
  (void)argc;
  return 0;
#endif
}
Determining if the isinf exist passed with the following output:
Change Dir: /home/jalil/Desktop/Never_list_MAIN/CoreParseLib/build/CMakeFiles/CMakeTmp

Run Build Command(s):/usr/bin/gmake -f Makefile cmTC_94097/fast && /usr/bin/gmake  -f CMakeFiles/cmTC_94097.dir/build.make CMakeFiles/cmTC_94097.dir/build
gmake[1]: Entering directory '/home/jalil/Desktop/Never_list_MAIN/CoreParseLib/build/CMakeFiles/CMakeTmp'
Building C object CMakeFiles/cmTC_94097.dir/CheckSymbolExists.c.o
/usr/bin/gcc -D_GNU_SOURCE  -fPIE -std=gnu11 -o CMakeFiles/cmTC_94097.dir/CheckSymbolExists.c.o -c /home/jalil/Desktop/Never_list_MAIN/CoreParseLib/build/CMakeFiles/CMakeTmp/CheckSymbolExists.c
Linking C executable cmTC_94097
/usr/bin/cmake -E cmake_link_script CMakeFiles/cmTC_94097.dir/link.txt --verbose=1
/usr/bin/gcc CMakeFiles/cmTC_94097.dir/CheckSymbolExists.c.o -o cmTC_94097  -lm 
gmake[1]: Leaving directory '/home/jalil/Desktop/Never_list_MAIN/CoreParseLib/build/CMakeFiles/CMakeTmp'


File /home/jalil/Desktop/Never_list_MAIN/CoreParseLib/build/CMakeFiles/CMakeTmp/CheckSymbolExists.c:
/* */
#include <math.h>

int main(int argc, char** argv)
{
  (void)argv;
#ifndef isinf
  return ((int*)(&isinf))[argc];
#else
  (void)argc;
  return 0;
#endif
}
Determining if the isnan exist passed with the following output:
Change Dir: /home/jalil/Desktop/Never_list_MAIN/CoreParseLib/build/CMakeFiles/CMakeTmp

Run Build Command(s):/usr/bin/gmake -f Makefile cmTC_62d0a/fast && /usr/bin/gmake  -f CMakeFiles/cmTC_62d0a.dir/build.make CMakeFiles/cmTC_62d0a.dir/build
gmake[1]: Entering directory '/home/jalil/Desktop/Never_list_MAIN/CoreParseLib/build/CMakeFiles/CMakeTmp'
Building C object CMakeFiles/cmTC_62d0a.dir/CheckSymbolExists.c.o
/usr/bin/gcc -D_GNU_SOURCE  -fPIE -std=gnu11 -o CMakeFiles/cmTC_62d0a.dir/CheckSymbolExists.c.o -c /home/jalil/Desktop/Never_list_MAIN/CoreParseLib/build/CMakeFiles/CMakeTmp/CheckSymbolExists.c
Linking C executable cmTC_62d0a
/usr/bin/cmake -E cmake_link_script CMakeFiles/cmTC_62d0a.dir/link.txt --verbose=1
/usr/bin/gcc CMakeFiles/cmTC_62d0a.dir/CheckSymbolExists.c.o -o cmTC_62d0a  -lm 
gmake[1]: Leaving directory '/home/jalil/Desktop/Never_list_MAIN/CoreParseLib/build/CMakeFiles/CMakeTmp'


File /home/jalil/Desktop/Never_list_MAIN/CoreParseLib/build/CMakeFiles/CMakeTmp/CheckSymbolExists.c:
/* */
#include <math.h>

int main(int argc, char** argv)
{
  (void)argv;
#ifndef isnan
  return ((int*)(&isnan))[argc];
#else
  (void)argc;
  return 0;
#endif
}
Determining if the nan exist passed with the following output:
Change Dir: /home/jalil/Desktop/Never_list_MAIN/CoreParseLib/build/CMakeFiles/CMakeTmp

Run Build Command(s):/usr/bin/gmake -f Makefile cmTC_e78ac/fast && /usr/bin/gmake  -f CMakeFiles/cmTC_e78ac.dir/build.make CMakeFiles/cmTC_e78ac.dir/build
gmake[1]: Entering directory '/home/jalil/Desktop/Never_list_MAIN/CoreParseLib/build/CMakeFiles/CMakeTmp'
Building C object CMakeFiles/cmTC_e78ac.dir/CheckSymbolExists.c.o
/usr/bin/gcc -D_GNU_SOURCE  -fPIE -std=gnu11 -o CMakeFiles/cmTC_e78ac.dir/CheckSymbolExists.c.o -c /home/jalil/Desktop/Never_list_MAIN/CoreParseLib/build/CMakeFiles/CMakeTmp/CheckSymbolExists.c
Linking C executable cmTC_e78ac
/usr/bin/cmake -E cmake_link_script CMakeFiles/cmTC_e78ac.dir/link.txt --verbose=1
/usr/bin/gcc CMakeFiles/cmTC_e78ac.dir/CheckSymbolExists.c.o -o cmTC_e78ac  -lm 
gmake[1]: Leaving directory '/home/jalil/Desktop/Never_list_MAIN/CoreParseLib/build/CMakeFiles/CMakeTmp'


File /home/jalil/Desktop/Never_list_MAIN/CoreParseLib/build/CMakeFiles/CMakeTmp/CheckSymbolExists.c:
/* */
#include <math.h>

int main(int argc, char** argv)
{
  (void)argv;
#ifndef nan
  return ((int*)(&nan))[argc];
#else
  (void)argc;
  return 0;
#endif
}
Determining if the snprintf exist passed with the following output:
Change Dir: /home/jalil/Desktop/Never_list_MAIN/CoreParseLib/build/CMakeFiles/CMakeTmp

Run Build Command(s):/usr/bin/gmake -f Makefile cmTC_68249/fast && /usr/bin/gmake  -f CMakeFiles/cmTC_68249.dir/build.make CMakeFiles/cmTC_68249.dir/build
gmake[1]: Entering directory '/home/jalil/Desktop/Never_list_MAIN/CoreParseLib/build/CMakeFiles/CMakeTmp'
Building C object CMakeFiles/cmTC_68249.dir/CheckSymbolExists.c.o
/usr/bin/gcc -D_GNU_SOURCE  -fPIE -std=gnu11 -o CMakeFiles/cmTC_68249.dir/CheckSymbolExists.c.o -c /home/jalil/Desktop/Never_list_MAIN/CoreParseLib/build/CMakeFiles/CMakeTmp/CheckSymbolExists.c
Linking C executable cmTC_68249
/usr/bin/cmake -E cmake_link_script CMakeFiles/cmTC_68249.dir/link.txt --verbose=1
/usr/bin/gcc CMakeFiles/cmTC_68249.dir/CheckSymbolExists.c.o -o cmTC_68249  -lm 
gmake[1]: Leaving directory '/home/jalil/Desktop/Never_list_MAIN/CoreParseLib/build/CMakeFiles/CMakeTmp'


File /home/jalil/Desktop/Never_list_MAIN/CoreParseLib/build/CMakeFiles/CMakeTmp/CheckSymbolExists.c:
/* */
#include <stdio.h>

int main(int argc, char** argv)
{
  (void)argv;
#ifndef snprintf
  return ((int*)(&snprintf))[argc];
#else
  (void)argc;
  return 0;
#endif
}
Determining if the vasprintf exist passed with the following output:
Change Dir: /home/jalil/Desktop/Never_list_MAIN/CoreParseLib/build/CMakeFiles/CMakeTmp

Run Build Command(s):/usr/bin/gmake -f Makefile cmTC_88d42/fast && /usr/bin/gmake  -f CMakeFiles/cmTC_88d42.dir/build.make CMakeFiles/cmTC_88d42.dir/build
gmake[1]: Entering directory '/home/jalil/Desktop/Never_list_MAIN/CoreParseLib/build/CMakeFiles/CMakeTmp'
Building C object CMakeFiles/cmTC_88d42.dir/CheckSymbolExists.c.o
/usr/bin/gcc -D_GNU_SOURCE  -fPIE -std=gnu11 -o CMakeFiles/cmTC_88d42.dir/CheckSymbolExists.c.o -c /home/jalil/Desktop/Never_list_MAIN/CoreParseLib/build/CMakeFiles/CMakeTmp/CheckSymbolExists.c
Linking C executable cmTC_88d42
/usr/bin/cmake -E cmake_link_script CMakeFiles/cmTC_88d42.dir/link.txt --verbose=1
/usr/bin/gcc CMakeFiles/cmTC_88d42.dir/CheckSymbolExists.c.o -o cmTC_88d42  -lm 
gmake[1]: Leaving directory '/home/jalil/Desktop/Never_list_MAIN/CoreParseLib/build/CMakeFiles/CMakeTmp'


File /home/jalil/Desktop/Never_list_MAIN/CoreParseLib/build/CMakeFiles/CMakeTmp/CheckSymbolExists.c:
/* */
#include <stdio.h>

int main(int argc, char** argv)
{
  (void)argv;
#ifndef vasprintf
  return ((int*)(&vasprintf))[argc];
#else
  (void)argc;
  return 0;
#endif
}
Determining if the vsnprintf exist passed with the following output:
Change Dir: /home/jalil/Desktop/Never_list_MAIN/CoreParseLib/build/CMakeFiles/CMakeTmp

Run Build Command(s):/usr/bin/gmake -f Makefile cmTC_33df6/fast && /usr/bin/gmake  -f CMakeFiles/cmTC_33df6.dir/build.make CMakeFiles/cmTC_33df6.dir/build
gmake[1]: Entering directory '/home/jalil/Desktop/Never_list_MAIN/CoreParseLib/build/CMakeFiles/CMakeTmp'
Building C object CMakeFiles/cmTC_33df6.dir/CheckSymbolExists.c.o
/usr/bin/gcc -D_GNU_SOURCE  -fPIE -std=gnu11 -o CMakeFiles/cmTC_33df6.dir/CheckSymbolExists.c.o -c /home/jalil/Desktop/Never_list_MAIN/CoreParseLib/build/CMakeFiles/CMakeTmp/CheckSymbolExists.c
Linking C executable cmTC_33df6
/usr/bin/cmake -E cmake_link_script CMakeFiles/cmTC_33df6.dir/link.txt --verbose=1
/usr/bin/gcc CMakeFiles/cmTC_33df6.dir/CheckSymbolExists.c.o -o cmTC_33df6  -lm 
gmake[1]: Leaving directory '/home/jalil/Desktop/Never_list_MAIN/CoreParseLib/build/CMakeFiles/CMakeTmp'


File /home/jalil/Desktop/Never_list_MAIN/CoreParseLib/build/CMakeFiles/CMakeTmp/CheckSymbolExists.c:
/* */
#include <stdio.h>

int main(int argc, char** argv)
{
  (void)argv;
#ifndef vsnprintf
  return ((int*)(&vsnprintf))[argc];
#else
  (void)argc;
  return 0;
#endif
}
Determining if the vprintf exist passed with the following output:
Change Dir: /home/jalil/Desktop/Never_list_MAIN/CoreParseLib/build/CMakeFiles/CMakeTmp

Run Build Command(s):/usr/bin/gmake -f Makefile cmTC_aa9ae/fast && /usr/bin/gmake  -f CMakeFiles/cmTC_aa9ae.dir/build.make CMakeFiles/cmTC_aa9ae.dir/build
gmake[1]: Entering directory '/home/jalil/Desktop/Never_list_MAIN/CoreParseLib/build/CMakeFiles/CMakeTmp'
Building C object CMakeFiles/cmTC_aa9ae.dir/CheckSymbolExists.c.o
/usr/bin/gcc -D_GNU_SOURCE  -fPIE -std=gnu11 -o CMakeFiles/cmTC_aa9ae.dir/CheckSymbolExists.c.o -c /home/jalil/Desktop/Never_list_MAIN/CoreParseLib/build/CMakeFiles/CMakeTmp/CheckSymbolExists.c
Linking C executable cmTC_aa9ae
/usr/bin/cmake -E cmake_link_script CMakeFiles/cmTC_aa9ae.dir/link.txt --verbose=1
/usr/bin/gcc CMakeFiles/cmTC_aa9ae.dir/CheckSymbolExists.c.o -o cmTC_aa9ae  -lm 
gmake[1]: Leaving directory '/home/jalil/Desktop/Never_list_MAIN/CoreParseLib/build/CMakeFiles/CMakeTmp'


File /home/jalil/Desktop/Never_list_MAIN/CoreParseLib/build/CMakeFiles/CMakeTmp/CheckSymbolExists.c:
/* */
#include <stdio.h>

int main(int argc, char** argv)
{
  (void)argv;
#ifndef vprintf
  return ((int*)(&vprintf))[argc];
#else
  (void)argc;
  return 0;
#endif
}
Determining if the open exist passed with the following output:
Change Dir: /home/jalil/Desktop/Never_list_MAIN/CoreParseLib/build/CMakeFiles/CMakeTmp

Run Build Command(s):/usr/bin/gmake -f Makefile cmTC_6f54f/fast && /usr/bin/gmake  -f CMakeFiles/cmTC_6f54f.dir/build.make CMakeFiles/cmTC_6f54f.dir/build
gmake[1]: Entering directory '/home/jalil/Desktop/Never_list_MAIN/CoreParseLib/build/CMakeFiles/CMakeTmp'
Building C object CMakeFiles/cmTC_6f54f.dir/CheckSymbolExists.c.o
/usr/bin/gcc -D_GNU_SOURCE  -fPIE -std=gnu11 -o CMakeFiles/cmTC_6f54f.dir/CheckSymbolExists.c.o -c /home/jalil/Desktop/Never_list_MAIN/CoreParseLib/build/CMakeFiles/CMakeTmp/CheckSymbolExists.c
Linking C executable cmTC_6f54f
/usr/bin/cmake -E cmake_link_script CMakeFiles/cmTC_6f54f.dir/link.txt --verbose=1
/usr/bin/gcc CMakeFiles/cmTC_6f54f.dir/CheckSymbolExists.c.o -o cmTC_6f54f  -lm 
gmake[1]: Leaving directory '/home/jalil/Desktop/Never_list_MAIN/CoreParseLib/build/CMakeFiles/CMakeTmp'


File /home/jalil/Desktop/Never_list_MAIN/CoreParseLib/build/CMakeFiles/CMakeTmp/CheckSymbolExists.c:
/* */
#include <fcntl.h>

int main(int argc, char** argv)
{
  (void)argv;
#ifndef open
  return ((int*)(&open))[argc];
#else
  (void)argc;
  return 0;
#endif
}
Determining if the realloc exist passed with the following output:
Change Dir: /home/jalil/Desktop/Never_list_MAIN/CoreParseLib/build/CMakeFiles/CMakeTmp

Run Build Command(s):/usr/bin/gmake -f Makefile cmTC_af179/fast && /usr/bin/gmake  -f CMakeFiles/cmTC_af179.dir/build.make CMakeFiles/cmTC_af179.dir/build
gmake[1]: Entering directory '/home/jalil/Desktop/Never_list_MAIN/CoreParseLib/build/CMakeFiles/CMakeTmp'
Building C object CMakeFiles/cmTC_af179.dir/CheckSymbolExists.c.o
/usr/bin/gcc -D_GNU_SOURCE  -fPIE -std=gnu11 -o CMakeFiles/cmTC_af179.dir/CheckSymbolExists.c.o -c /home/jalil/Desktop/Never_list_MAIN/CoreParseLib/build/CMakeFiles/CMakeTmp/CheckSymbolExists.c
Linking C executable cmTC_af179
/usr/bin/cmake -E cmake_link_script CMakeFiles/cmTC_af179.dir/link.txt --verbose=1
/usr/bin/gcc CMakeFiles/cmTC_af179.dir/CheckSymbolExists.c.o -o cmTC_af179  -lm 
gmake[1]: Leaving directory '/home/jalil/Desktop/Never_list_MAIN/CoreParseLib/build/CMakeFiles/CMakeTmp'


File /home/jalil/Desktop/Never_list_MAIN/CoreParseLib/build/CMakeFiles/CMakeTmp/CheckSymbolExists.c:
/* */
#include <stdlib.h>

int main(int argc, char** argv)
{
  (void)argv;
#ifndef realloc
  return ((int*)(&realloc))[argc];
#else
  (void)argc;
  return 0;
#endif
}
Determining if the setlocale exist passed with the following output:
Change Dir: /home/jalil/Desktop/Never_list_MAIN/CoreParseLib/build/CMakeFiles/CMakeTmp

Run Build Command(s):/usr/bin/gmake -f Makefile cmTC_a0dc9/fast && /usr/bin/gmake  -f CMakeFiles/cmTC_a0dc9.dir/build.make CMakeFiles/cmTC_a0dc9.dir/build
gmake[1]: Entering directory '/home/jalil/Desktop/Never_list_MAIN/CoreParseLib/build/CMakeFiles/CMakeTmp'
Building C object CMakeFiles/cmTC_a0dc9.dir/CheckSymbolExists.c.o
/usr/bin/gcc -D_GNU_SOURCE  -fPIE -std=gnu11 -o CMakeFiles/cmTC_a0dc9.dir/CheckSymbolExists.c.o -c /home/jalil/Desktop/Never_list_MAIN/CoreParseLib/build/CMakeFiles/CMakeTmp/CheckSymbolExists.c
Linking C executable cmTC_a0dc9
/usr/bin/cmake -E cmake_link_script CMakeFiles/cmTC_a0dc9.dir/link.txt --verbose=1
/usr/bin/gcc CMakeFiles/cmTC_a0dc9.dir/CheckSymbolExists.c.o -o cmTC_a0dc9  -lm 
gmake[1]: Leaving directory '/home/jalil/Desktop/Never_list_MAIN/CoreParseLib/build/CMakeFiles/CMakeTmp'


File /home/jalil/Desktop/Never_list_MAIN/CoreParseLib/build/CMakeFiles/CMakeTmp/CheckSymbolExists.c:
/* */
#include <locale.h>

int main(int argc, char** argv)
{
  (void)argv;
#ifndef setlocale
  return ((int*)(&setlocale))[argc];
#else
  (void)argc;
  return 0;
#endif
}
Determining if the uselocale exist passed with the following output:
Change Dir: /home/jalil/Desktop/Never_list_MAIN/CoreParseLib/build/CMakeFiles/CMakeTmp

Run Build Command(s):/usr/bin/gmake -f Makefile cmTC_16a79/fast && /usr/bin/gmake  -f CMakeFiles/cmTC_16a79.dir/build.make CMakeFiles/cmTC_16a79.dir/build
gmake[1]: Entering directory '/home/jalil/Desktop/Never_list_MAIN/CoreParseLib/build/CMakeFiles/CMakeTmp'
Building C object CMakeFiles/cmTC_16a79.dir/CheckSymbolExists.c.o
/usr/bin/gcc -D_GNU_SOURCE  -fPIE -std=gnu11 -o CMakeFiles/cmTC_16a79.dir/CheckSymbolExists.c.o -c /home/jalil/Desktop/Never_list_MAIN/CoreParseLib/build/CMakeFiles/CMakeTmp/CheckSymbolExists.c
Linking C executable cmTC_16a79
/usr/bin/cmake -E cmake_link_script CMakeFiles/cmTC_16a79.dir/link.txt --verbose=1
/usr/bin/gcc CMakeFiles/cmTC_16a79.dir/CheckSymbolExists.c.o -o cmTC_16a79  -lm 
gmake[1]: Leaving directory '/home/jalil/Desktop/Never_list_MAIN/CoreParseLib/build/CMakeFiles/CMakeTmp'


File /home/jalil/Desktop/Never_list_MAIN/CoreParseLib/build/CMakeFiles/CMakeTmp/CheckSymbolExists.c:
/* */
#include <locale.h>

int main(int argc, char** argv)
{
  (void)argv;
#ifndef uselocale
  return ((int*)(&uselocale))[argc];
#else
  (void)argc;
  return 0;
#endif
}
Determining if the strcasecmp exist passed with the following output:
Change Dir: /home/jalil/Desktop/Never_list_MAIN/CoreParseLib/build/CMakeFiles/CMakeTmp

Run Build Command(s):/usr/bin/gmake -f Makefile cmTC_228ea/fast && /usr/bin/gmake  -f CMakeFiles/cmTC_228ea.dir/build.make CMakeFiles/cmTC_228ea.dir/build
gmake[1]: Entering directory '/home/jalil/Desktop/Never_list_MAIN/CoreParseLib/build/CMakeFiles/CMakeTmp'
Building C object CMakeFiles/cmTC_228ea.dir/CheckSymbolExists.c.o
/usr/bin/gcc -D_GNU_SOURCE  -fPIE -std=gnu11 -o CMakeFiles/cmTC_228ea.dir/CheckSymbolExists.c.o -c /home/jalil/Desktop/Never_list_MAIN/CoreParseLib/build/CMakeFiles/CMakeTmp/CheckSymbolExists.c
Linking C executable cmTC_228ea
/usr/bin/cmake -E cmake_link_script CMakeFiles/cmTC_228ea.dir/link.txt --verbose=1
/usr/bin/gcc CMakeFiles/cmTC_228ea.dir/CheckSymbolExists.c.o -o cmTC_228ea  -lm 
gmake[1]: Leaving directory '/home/jalil/Desktop/Never_list_MAIN/CoreParseLib/build/CMakeFiles/CMakeTmp'


File /home/jalil/Desktop/Never_list_MAIN/CoreParseLib/build/CMakeFiles/CMakeTmp/CheckSymbolExists.c:
/* */
#include <strings.h>

int main(int argc, char** argv)
{
  (void)argv;
#ifndef strcasecmp
  return ((int*)(&strcasecmp))[argc];
#else
  (void)argc;
  return 0;
#endif
}
Determining if the strncasecmp exist passed with the following output:
Change Dir: /home/jalil/Desktop/Never_list_MAIN/CoreParseLib/build/CMakeFiles/CMakeTmp

Run Build Command(s):/usr/bin/gmake -f Makefile cmTC_3a02f/fast && /usr/bin/gmake  -f CMakeFiles/cmTC_3a02f.dir/build.make CMakeFiles/cmTC_3a02f.dir/build
gmake[1]: Entering directory '/home/jalil/Desktop/Never_list_MAIN/CoreParseLib/build/CMakeFiles/CMakeTmp'
Building C object CMakeFiles/cmTC_3a02f.dir/CheckSymbolExists.c.o
/usr/bin/gcc -D_GNU_SOURCE  -fPIE -std=gnu11 -o CMakeFiles/cmTC_3a02f.dir/CheckSymbolExists.c.o -c /home/jalil/Desktop/Never_list_MAIN/CoreParseLib/build/CMakeFiles/CMakeTmp/CheckSymbolExists.c
Linking C executable cmTC_3a02f
/usr/bin/cmake -E cmake_link_script CMakeFiles/cmTC_3a02f.dir/link.txt --verbose=1
/usr/bin/gcc CMakeFiles/cmTC_3a02f.dir/CheckSymbolExists.c.o -o cmTC_3a02f  -lm 
gmake[1]: Leaving directory '/home/jalil/Desktop/Never_list_MAIN/CoreParseLib/build/CMakeFiles/CMakeTmp'


File /home/jalil/Desktop/Never_list_MAIN/CoreParseLib/build/CMakeFiles/CMakeTmp/CheckSymbolExists.c:
/* */
#include <strings.h>

int main(int argc, char** argv)
{
  (void)argv;
#ifndef strncasecmp
  return ((int*)(&strncasecmp))[argc];
#else
  (void)argc;
  return 0;
#endif
}
Determining if the strdup exist passed with the following output:
Change Dir: /home/jalil/Desktop/Never_list_MAIN/CoreParseLib/build/CMakeFiles/CMakeTmp

Run Build Command(s):/usr/bin/gmake -f Makefile cmTC_1c323/fast && /usr/bin/gmake  -f CMakeFiles/cmTC_1c323.dir/build.make CMakeFiles/cmTC_1c323.dir/build
gmake[1]: Entering directory '/home/jalil/Desktop/Never_list_MAIN/CoreParseLib/build/CMakeFiles/CMakeTmp'
Building C object CMakeFiles/cmTC_1c323.dir/CheckSymbolExists.c.o
/usr/bin/gcc -D_GNU_SOURCE  -fPIE -std=gnu11 -o CMakeFiles/cmTC_1c323.dir/CheckSymbolExists.c.o -c /home/jalil/Desktop/Never_list_MAIN/CoreParseLib/build/CMakeFiles/CMakeTmp/CheckSymbolExists.c
Linking C executable cmTC_1c323
/usr/bin/cmake -E cmake_link_script CMakeFiles/cmTC_1c323.dir/link.txt --verbose=1
/usr/bin/gcc CMakeFiles/cmTC_1c323.dir/CheckSymbolExists.c.o -o cmTC_1c323  -lm 
gmake[1]: Leaving directory '/home/jalil/Desktop/Never_list_MAIN/CoreParseLib/build/CMakeFiles/CMakeTmp'


File /home/jalil/Desktop/Never_list_MAIN/CoreParseLib/build/CMakeFiles/CMakeTmp/CheckSymbolExists.c:
/* */
#include <string.h>

int main(int argc, char** argv)
{
  (void)argv;
#ifndef strdup
  return ((int*)(&strdup))[argc];
#else
  (void)argc;
  return 0;
#endif
}
Determining if the strerror exist passed with the following output:
Change Dir: /home/jalil/Desktop/Never_list_MAIN/CoreParseLib/build/CMakeFiles/CMakeTmp

Run Build Command(s):/usr/bin/gmake -f Makefile cmTC_8d4a3/fast && /usr/bin/gmake  -f CMakeFiles/cmTC_8d4a3.dir/build.make CMakeFiles/cmTC_8d4a3.dir/build
gmake[1]: Entering directory '/home/jalil/Desktop/Never_list_MAIN/CoreParseLib/build/CMakeFiles/CMakeTmp'
Building C object CMakeFiles/cmTC_8d4a3.dir/CheckSymbolExists.c.o
/usr/bin/gcc -D_GNU_SOURCE  -fPIE -std=gnu11 -o CMakeFiles/cmTC_8d4a3.dir/CheckSymbolExists.c.o -c /home/jalil/Desktop/Never_list_MAIN/CoreParseLib/build/CMakeFiles/CMakeTmp/CheckSymbolExists.c
Linking C executable cmTC_8d4a3
/usr/bin/cmake -E cmake_link_script CMakeFiles/cmTC_8d4a3.dir/link.txt --verbose=1
/usr/bin/gcc CMakeFiles/cmTC_8d4a3.dir/CheckSymbolExists.c.o -o cmTC_8d4a3  -lm 
gmake[1]: Leaving directory '/home/jalil/Desktop/Never_list_MAIN/CoreParseLib/build/CMakeFiles/CMakeTmp'


File /home/jalil/Desktop/Never_list_MAIN/CoreParseLib/build/CMakeFiles/CMakeTmp/CheckSymbolExists.c:
/* */
#include <string.h>

int main(int argc, char** argv)
{
  (void)argv;
#ifndef strerror
  return ((int*)(&strerror))[argc];
#else
  (void)argc;
  return 0;
#endif
}
Determining if the vsyslog exist passed with the following output:
Change Dir: /home/jalil/Desktop/Never_list_MAIN/CoreParseLib/build/CMakeFiles/CMakeTmp

Run Build Command(s):/usr/bin/gmake -f Makefile cmTC_236aa/fast && /usr/bin/gmake  -f CMakeFiles/cmTC_236aa.dir/build.make CMakeFiles/cmTC_236aa.dir/build
gmake[1]: Entering directory '/home/jalil/Desktop/Never_list_MAIN/CoreParseLib/build/CMakeFiles/CMakeTmp'
Building C object CMakeFiles/cmTC_236aa.dir/CheckSymbolExists.c.o
/usr/bin/gcc -D_GNU_SOURCE  -fPIE -std=gnu11 -o CMakeFiles/cmTC_236aa.dir/CheckSymbolExists.c.o -c /home/jalil/Desktop/Never_list_MAIN/CoreParseLib/build/CMakeFiles/CMakeTmp/CheckSymbolExists.c
Linking C executable cmTC_236aa
/usr/bin/cmake -E cmake_link_script CMakeFiles/cmTC_236aa.dir/link.txt --verbose=1
/usr/bin/gcc CMakeFiles/cmTC_236aa.dir/CheckSymbolExists.c.o -o cmTC_236aa  -lm 
gmake[1]: Leaving directory '/home/jalil/Desktop/Never_list_MAIN/CoreParseLib/build/CMakeFiles/CMakeTmp'


File /home/jalil/Desktop/Never_list_MAIN/CoreParseLib/build/CMakeFiles/CMakeTmp/CheckSymbolExists.c:
/* */
#include <syslog.h>

int main(int argc, char** argv)
{
  (void)argv;
#ifndef vsyslog
  return ((int*)(&vsyslog))[argc];
#else
  (void)argc;
  return 0;
#endif
}
Determining if the getrandom exist passed with the following output:
Change Dir: /home/jalil/Desktop/Never_list_MAIN/CoreParseLib/build/CMakeFiles/CMakeTmp

Run Build Command(s):/usr/bin/gmake -f Makefile cmTC_5fe9a/fast && /usr/bin/gmake  -f CMakeFiles/cmTC_5fe9a.dir/build.make CMakeFiles/cmTC_5fe9a.dir/build
gmake[1]: Entering directory '/home/jalil/Desktop/Never_list_MAIN/CoreParseLib/build/CMakeFiles/CMakeTmp'
Building C object CMakeFiles/cmTC_5fe9a.dir/CheckSymbolExists.c.o
/usr/bin/gcc -D_GNU_SOURCE  -fPIE -std=gnu11 -o CMakeFiles/cmTC_5fe9a.dir/CheckSymbolExists.c.o -c /home/jalil/Desktop/Never_list_MAIN/CoreParseLib/build/CMakeFiles/CMakeTmp/CheckSymbolExists.c
Linking C executable cmTC_5fe9a
/usr/bin/cmake -E cmake_link_script CMakeFiles/cmTC_5fe9a.dir/link.txt --verbose=1
/usr/bin/gcc CMakeFiles/cmTC_5fe9a.dir/CheckSymbolExists.c.o -o cmTC_5fe9a  -lm 
gmake[1]: Leaving directory '/home/jalil/Desktop/Never_list_MAIN/CoreParseLib/build/CMakeFiles/CMakeTmp'


File /home/jalil/Desktop/Never_list_MAIN/CoreParseLib/build/CMakeFiles/CMakeTmp/CheckSymbolExists.c:
/* */
#include <sys/random.h>

int main(int argc, char** argv)
{
  (void)argv;
#ifndef getrandom
  return ((int*)(&getrandom))[argc];
#else
  (void)argc;
  return 0;
#endif
}
Determining if the getrusage exist passed with the following output:
Change Dir: /home/jalil/Desktop/Never_list_MAIN/CoreParseLib/build/CMakeFiles/CMakeTmp

Run Build Command(s):/usr/bin/gmake -f Makefile cmTC_cebf4/fast && /usr/bin/gmake  -f CMakeFiles/cmTC_cebf4.dir/build.make CMakeFiles/cmTC_cebf4.dir/build
gmake[1]: Entering directory '/home/jalil/Desktop/Never_list_MAIN/CoreParseLib/build/CMakeFiles/CMakeTmp'
Building C object CMakeFiles/cmTC_cebf4.dir/CheckSymbolExists.c.o
/usr/bin/gcc -D_GNU_SOURCE  -fPIE -std=gnu11 -o CMakeFiles/cmTC_cebf4.dir/CheckSymbolExists.c.o -c /home/jalil/Desktop/Never_list_MAIN/CoreParseLib/build/CMakeFiles/CMakeTmp/CheckSymbolExists.c
Linking C executable cmTC_cebf4
/usr/bin/cmake -E cmake_link_script CMakeFiles/cmTC_cebf4.dir/link.txt --verbose=1
/usr/bin/gcc CMakeFiles/cmTC_cebf4.dir/CheckSymbolExists.c.o -o cmTC_cebf4  -lm 
gmake[1]: Leaving directory '/home/jalil/Desktop/Never_list_MAIN/CoreParseLib/build/CMakeFiles/CMakeTmp'


File /home/jalil/Desktop/Never_list_MAIN/CoreParseLib/build/CMakeFiles/CMakeTmp/CheckSymbolExists.c:
/* */
#include <sys/resource.h>

int main(int argc, char** argv)
{
  (void)argv;
#ifndef getrusage
  return ((int*)(&getrusage))[argc];
#else
  (void)argc;
  return 0;
#endif
}
Determining if the strtoll exist passed with the following output:
Change Dir: /home/jalil/Desktop/Never_list_MAIN/CoreParseLib/build/CMakeFiles/CMakeTmp

Run Build Command(s):/usr/bin/gmake -f Makefile cmTC_208a3/fast && /usr/bin/gmake  -f CMakeFiles/cmTC_208a3.dir/build.make CMakeFiles/cmTC_208a3.dir/build
gmake[1]: Entering directory '/home/jalil/Desktop/Never_list_MAIN/CoreParseLib/build/CMakeFiles/CMakeTmp'
Building C object CMakeFiles/cmTC_208a3.dir/CheckSymbolExists.c.o
/usr/bin/gcc -D_GNU_SOURCE  -fPIE -std=gnu11 -o CMakeFiles/cmTC_208a3.dir/CheckSymbolExists.c.o -c /home/jalil/Desktop/Never_list_MAIN/CoreParseLib/build/CMakeFiles/CMakeTmp/CheckSymbolExists.c
Linking C executable cmTC_208a3
/usr/bin/cmake -E cmake_link_script CMakeFiles/cmTC_208a3.dir/link.txt --verbose=1
/usr/bin/gcc CMakeFiles/cmTC_208a3.dir/CheckSymbolExists.c.o -o cmTC_208a3  -lm 
gmake[1]: Leaving directory '/home/jalil/Desktop/Never_list_MAIN/CoreParseLib/build/CMakeFiles/CMakeTmp'


File /home/jalil/Desktop/Never_list_MAIN/CoreParseLib/build/CMakeFiles/CMakeTmp/CheckSymbolExists.c:
/* */
#include <stdlib.h>

int main(int argc, char** argv)
{
  (void)argv;
#ifndef strtoll
  return ((int*)(&strtoll))[argc];
#else
  (void)argc;
  return 0;
#endif
}
Determining if the strtoull exist passed with the following output:
Change Dir: /home/jalil/Desktop/Never_list_MAIN/CoreParseLib/build/CMakeFiles/CMakeTmp

Run Build Command(s):/usr/bin/gmake -f Makefile cmTC_03c35/fast && /usr/bin/gmake  -f CMakeFiles/cmTC_03c35.dir/build.make CMakeFiles/cmTC_03c35.dir/build
gmake[1]: Entering directory '/home/jalil/Desktop/Never_list_MAIN/CoreParseLib/build/CMakeFiles/CMakeTmp'
Building C object CMakeFiles/cmTC_03c35.dir/CheckSymbolExists.c.o
/usr/bin/gcc -D_GNU_SOURCE  -fPIE -std=gnu11 -o CMakeFiles/cmTC_03c35.dir/CheckSymbolExists.c.o -c /home/jalil/Desktop/Never_list_MAIN/CoreParseLib/build/CMakeFiles/CMakeTmp/CheckSymbolExists.c
Linking C executable cmTC_03c35
/usr/bin/cmake -E cmake_link_script CMakeFiles/cmTC_03c35.dir/link.txt --verbose=1
/usr/bin/gcc CMakeFiles/cmTC_03c35.dir/CheckSymbolExists.c.o -o cmTC_03c35  -lm 
gmake[1]: Leaving directory '/home/jalil/Desktop/Never_list_MAIN/CoreParseLib/build/CMakeFiles/CMakeTmp'


File /home/jalil/Desktop/Never_list_MAIN/CoreParseLib/build/CMakeFiles/CMakeTmp/CheckSymbolExists.c:
/* */
#include <stdlib.h>

int main(int argc, char** argv)
{
  (void)argv;
#ifndef strtoull
  return ((int*)(&strtoull))[argc];
#else
  (void)argc;
  return 0;
#endif
}
Determining if the include file stddef.h exists passed with the following output:
Change Dir: /home/jalil/Desktop/Never_list_MAIN/CoreParseLib/build/CMakeFiles/CMakeTmp

Run Build Command(s):/usr/bin/gmake -f Makefile cmTC_b755a/fast && /usr/bin/gmake  -f CMakeFiles/cmTC_b755a.dir/build.make CMakeFiles/cmTC_b755a.dir/build
gmake[1]: Entering directory '/home/jalil/Desktop/Never_list_MAIN/CoreParseLib/build/CMakeFiles/CMakeTmp'
Building C object CMakeFiles/cmTC_b755a.dir/CheckIncludeFile.c.o
/usr/bin/gcc -D_GNU_SOURCE  -fPIE -std=gnu11 -o CMakeFiles/cmTC_b755a.dir/CheckIncludeFile.c.o -c /home/jalil/Desktop/Never_list_MAIN/CoreParseLib/build/CMakeFiles/CMakeTmp/CheckIncludeFile.c
Linking C executable cmTC_b755a
/usr/bin/cmake -E cmake_link_script CMakeFiles/cmTC_b755a.dir/link.txt --verbose=1
/usr/bin/gcc CMakeFiles/cmTC_b755a.dir/CheckIncludeFile.c.o -o cmTC_b755a  -lm 
gmake[1]: Leaving directory '/home/jalil/Desktop/Never_list_MAIN/CoreParseLib/build/CMakeFiles/CMakeTmp'



Determining size of int passed with the following output:
Change Dir: /home/jalil/Desktop/Never_list_MAIN/CoreParseLib/build/CMakeFiles/CMakeTmp

Run Build Command(s):/usr/bin/gmake -f Makefile cmTC_54b63/fast && /usr/bin/gmake  -f CMakeFiles/cmTC_54b63.dir/build.make CMakeFiles/cmTC_54b63.dir/build
gmake[1]: Entering directory '/home/jalil/Desktop/Never_list_MAIN/CoreParseLib/build/CMakeFiles/CMakeTmp'
Building C object CMakeFiles/cmTC_54b63.dir/SIZEOF_INT.c.o
/usr/bin/gcc -D_GNU_SOURCE  -fPIE -std=gnu11 -o CMakeFiles/cmTC_54b63.dir/SIZEOF_INT.c.o -c /home/jalil/Desktop/Never_list_MAIN/CoreParseLib/build/CMakeFiles/CheckTypeSize/SIZEOF_INT.c
Linking C executable cmTC_54b63
/usr/bin/cmake -E cmake_link_script CMakeFiles/cmTC_54b63.dir/link.txt --verbose=1
/usr/bin/gcc CMakeFiles/cmTC_54b63.dir/SIZEOF_INT.c.o -o cmTC_54b63  -lm 
gmake[1]: Leaving directory '/home/jalil/Desktop/Never_list_MAIN/CoreParseLib/build/CMakeFiles/CMakeTmp'



Determining size of int64_t passed with the following output:
Change Dir: /home/jalil/Desktop/Never_list_MAIN/CoreParseLib/build/CMakeFiles/CMakeTmp

Run Build Command(s):/usr/bin/gmake -f Makefile cmTC_1fa40/fast && /usr/bin/gmake  -f CMakeFiles/cmTC_1fa40.dir/build.make CMakeFiles/cmTC_1fa40.dir/build
gmake[1]: Entering directory '/home/jalil/Desktop/Never_list_MAIN/CoreParseLib/build/CMakeFiles/CMakeTmp'
Building C object CMakeFiles/cmTC_1fa40.dir/SIZEOF_INT64_T.c.o
/usr/bin/gcc -D_GNU_SOURCE  -fPIE -std=gnu11 -o CMakeFiles/cmTC_1fa40.dir/SIZEOF_INT64_T.c.o -c /home/jalil/Desktop/Never_list_MAIN/CoreParseLib/build/CMakeFiles/CheckTypeSize/SIZEOF_INT64_T.c
Linking C executable cmTC_1fa40
/usr/bin/cmake -E cmake_link_script CMakeFiles/cmTC_1fa40.dir/link.txt --verbose=1
/usr/bin/gcc CMakeFiles/cmTC_1fa40.dir/SIZEOF_INT64_T.c.o -o cmTC_1fa40  -lm 
gmake[1]: Leaving directory '/home/jalil/Desktop/Never_list_MAIN/CoreParseLib/build/CMakeFiles/CMakeTmp'



Determining size of long passed with the following output:
Change Dir: /home/jalil/Desktop/Never_list_MAIN/CoreParseLib/build/CMakeFiles/CMakeTmp

Run Build Command(s):/usr/bin/gmake -f Makefile cmTC_63426/fast && /usr/bin/gmake  -f CMakeFiles/cmTC_63426.dir/build.make CMakeFiles/cmTC_63426.dir/build
gmake[1]: Entering directory '/home/jalil/Desktop/Never_list_MAIN/CoreParseLib/build/CMakeFiles/CMakeTmp'
Building C object CMakeFiles/cmTC_63426.dir/SIZEOF_LONG.c.o
/usr/bin/gcc -D_GNU_SOURCE  -fPIE -std=gnu11 -o CMakeFiles/cmTC_63426.dir/SIZEOF_LONG.c.o -c /home/jalil/Desktop/Never_list_MAIN/CoreParseLib/build/CMakeFiles/CheckTypeSize/SIZEOF_LONG.c
Linking C executable cmTC_63426
/usr/bin/cmake -E cmake_link_script CMakeFiles/cmTC_63426.dir/link.txt --verbose=1
/usr/bin/gcc CMakeFiles/cmTC_63426.dir/SIZEOF_LONG.c.o -o cmTC_63426  -lm 
gmake[1]: Leaving directory '/home/jalil/Desktop/Never_list_MAIN/CoreParseLib/build/CMakeFiles/CMakeTmp'



Determining size of long long passed with the following output:
Change Dir: /home/jalil/Desktop/Never_list_MAIN/CoreParseLib/build/CMakeFiles/CMakeTmp

Run Build Command(s):/usr/bin/gmake -f Makefile cmTC_6a255/fast && /usr/bin/gmake  -f CMakeFiles/cmTC_6a255.dir/build.make CMakeFiles/cmTC_6a255.dir/build
gmake[1]: Entering directory '/home/jalil/Desktop/Never_list_MAIN/CoreParseLib/build/CMakeFiles/CMakeTmp'
Building C object CMakeFiles/cmTC_6a255.dir/SIZEOF_LONG_LONG.c.o
/usr/bin/gcc -D_GNU_SOURCE  -fPIE -std=gnu11 -o CMakeFiles/cmTC_6a255.dir/SIZEOF_LONG_LONG.c.o -c /home/jalil/Desktop/Never_list_MAIN/CoreParseLib/build/CMakeFiles/CheckTypeSize/SIZEOF_LONG_LONG.c
Linking C executable cmTC_6a255
/usr/bin/cmake -E cmake_link_script CMakeFiles/cmTC_6a255.dir/link.txt --verbose=1
/usr/bin/gcc CMakeFiles/cmTC_6a255.dir/SIZEOF_LONG_LONG.c.o -o cmTC_6a255  -lm 
gmake[1]: Leaving directory '/home/jalil/Desktop/Never_list_MAIN/CoreParseLib/build/CMakeFiles/CMakeTmp'



Determining size of size_t passed with the following output:
Change Dir: /home/jalil/Desktop/Never_list_MAIN/CoreParseLib/build/CMakeFiles/CMakeTmp

Run Build Command(s):/usr/bin/gmake -f Makefile cmTC_fd9b6/fast && /usr/bin/gmake  -f CMakeFiles/cmTC_fd9b6.dir/build.make CMakeFiles/cmTC_fd9b6.dir/build
gmake[1]: Entering directory '/home/jalil/Desktop/Never_list_MAIN/CoreParseLib/build/CMakeFiles/CMakeTmp'
Building C object CMakeFiles/cmTC_fd9b6.dir/SIZEOF_SIZE_T.c.o
/usr/bin/gcc -D_GNU_SOURCE  -fPIE -std=gnu11 -o CMakeFiles/cmTC_fd9b6.dir/SIZEOF_SIZE_T.c.o -c /home/jalil/Desktop/Never_list_MAIN/CoreParseLib/build/CMakeFiles/CheckTypeSize/SIZEOF_SIZE_T.c
Linking C executable cmTC_fd9b6
/usr/bin/cmake -E cmake_link_script CMakeFiles/cmTC_fd9b6.dir/link.txt --verbose=1
/usr/bin/gcc CMakeFiles/cmTC_fd9b6.dir/SIZEOF_SIZE_T.c.o -o cmTC_fd9b6  -lm 
gmake[1]: Leaving directory '/home/jalil/Desktop/Never_list_MAIN/CoreParseLib/build/CMakeFiles/CMakeTmp'



Determining size of ssize_t passed with the following output:
Change Dir: /home/jalil/Desktop/Never_list_MAIN/CoreParseLib/build/CMakeFiles/CMakeTmp

Run Build Command(s):/usr/bin/gmake -f Makefile cmTC_04d38/fast && /usr/bin/gmake  -f CMakeFiles/cmTC_04d38.dir/build.make CMakeFiles/cmTC_04d38.dir/build
gmake[1]: Entering directory '/home/jalil/Desktop/Never_list_MAIN/CoreParseLib/build/CMakeFiles/CMakeTmp'
Building C object CMakeFiles/cmTC_04d38.dir/SIZEOF_SSIZE_T.c.o
/usr/bin/gcc -D_GNU_SOURCE  -fPIE -std=gnu11 -o CMakeFiles/cmTC_04d38.dir/SIZEOF_SSIZE_T.c.o -c /home/jalil/Desktop/Never_list_MAIN/CoreParseLib/build/CMakeFiles/CheckTypeSize/SIZEOF_SSIZE_T.c
Linking C executable cmTC_04d38
/usr/bin/cmake -E cmake_link_script CMakeFiles/cmTC_04d38.dir/link.txt --verbose=1
/usr/bin/gcc CMakeFiles/cmTC_04d38.dir/SIZEOF_SSIZE_T.c.o -o cmTC_04d38  -lm 
gmake[1]: Leaving directory '/home/jalil/Desktop/Never_list_MAIN/CoreParseLib/build/CMakeFiles/CMakeTmp'



Performing C SOURCE FILE Test HAVE_ATOMIC_BUILTINS succeeded with the following output:
Change Dir: /home/jalil/Desktop/Never_list_MAIN/CoreParseLib/build/CMakeFiles/CMakeTmp

Run Build Command(s):/usr/bin/gmake -f Makefile cmTC_3acb5/fast && /usr/bin/gmake  -f CMakeFiles/cmTC_3acb5.dir/build.make CMakeFiles/cmTC_3acb5.dir/build
gmake[1]: Entering directory '/home/jalil/Desktop/Never_list_MAIN/CoreParseLib/build/CMakeFiles/CMakeTmp'
Building C object CMakeFiles/cmTC_3acb5.dir/src.c.o
/usr/bin/gcc -DHAVE_ATOMIC_BUILTINS -D_GNU_SOURCE  -fPIE -std=gnu11 -o CMakeFiles/cmTC_3acb5.dir/src.c.o -c /home/jalil/Desktop/Never_list_MAIN/CoreParseLib/build/CMakeFiles/CMakeTmp/src.c
Linking C executable cmTC_3acb5
/usr/bin/cmake -E cmake_link_script CMakeFiles/cmTC_3acb5.dir/link.txt --verbose=1
/usr/bin/gcc CMakeFiles/cmTC_3acb5.dir/src.c.o -o cmTC_3acb5  -lm 
gmake[1]: Leaving directory '/home/jalil/Desktop/Never_list_MAIN/CoreParseLib/build/CMakeFiles/CMakeTmp'


Source file was:
int main() { int i, x = 0; i = __sync_add_and_fetch(&x,1); return x; }
Performing C SOURCE FILE Test HAVE___THREAD succeeded with the following output:
Change Dir: /home/jalil/Desktop/Never_list_MAIN/CoreParseLib/build/CMakeFiles/CMakeTmp

Run Build Command(s):/usr/bin/gmake -f Makefile cmTC_d9396/fast && /usr/bin/gmake  -f CMakeFiles/cmTC_d9396.dir/build.make CMakeFiles/cmTC_d9396.dir/build
gmake[1]: Entering directory '/home/jalil/Desktop/Never_list_MAIN/CoreParseLib/build/CMakeFiles/CMakeTmp'
Building C object CMakeFiles/cmTC_d9396.dir/src.c.o
/usr/bin/gcc -DHAVE___THREAD -D_GNU_SOURCE  -fPIE -std=gnu11 -o CMakeFiles/cmTC_d9396.dir/src.c.o -c /home/jalil/Desktop/Never_list_MAIN/CoreParseLib/build/CMakeFiles/CMakeTmp/src.c
Linking C executable cmTC_d9396
/usr/bin/cmake -E cmake_link_script CMakeFiles/cmTC_d9396.dir/link.txt --verbose=1
/usr/bin/gcc CMakeFiles/cmTC_d9396.dir/src.c.o -o cmTC_d9396  -lm 
gmake[1]: Leaving directory '/home/jalil/Desktop/Never_list_MAIN/CoreParseLib/build/CMakeFiles/CMakeTmp'


Source file was:
__thread int x = 0; int main() { return 0; }
Performing C SOURCE FILE Test REENTRANT_WORKS succeeded with the following output:
Change Dir: /home/jalil/Desktop/Never_list_MAIN/CoreParseLib/build/CMakeFiles/CMakeTmp

Run Build Command(s):/usr/bin/gmake -f Makefile cmTC_44469/fast && /usr/bin/gmake  -f CMakeFiles/cmTC_44469.dir/build.make CMakeFiles/cmTC_44469.dir/build
gmake[1]: Entering directory '/home/jalil/Desktop/Never_list_MAIN/CoreParseLib/build/CMakeFiles/CMakeTmp'
Building C object CMakeFiles/cmTC_44469.dir/src.c.o
/usr/bin/gcc -DREENTRANT_WORKS -D_GNU_SOURCE  -ffunction-sections -fdata-sections -Werror -Wall -Wcast-qual -Wno-error=deprecated-declarations -Wextra -Wwrite-strings -Wno-unused-parameter -Wstrict-prototypes  -fPIE -std=gnu11 -o CMakeFiles/cmTC_44469.dir/src.c.o -c /home/jalil/Desktop/Never_list_MAIN/CoreParseLib/build/CMakeFiles/CMakeTmp/src.c
Linking C executable cmTC_44469
/usr/bin/cmake -E cmake_link_script CMakeFiles/cmTC_44469.dir/link.txt --verbose=1
/usr/bin/gcc  -ffunction-sections -fdata-sections -Werror -Wall -Wcast-qual -Wno-error=deprecated-declarations -Wextra -Wwrite-strings -Wno-unused-parameter -Wstrict-prototypes  CMakeFiles/cmTC_44469.dir/src.c.o -o cmTC_44469  -lm 
gmake[1]: Leaving directory '/home/jalil/Desktop/Never_list_MAIN/CoreParseLib/build/CMakeFiles/CMakeTmp'


Source file was:

	/* uClibc toolchains without threading barf when _REENTRANT is defined */
	#define _REENTRANT 1
	#include <sys/types.h>
	int main (void)
	{
	  return 0;
	}
	
Performing C SOURCE FILE Test BSYMBOLIC_WORKS succeeded with the following output:
Change Dir: /home/jalil/Desktop/Never_list_MAIN/CoreParseLib/build/CMakeFiles/CMakeTmp

Run Build Command(s):/usr/bin/gmake -f Makefile cmTC_5be0a/fast && /usr/bin/gmake  -f CMakeFiles/cmTC_5be0a.dir/build.make CMakeFiles/cmTC_5be0a.dir/build
gmake[1]: Entering directory '/home/jalil/Desktop/Never_list_MAIN/CoreParseLib/build/CMakeFiles/CMakeTmp'
Building C object CMakeFiles/cmTC_5be0a.dir/src.c.o
/usr/bin/gcc -DBSYMBOLIC_WORKS -D_GNU_SOURCE  -ffunction-sections -fdata-sections -Werror -Wall -Wcast-qual -Wno-error=deprecated-declarations -Wextra -Wwrite-strings -Wno-unused-parameter -Wstrict-prototypes  -fPIE -std=gnu11 -o CMakeFiles/cmTC_5be0a.dir/src.c.o -c /home/jalil/Desktop/Never_list_MAIN/CoreParseLib/build/CMakeFiles/CMakeTmp/src.c
Linking C executable cmTC_5be0a
/usr/bin/cmake -E cmake_link_script CMakeFiles/cmTC_5be0a.dir/link.txt --verbose=1
/usr/bin/gcc  -ffunction-sections -fdata-sections -Werror -Wall -Wcast-qual -Wno-error=deprecated-declarations -Wextra -Wwrite-strings -Wno-unused-parameter -Wstrict-prototypes  CMakeFiles/cmTC_5be0a.dir/src.c.o -o cmTC_5be0a  -lm -Wl,-Bsymbolic-functions 
gmake[1]: Leaving directory '/home/jalil/Desktop/Never_list_MAIN/CoreParseLib/build/CMakeFiles/CMakeTmp'


Source file was:

	int main (void)
	{
	  return 0;
	}
	
Performing C SOURCE FILE Test VERSION_SCRIPT_WORKS succeeded with the following output:
Change Dir: /home/jalil/Desktop/Never_list_MAIN/CoreParseLib/build/CMakeFiles/CMakeTmp

Run Build Command(s):/usr/bin/gmake -f Makefile cmTC_8e8f8/fast && /usr/bin/gmake  -f CMakeFiles/cmTC_8e8f8.dir/build.make CMakeFiles/cmTC_8e8f8.dir/build
gmake[1]: Entering directory '/home/jalil/Desktop/Never_list_MAIN/CoreParseLib/build/CMakeFiles/CMakeTmp'
Building C object CMakeFiles/cmTC_8e8f8.dir/src.c.o
/usr/bin/gcc -DVERSION_SCRIPT_WORKS -D_GNU_SOURCE  -ffunction-sections -fdata-sections -Werror -Wall -Wcast-qual -Wno-error=deprecated-declarations -Wextra -Wwrite-strings -Wno-unused-parameter -Wstrict-prototypes  -fPIE -std=gnu11 -o CMakeFiles/cmTC_8e8f8.dir/src.c.o -c /home/jalil/Desktop/Never_list_MAIN/CoreParseLib/build/CMakeFiles/CMakeTmp/src.c
Linking C executable cmTC_8e8f8
/usr/bin/cmake -E cmake_link_script CMakeFiles/cmTC_8e8f8.dir/link.txt --verbose=1
/usr/bin/gcc  -ffunction-sections -fdata-sections -Werror -Wall -Wcast-qual -Wno-error=deprecated-declarations -Wextra -Wwrite-strings -Wno-unused-parameter -Wstrict-prototypes  CMakeFiles/cmTC_8e8f8.dir/src.c.o -o cmTC_8e8f8  -lm -Wl,--version-script,/home/jalil/Desktop/Never_list_MAIN/CoreParseLib/build/lib/json-c/check-version-script.sym 
gmake[1]: Leaving directory '/home/jalil/Desktop/Never_list_MAIN/CoreParseLib/build/CMakeFiles/CMakeTmp'


Source file was:

	int main (void)
	{
	  return 0;
	}
	
